[1.2.2019; 07:45:16]: id=1; Sergei Filippov
[1.2.2019; 07:46:56]: id=1; Sergei Filippov
[1.2.2019; 08:17:07]: id=33; vahta
[1.2.2019; 08:17:33]: id=33; vahta
[1.2.2019; 08:23:20]: id=4; Mark Marvakh
[1.2.2019; 08:41:58]: id=34; Maksim Novikov
[1.2.2019; 08:46:02]: id=5; Konstantin Amelichev
[1.2.2019; 08:56:58]: id=2; Dmitry Paramonov
[1.2.2019; 08:58:33]: id=15; Yuriy Gorbatko
[1.2.2019; 09:02:14]: id=26; Daniil Iglin
[1.2.2019; 09:23:57]: id=2; Dmitry Paramonov
[1.2.2019; 09:48:14]: id=1; Sergei Filippov
[1.2.2019; 09:54:04]: id=2; Dmitry Paramonov
[1.2.2019; 10:16:44]: id=34; Maksim Novikov
[1.2.2019; 10:47:00]: id=34; Maksim Novikov
[1.2.2019; 10:49:34]: id=22; Dmitry Paramonov
[1.2.2019; 10:49:52]: id=5; Konstantin Amelichev
[1.2.2019; 10:55:51]: id=1; Sergei Filippov
[1.2.2019; 11:05:13]: id=3; Dmitry Zair-Bek
[1.2.2019; 11:12:59]: id=26; Daniil Iglin
[1.2.2019; 11:13:47]: id=34; Maksim Novikov
[1.2.2019; 11:20:02]: id=26; Daniil Iglin
[1.2.2019; 11:42:31]: id=31; Alex Lastra-Grek
[1.2.2019; 11:58:00]: id=28; Maria Peskina
[1.2.2019; 12:09:53]: id=34; Maksim Novikov
[1.2.2019; 12:36:44]: id=34; Maksim Novikov
[1.2.2019; 12:44:37]: id=5; Konstantin Amelichev
[1.2.2019; 13:00:31]: id=31; Alex Lastra-Grek
[1.2.2019; 13:03:48]: id=34; Maksim Novikov
[1.2.2019; 13:17:43]: id=5; Konstantin Amelichev
[1.2.2019; 13:21:13]: id=5; Konstantin Amelichev
[1.2.2019; 13:42:26]: id=26; Daniil Iglin
[1.2.2019; 13:43:19]: id=5; Konstantin Amelichev
[1.2.2019; 13:43:30]: id=3; Dmitry Zair-Bek
[1.2.2019; 13:52:01]: id=1; Sergei Filippov
[1.2.2019; 13:53:10]: id=34; Maksim Novikov
[1.2.2019; 13:54:42]: id=5; Konstantin Amelichev
[1.2.2019; 13:59:20]: id=26; Daniil Iglin
[1.2.2019; 14:00:21]: id=11; Nikolay Gorelov
[1.2.2019; 14:08:06]: id=1; Sergei Filippov
[1.2.2019; 14:29:18]: id=26; Daniil Iglin
[1.2.2019; 14:50:58]: id=4; Mark Marvakh
[1.2.2019; 14:58:43]: id=2; Dmitry Paramonov
[1.2.2019; 15:45:42]: id=2; Dmitry Paramonov
[1.2.2019; 15:49:47]: id=1; Sergei Filippov
[1.2.2019; 15:58:04]: id=2; Dmitry Paramonov
[1.2.2019; 15:59:17]: id=2; Dmitry Paramonov
[1.2.2019; 16:22:32]: id=1; Sergei Filippov
[1.2.2019; 16:43:54]: id=1; Sergei Filippov
[1.2.2019; 16:49:38]: id=34; Maksim Novikov
[1.2.2019; 17:07:46]: id=3; Dmitry Zair-Bek
[1.2.2019; 17:13:54]: id=34; Maksim Novikov
[1.2.2019; 17:14:16]: id=2; Dmitry Paramonov
[1.2.2019; 17:24:29]: id=3; Dmitry Zair-Bek
[1.2.2019; 17:25:16]: id=1; Sergei Filippov
[1.2.2019; 17:57:04]: id=2; Dmitry Paramonov
[1.2.2019; 18:26:02]: id=34; Maksim Novikov
[1.2.2019; 18:38:47]: id=31; Alex Lastra-Grek
[1.2.2019; 18:41:23]: id=31; Alex Lastra-Grek
[1.2.2019; 18:44:43]: id=2; Dmitry Paramonov
[1.2.2019; 19:33:53]: id=1; Sergei Filippov
[1.2.2019; 19:39:26]: id=17; Temporary card
[1.2.2019; 19:41:46]: id=34; Maksim Novikov
[1.2.2019; 19:55:32]: id=34; Maksim Novikov
[1.2.2019; 19:56:40]: id=11; Nikolay Gorelov
[1.2.2019; 19:56:42]: id=11; Nikolay Gorelov
