[1.3.2019; 08:58:57]: id=21; Yuriy Vinarskiy
[1.3.2019; 09:08:11]: id=31; Alex Lastra-Grek
[1.3.2019; 09:14:11]: id=4; Mark Marvakh
[1.3.2019; 09:20:42]: id=4; Mark Marvakh
[1.3.2019; 09:22:45]: id=26; Daniil Iglin
[1.3.2019; 09:34:16]: id=26; Daniil Iglin
[1.3.2019; 10:06:32]: id=1; Sergei Filippov
[1.3.2019; 10:12:02]: id=1; Sergei Filippov
[1.3.2019; 10:49:34]: id=1; Sergei Filippov
[1.3.2019; 10:53:07]: id=1; Sergei Filippov
[1.3.2019; 10:55:16]: id=26; Daniil Iglin
[1.3.2019; 11:52:14]: id=31; Alex Lastra-Grek
[1.3.2019; 11:53:01]: id=26; Daniil Iglin
[1.3.2019; 11:53:03]: id=26; Daniil Iglin
[1.3.2019; 11:53:51]: id=1; Sergei Filippov
[1.3.2019; 12:42:49]: id=26; Daniil Iglin
[1.3.2019; 12:49:17]: id=38; Alexander Alexeev
[1.3.2019; 12:51:44]: id=21; Yuriy Vinarskiy
[1.3.2019; 13:02:29]: id=3; Dmitry Zair-Bek
[1.3.2019; 13:46:17]: id=3; Dmitry Zair-Bek
[1.3.2019; 13:46:39]: id=26; Daniil Iglin
[1.3.2019; 13:59:35]: id=1; Sergei Filippov
[1.3.2019; 14:21:01]: id=1; Sergei Filippov
[1.3.2019; 14:47:19]: id=1; Sergei Filippov
[1.3.2019; 14:49:17]: id=3; Dmitry Zair-Bek
[1.3.2019; 14:55:56]: id=17; Temporary card
[1.3.2019; 14:57:08]: id=31; Alex Lastra-Grek
[1.3.2019; 15:02:53]: id=17; Temporary card
[1.3.2019; 15:11:19]: id=17; Temporary card
[1.3.2019; 15:34:52]: id=1; Sergei Filippov
[1.3.2019; 15:53:38]: id=26; Daniil Iglin
[1.3.2019; 16:04:44]: id=17; Temporary card
[1.3.2019; 16:13:41]: id=1; Sergei Filippov
[1.3.2019; 16:21:39]: id=11; Nikolay Gorelov
[1.3.2019; 16:25:43]: id=31; Alex Lastra-Grek
[1.3.2019; 16:33:23]: id=26; Daniil Iglin
[1.3.2019; 16:35:32]: id=31; Alex Lastra-Grek
[1.3.2019; 16:59:18]: id=11; Nikolay Gorelov
[1.3.2019; 18:38:59]: id=26; Daniil Iglin
[1.3.2019; 18:42:18]: id=3; Dmitry Zair-Bek
[1.3.2019; 18:54:06]: id=31; Alex Lastra-Grek
[1.3.2019; 19:28:07]: id=3; Dmitry Zair-Bek
[1.3.2019; 20:24:04]: id=31; Alex Lastra-Grek
[1.3.2019; 20:37:03]: id=17; Temporary card
[1.3.2019; 20:59:02]: id=17; Temporary card
[1.3.2019; 21:09:42]: id=33; vahta
