[1.4.2019; 08:00:43]: id=1; Sergei Filippov
[1.4.2019; 08:04:37]: id=1; Sergei Filippov
[1.4.2019; 08:05:26]: id=1; Sergei Filippov
[1.4.2019; 08:05:58]: id=1; Sergei Filippov
[1.4.2019; 08:06:05]: id=1; Sergei Filippov
[1.4.2019; 08:06:10]: id=1; Sergei Filippov
[1.4.2019; 08:21:39]: id=27; Sergei Syrykh
[1.4.2019; 08:31:34]: id=33; vahta
[1.4.2019; 08:57:38]: id=34; Maksim Novikov
[1.4.2019; 09:00:52]: id=3; Dmitry Zair-Bek
[1.4.2019; 09:10:21]: id=2; Dmitry Paramonov
[1.4.2019; 09:44:45]: id=7; Vladimir Blagodarov
[1.4.2019; 09:56:23]: id=34; Maksim Novikov
[1.4.2019; 10:15:43]: id=33; vahta
[1.4.2019; 10:29:30]: id=5; Konstantin Amelichev
[1.4.2019; 10:57:33]: id=26; Daniil Iglin
[1.4.2019; 11:48:57]: id=2; Dmitry Paramonov
[1.4.2019; 11:50:24]: id=34; Maksim Novikov
[1.4.2019; 12:45:30]: id=2; Dmitry Paramonov
[1.4.2019; 12:50:58]: id=1; Sergei Filippov
[1.4.2019; 13:17:53]: id=34; Maksim Novikov
[1.4.2019; 13:18:00]: id=34; Maksim Novikov
[1.4.2019; 13:18:20]: id=34; Maksim Novikov
[1.4.2019; 13:18:32]: id=34; Maksim Novikov
[1.4.2019; 13:19:02]: id=5; Konstantin Amelichev
[1.4.2019; 13:19:05]: id=5; Konstantin Amelichev
[1.4.2019; 13:31:40]: id=34; Maksim Novikov
[1.4.2019; 13:39:46]: id=5; Konstantin Amelichev
[1.4.2019; 13:43:37]: id=3; Dmitry Zair-Bek
[1.4.2019; 13:51:00]: id=1; Sergei Filippov
[1.4.2019; 14:43:27]: id=36; Maxim Boyarsky
[1.4.2019; 14:44:57]: id=37; Vasily Suvorov
[1.4.2019; 14:46:16]: id=5; Konstantin Amelichev
[1.4.2019; 14:52:10]: id=1; Sergei Filippov
[1.4.2019; 14:57:34]: id=34; Maksim Novikov
[1.4.2019; 15:00:52]: id=5; Konstantin Amelichev
[1.4.2019; 15:03:17]: id=34; Maksim Novikov
[1.4.2019; 15:22:30]: id=3; Dmitry Zair-Bek
[1.4.2019; 15:29:23]: id=34; Maksim Novikov
[1.4.2019; 15:48:03]: id=2; Dmitry Paramonov
[1.4.2019; 15:52:36]: id=37; Vasily Suvorov
[1.4.2019; 15:55:28]: id=1; Sergei Filippov
[1.4.2019; 16:06:50]: id=37; Vasily Suvorov
[1.4.2019; 16:10:33]: id=34; Maksim Novikov
[1.4.2019; 16:22:15]: id=2; Dmitry Paramonov
[1.4.2019; 16:31:06]: id=2; Dmitry Paramonov
[1.4.2019; 16:40:29]: id=6; Roman Skibitskiy
[1.4.2019; 16:59:30]: id=1; Sergei Filippov
[1.4.2019; 17:47:53]: id=1; Sergei Filippov
[1.4.2019; 17:51:10]: id=2; Dmitry Paramonov
[1.4.2019; 17:59:45]: id=6; Roman Skibitskiy
[1.4.2019; 18:22:02]: id=7; Vladimir Blagodarov
[1.4.2019; 18:33:47]: id=1; Sergei Filippov
[1.4.2019; 18:52:23]: id=2; Dmitry Paramonov
[1.4.2019; 19:04:38]: id=6; Roman Skibitskiy
[1.4.2019; 19:21:28]: id=3; Dmitry Zair-Bek
[1.4.2019; 20:04:27]: id=5; Konstantin Amelichev
[1.4.2019; 20:04:32]: id=5; Konstantin Amelichev
[1.4.2019; 20:04:35]: id=5; Konstantin Amelichev
[1.4.2019; 20:04:37]: id=5; Konstantin Amelichev
[1.4.2019; 20:04:39]: id=5; Konstantin Amelichev
[1.4.2019; 20:04:41]: id=5; Konstantin Amelichev
[1.4.2019; 20:04:43]: id=5; Konstantin Amelichev
[1.4.2019; 20:04:45]: id=5; Konstantin Amelichev
[1.4.2019; 20:04:47]: id=5; Konstantin Amelichev
[1.4.2019; 20:04:50]: id=5; Konstantin Amelichev
[1.4.2019; 20:04:52]: id=5; Konstantin Amelichev
[1.4.2019; 20:43:53]: id=5; Konstantin Amelichev
[1.4.2019; 20:44:02]: id=5; Konstantin Amelichev
[1.4.2019; 20:44:04]: id=5; Konstantin Amelichev
[1.4.2019; 20:44:06]: id=5; Konstantin Amelichev
[1.4.2019; 20:44:54]: id=2; Dmitry Paramonov
[1.4.2019; 20:50:06]: id=5; Konstantin Amelichev
[1.4.2019; 20:50:23]: id=2; Dmitry Paramonov
[1.4.2019; 20:53:16]: id=5; Konstantin Amelichev
[1.4.2019; 20:53:20]: id=5; Konstantin Amelichev
[1.4.2019; 20:53:22]: id=5; Konstantin Amelichev
[1.4.2019; 20:53:24]: id=5; Konstantin Amelichev
[1.4.2019; 20:53:26]: id=5; Konstantin Amelichev
[1.4.2019; 21:17:37]: id=1; Sergei Filippov
[1.4.2019; 22:01:57]: id=5; Konstantin Amelichev
