[10.1.2019; 07:55:36]: id=1; Sergei Filippov
[10.1.2019; 09:23:13]: id=2; Dmitry Paramonov
[10.1.2019; 09:27:24]: id=2; Dmitry Paramonov
[10.1.2019; 09:27:40]: id=2; Dmitry Paramonov
[10.1.2019; 09:27:45]: id=2; Dmitry Paramonov
[10.1.2019; 09:55:44]: id=3; Dmitry Zair-Bek
[10.1.2019; 10:42:26]: id=1; Sergei Filippov
[10.1.2019; 10:44:44]: id=5; Konstantin Amelichev
[10.1.2019; 10:46:39]: id=14; Maksim Novikov
[10.1.2019; 11:57:04]: id=25; Irina Tomak
[10.1.2019; 12:02:34]: id=25; Irina Tomak
[10.1.2019; 12:44:19]: id=22; Dmitry Paramonov
[10.1.2019; 12:45:32]: id=15; Yuriy Gorbatko
[10.1.2019; 12:47:34]: id=1; Sergei Filippov
[10.1.2019; 13:08:30]: id=2; Dmitry Paramonov
[10.1.2019; 13:36:24]: id=2; Dmitry Paramonov
[10.1.2019; 13:41:13]: id=2; Dmitry Paramonov
[10.1.2019; 13:41:47]: id=3; Dmitry Zair-Bek
[10.1.2019; 13:42:05]: id=5; Konstantin Amelichev
[10.1.2019; 13:42:40]: id=3; Dmitry Zair-Bek
[10.1.2019; 13:47:38]: id=1; Sergei Filippov
[10.1.2019; 14:02:16]: id=1; Sergei Filippov
[10.1.2019; 14:06:56]: id=27; Sergei Syrykh
[10.1.2019; 14:36:05]: id=2; Dmitry Paramonov
[10.1.2019; 14:44:16]: id=5; Konstantin Amelichev
[10.1.2019; 14:52:42]: id=5; Konstantin Amelichev
[10.1.2019; 14:58:39]: id=14; Maksim Novikov
[10.1.2019; 15:03:58]: id=1; Sergei Filippov
[10.1.2019; 15:05:27]: id=31; Alex Lastra-Grek
[10.1.2019; 15:07:27]: id=1; Sergei Filippov
[10.1.2019; 15:27:05]: id=31; Alex Lastra-Grek
[10.1.2019; 15:47:01]: id=11; Nikolay Gorelov
[10.1.2019; 16:01:05]: id=31; Alex Lastra-Grek
[10.1.2019; 16:22:31]: id=2; Dmitry Paramonov
[10.1.2019; 16:22:36]: id=2; Dmitry Paramonov
[10.1.2019; 16:31:19]: id=31; Alex Lastra-Grek
[10.1.2019; 16:37:03]: id=31; Alex Lastra-Grek
[10.1.2019; 16:40:45]: id=31; Alex Lastra-Grek
[10.1.2019; 16:42:57]: id=31; Alex Lastra-Grek
[10.1.2019; 16:51:04]: id=3; Dmitry Zair-Bek
[10.1.2019; 17:09:34]: id=31; Alex Lastra-Grek
[10.1.2019; 17:39:11]: id=2; Dmitry Paramonov
[10.1.2019; 17:39:38]: id=31; Alex Lastra-Grek
[10.1.2019; 17:49:21]: id=22; Dmitry Paramonov
[10.1.2019; 17:50:16]: id=31; Alex Lastra-Grek
[10.1.2019; 17:54:42]: id=31; Alex Lastra-Grek
[10.1.2019; 17:56:11]: id=31; Alex Lastra-Grek
[10.1.2019; 17:57:59]: id=31; Alex Lastra-Grek
[10.1.2019; 18:04:34]: id=31; Alex Lastra-Grek
[10.1.2019; 19:02:33]: id=2; Dmitry Paramonov
[10.1.2019; 19:07:59]: id=3; Dmitry Zair-Bek
