[11.1.2019; 08:17:15]: id=33; vahta
[11.1.2019; 08:27:12]: id=5; Konstantin Amelichev
[11.1.2019; 08:35:11]: id=14; Maksim Novikov
[11.1.2019; 08:46:30]: id=1; Sergei Filippov
[11.1.2019; 08:51:16]: id=31; Alex Lastra-Grek
[11.1.2019; 08:51:59]: id=1; Sergei Filippov
[11.1.2019; 09:07:22]: id=3; Dmitry Zair-Bek
[11.1.2019; 09:08:32]: id=26; Daniil Iglin
[11.1.2019; 09:17:57]: id=22; Dmitry Paramonov
[11.1.2019; 09:49:19]: id=15; Yuriy Gorbatko
[11.1.2019; 09:54:52]: id=26; Daniil Iglin
[11.1.2019; 10:44:29]: id=22; Dmitry Paramonov
[11.1.2019; 10:45:33]: id=5; Konstantin Amelichev
[11.1.2019; 10:46:26]: id=3; Dmitry Zair-Bek
[11.1.2019; 10:47:07]: id=1; Sergei Filippov
[11.1.2019; 10:51:24]: id=11; Nikolay Gorelov
[11.1.2019; 11:00:34]: id=26; Daniil Iglin
[11.1.2019; 11:00:39]: id=26; Daniil Iglin
[11.1.2019; 11:02:59]: id=27; Sergei Syrykh
[11.1.2019; 11:06:37]: id=26; Daniil Iglin
[11.1.2019; 11:14:51]: id=27; Sergei Syrykh
[11.1.2019; 11:48:01]: id=26; Daniil Iglin
[11.1.2019; 11:51:27]: id=31; Alex Lastra-Grek
[11.1.2019; 11:54:22]: id=31; Alex Lastra-Grek
[11.1.2019; 11:54:40]: id=3; Dmitry Zair-Bek
[11.1.2019; 11:54:45]: id=3; Dmitry Zair-Bek
[11.1.2019; 12:00:44]: id=31; Alex Lastra-Grek
[11.1.2019; 12:03:14]: id=26; Daniil Iglin
[11.1.2019; 12:04:53]: id=31; Alex Lastra-Grek
[11.1.2019; 12:08:21]: id=26; Daniil Iglin
[11.1.2019; 12:12:19]: id=26; Daniil Iglin
[11.1.2019; 12:17:14]: id=31; Alex Lastra-Grek
[11.1.2019; 12:18:15]: id=26; Daniil Iglin
[11.1.2019; 12:20:20]: id=14; Maksim Novikov
[11.1.2019; 12:30:07]: id=27; Sergei Syrykh
[11.1.2019; 12:37:12]: id=31; Alex Lastra-Grek
[11.1.2019; 12:42:19]: id=22; Dmitry Paramonov
[11.1.2019; 12:43:04]: id=26; Daniil Iglin
[11.1.2019; 12:43:35]: id=1; Sergei Filippov
[11.1.2019; 12:52:15]: id=26; Daniil Iglin
[11.1.2019; 12:53:28]: id=31; Alex Lastra-Grek
[11.1.2019; 12:55:10]: id=26; Daniil Iglin
[11.1.2019; 13:00:15]: id=14; Maksim Novikov
[11.1.2019; 13:01:32]: id=31; Alex Lastra-Grek
[11.1.2019; 13:01:51]: id=14; Maksim Novikov
[11.1.2019; 13:04:52]: id=31; Alex Lastra-Grek
[11.1.2019; 13:07:17]: id=26; Daniil Iglin
[11.1.2019; 13:22:23]: id=31; Alex Lastra-Grek
[11.1.2019; 13:25:32]: id=31; Alex Lastra-Grek
[11.1.2019; 13:38:29]: id=3; Dmitry Zair-Bek
[11.1.2019; 13:40:44]: id=3; Dmitry Zair-Bek
[11.1.2019; 13:41:28]: id=3; Dmitry Zair-Bek
[11.1.2019; 13:42:46]: id=3; Dmitry Zair-Bek
[11.1.2019; 13:44:07]: id=5; Konstantin Amelichev
[11.1.2019; 13:45:18]: id=3; Dmitry Zair-Bek
[11.1.2019; 13:55:09]: id=26; Daniil Iglin
[11.1.2019; 13:59:46]: id=1; Sergei Filippov
[11.1.2019; 14:00:42]: id=3; Dmitry Zair-Bek
[11.1.2019; 14:04:45]: id=2; Dmitry Paramonov
[11.1.2019; 14:09:03]: id=2; Dmitry Paramonov
[11.1.2019; 14:39:35]: id=2; Dmitry Paramonov
[11.1.2019; 14:44:06]: id=3; Dmitry Zair-Bek
[11.1.2019; 14:44:51]: id=1; Sergei Filippov
[11.1.2019; 14:45:04]: id=22; Dmitry Paramonov
[11.1.2019; 14:48:44]: id=2; Dmitry Paramonov
[11.1.2019; 14:49:29]: id=3; Dmitry Zair-Bek
[11.1.2019; 14:58:02]: id=1; Sergei Filippov
[11.1.2019; 14:59:34]: id=2; Dmitry Paramonov
[11.1.2019; 15:02:13]: id=1; Sergei Filippov
[11.1.2019; 15:13:19]: id=14; Maksim Novikov
[11.1.2019; 15:23:37]: id=11; Nikolay Gorelov
[11.1.2019; 15:24:42]: id=31; Alex Lastra-Grek
[11.1.2019; 15:25:33]: id=26; Daniil Iglin
[11.1.2019; 15:40:48]: id=26; Daniil Iglin
[11.1.2019; 15:54:19]: id=2; Dmitry Paramonov
[11.1.2019; 15:54:37]: id=14; Maksim Novikov
[11.1.2019; 16:07:21]: id=1; Sergei Filippov
[11.1.2019; 16:09:00]: id=2; Dmitry Paramonov
[11.1.2019; 16:12:02]: id=31; Alex Lastra-Grek
[11.1.2019; 16:15:11]: id=26; Daniil Iglin
[11.1.2019; 16:16:58]: id=26; Daniil Iglin
[11.1.2019; 16:40:57]: id=3; Dmitry Zair-Bek
[11.1.2019; 17:04:04]: id=3; Dmitry Zair-Bek
[11.1.2019; 17:24:27]: id=14; Maksim Novikov
[11.1.2019; 17:26:09]: id=1; Sergei Filippov
[11.1.2019; 17:44:44]: id=14; Maksim Novikov
[11.1.2019; 17:55:23]: id=1; Sergei Filippov
[11.1.2019; 17:56:42]: id=1; Sergei Filippov
[11.1.2019; 19:41:44]: id=2; Dmitry Paramonov
[11.1.2019; 19:41:54]: id=1; Sergei Filippov
[11.1.2019; 19:44:27]: id=22; Dmitry Paramonov
[11.1.2019; 19:45:26]: id=2; Dmitry Paramonov
[11.1.2019; 19:53:09]: id=2; Dmitry Paramonov
[11.1.2019; 19:56:17]: id=2; Dmitry Paramonov
[11.1.2019; 20:46:28]: id=31; Alex Lastra-Grek
