[11.2.2019; 07:46:29]: id=1; Sergei Filippov
[11.2.2019; 07:51:09]: id=1; Sergei Filippov
[11.2.2019; 08:22:12]: id=33; vahta
[11.2.2019; 08:50:59]: id=34; Maksim Novikov
[11.2.2019; 08:52:09]: id=15; Yuriy Gorbatko
[11.2.2019; 08:57:52]: id=34; Maksim Novikov
[11.2.2019; 10:23:06]: id=5; Konstantin Amelichev
[11.2.2019; 10:49:29]: id=3; Dmitry Zair-Bek
[11.2.2019; 11:01:23]: id=1; Sergei Filippov
[11.2.2019; 11:12:02]: id=23; Igor Kornev
[11.2.2019; 11:12:04]: id=23; Igor Kornev
[11.2.2019; 11:31:11]: id=4; Mark Marvakh
[11.2.2019; 11:46:57]: id=3; Dmitry Zair-Bek
[11.2.2019; 11:53:58]: id=34; Maksim Novikov
[11.2.2019; 11:58:45]: id=3; Dmitry Zair-Bek
[11.2.2019; 12:24:09]: id=7; Vladimir Blagodarov
[11.2.2019; 12:41:58]: id=34; Maksim Novikov
[11.2.2019; 13:40:54]: id=11; Nikolay Gorelov
[11.2.2019; 13:49:37]: id=3; Dmitry Zair-Bek
[11.2.2019; 14:18:34]: id=7; Vladimir Blagodarov
[11.2.2019; 14:25:08]: id=5; Konstantin Amelichev
[11.2.2019; 14:31:56]: id=1; Sergei Filippov
[11.2.2019; 14:44:20]: id=11; Nikolay Gorelov
[11.2.2019; 14:51:24]: id=34; Maksim Novikov
[11.2.2019; 14:52:40]: id=3; Dmitry Zair-Bek
[11.2.2019; 15:02:34]: id=1; Sergei Filippov
[11.2.2019; 15:05:22]: id=28; Maria Peskina
[11.2.2019; 15:08:03]: id=3; Dmitry Zair-Bek
[11.2.2019; 15:08:55]: id=1; Sergei Filippov
[11.2.2019; 15:08:57]: id=1; Sergei Filippov
[11.2.2019; 15:12:15]: id=31; Alex Lastra-Grek
[11.2.2019; 15:22:46]: id=1; Sergei Filippov
[11.2.2019; 15:33:04]: id=34; Maksim Novikov
[11.2.2019; 16:09:13]: id=11; Nikolay Gorelov
[11.2.2019; 16:12:45]: id=1; Sergei Filippov
[11.2.2019; 16:13:51]: id=5; Konstantin Amelichev
[11.2.2019; 16:21:39]: id=1; Sergei Filippov
[11.2.2019; 17:16:07]: id=5; Konstantin Amelichev
[11.2.2019; 17:17:40]: id=6; Roman Skibitskiy
[11.2.2019; 17:52:04]: id=1; Sergei Filippov
[11.2.2019; 18:21:03]: id=3; Dmitry Zair-Bek
[11.2.2019; 18:33:59]: id=5; Konstantin Amelichev
[11.2.2019; 18:34:32]: id=28; Maria Peskina
[11.2.2019; 19:10:10]: id=6; Roman Skibitskiy
[11.2.2019; 19:39:12]: id=7; Vladimir Blagodarov
[11.2.2019; 21:54:27]: id=6; Roman Skibitskiy
[11.2.2019; 21:56:56]: id=6; Roman Skibitskiy
