[12.2.2019; 08:23:35]: id=33; vahta
[12.2.2019; 08:45:52]: id=34; Maksim Novikov
[12.2.2019; 09:06:39]: id=3; Dmitry Zair-Bek
[12.2.2019; 09:48:43]: id=26; Daniil Iglin
[12.2.2019; 09:51:14]: id=26; Daniil Iglin
[12.2.2019; 09:55:04]: id=34; Maksim Novikov
[12.2.2019; 10:02:58]: id=34; Maksim Novikov
[12.2.2019; 10:03:05]: id=1; Sergei Filippov
[12.2.2019; 10:06:04]: id=1; Sergei Filippov
[12.2.2019; 10:08:48]: id=13; medical
[12.2.2019; 10:27:08]: id=34; Maksim Novikov
[12.2.2019; 10:30:31]: id=4; Mark Marvakh
[12.2.2019; 10:46:19]: id=34; Maksim Novikov
[12.2.2019; 10:49:38]: id=5; Konstantin Amelichev
[12.2.2019; 10:52:05]: id=1; Sergei Filippov
[12.2.2019; 11:01:51]: id=26; Daniil Iglin
[12.2.2019; 11:48:56]: id=1; Sergei Filippov
[12.2.2019; 12:47:20]: id=5; Konstantin Amelichev
[12.2.2019; 12:51:47]: id=4; Mark Marvakh
[12.2.2019; 12:58:28]: id=4; Mark Marvakh
[12.2.2019; 13:45:45]: id=15; Yuriy Gorbatko
[12.2.2019; 13:51:32]: id=1; Sergei Filippov
[12.2.2019; 14:40:11]: id=4; Mark Marvakh
[12.2.2019; 14:46:02]: id=3; Dmitry Zair-Bek
[12.2.2019; 14:46:18]: id=5; Konstantin Amelichev
[12.2.2019; 14:48:21]: id=1; Sergei Filippov
[12.2.2019; 14:57:07]: id=1; Sergei Filippov
[12.2.2019; 14:59:49]: id=5; Konstantin Amelichev
[12.2.2019; 15:24:08]: id=1; Sergei Filippov
[12.2.2019; 15:40:54]: id=31; Alex Lastra-Grek
[12.2.2019; 15:46:22]: id=34; Maksim Novikov
[12.2.2019; 15:47:36]: id=3; Dmitry Zair-Bek
[12.2.2019; 15:52:03]: id=5; Konstantin Amelichev
[12.2.2019; 15:54:15]: id=31; Alex Lastra-Grek
[12.2.2019; 15:59:44]: id=3; Dmitry Zair-Bek
[12.2.2019; 16:02:00]: id=5; Konstantin Amelichev
[12.2.2019; 16:02:51]: id=5; Konstantin Amelichev
[12.2.2019; 16:09:01]: id=1; Sergei Filippov
[12.2.2019; 16:10:27]: id=34; Maksim Novikov
[12.2.2019; 16:13:29]: id=34; Maksim Novikov
[12.2.2019; 16:24:21]: id=34; Maksim Novikov
[12.2.2019; 16:32:23]: id=34; Maksim Novikov
[12.2.2019; 16:32:25]: id=34; Maksim Novikov
[12.2.2019; 16:49:31]: id=11; Nikolay Gorelov
[12.2.2019; 16:51:17]: id=34; Maksim Novikov
[12.2.2019; 16:55:05]: id=15; Yuriy Gorbatko
[12.2.2019; 16:57:15]: id=34; Maksim Novikov
[12.2.2019; 17:01:57]: id=34; Maksim Novikov
[12.2.2019; 17:03:36]: id=1; Sergei Filippov
[12.2.2019; 17:31:48]: id=34; Maksim Novikov
[12.2.2019; 17:34:53]: id=34; Maksim Novikov
[12.2.2019; 17:35:02]: id=1; Sergei Filippov
[12.2.2019; 17:35:24]: id=15; Yuriy Gorbatko
[12.2.2019; 17:48:11]: id=15; Yuriy Gorbatko
[12.2.2019; 17:48:57]: id=1; Sergei Filippov
[12.2.2019; 18:18:51]: id=1; Sergei Filippov
[12.2.2019; 18:23:07]: id=1; Sergei Filippov
[12.2.2019; 18:28:12]: id=5; Konstantin Amelichev
[12.2.2019; 18:32:43]: id=5; Konstantin Amelichev
