[13.2.2019; 07:51:10]: id=34; Maksim Novikov
[13.2.2019; 07:53:19]: id=34; Maksim Novikov
[13.2.2019; 07:55:43]: id=1; Sergei Filippov
[13.2.2019; 07:59:42]: id=1; Sergei Filippov
[13.2.2019; 07:59:50]: id=34; Maksim Novikov
[13.2.2019; 08:00:59]: id=34; Maksim Novikov
[13.2.2019; 08:07:21]: id=1; Sergei Filippov
[13.2.2019; 08:37:16]: id=34; Maksim Novikov
[13.2.2019; 08:46:30]: id=34; Maksim Novikov
[13.2.2019; 08:47:23]: id=5; Konstantin Amelichev
[13.2.2019; 09:04:20]: id=3; Dmitry Zair-Bek
[13.2.2019; 09:47:17]: id=26; Daniil Iglin
[13.2.2019; 09:48:58]: id=3; Dmitry Zair-Bek
[13.2.2019; 09:49:55]: id=5; Konstantin Amelichev
[13.2.2019; 10:43:42]: id=5; Konstantin Amelichev
[13.2.2019; 10:45:02]: id=26; Daniil Iglin
[13.2.2019; 10:56:25]: id=1; Sergei Filippov
[13.2.2019; 11:52:22]: id=31; Alex Lastra-Grek
[13.2.2019; 12:03:19]: id=11; Nikolay Gorelov
[13.2.2019; 12:32:20]: id=34; Maksim Novikov
[13.2.2019; 12:48:14]: id=34; Maksim Novikov
[13.2.2019; 12:48:16]: id=34; Maksim Novikov
[13.2.2019; 12:56:26]: id=34; Maksim Novikov
[13.2.2019; 12:57:30]: id=11; Nikolay Gorelov
[13.2.2019; 13:42:22]: id=5; Konstantin Amelichev
[13.2.2019; 13:43:07]: id=3; Dmitry Zair-Bek
[13.2.2019; 13:43:54]: id=1; Sergei Filippov
[13.2.2019; 13:46:00]: id=34; Maksim Novikov
[13.2.2019; 13:54:10]: id=26; Daniil Iglin
[13.2.2019; 13:55:00]: id=26; Daniil Iglin
[13.2.2019; 14:24:39]: id=34; Maksim Novikov
[13.2.2019; 14:49:11]: id=3; Dmitry Zair-Bek
[13.2.2019; 14:49:20]: id=1; Sergei Filippov
[13.2.2019; 14:52:42]: id=5; Konstantin Amelichev
[13.2.2019; 14:57:29]: id=5; Konstantin Amelichev
[13.2.2019; 15:05:22]: id=5; Konstantin Amelichev
[13.2.2019; 15:11:37]: id=5; Konstantin Amelichev
[13.2.2019; 15:41:28]: id=31; Alex Lastra-Grek
[13.2.2019; 16:16:29]: id=17; Temporary card
[13.2.2019; 16:29:04]: id=31; Alex Lastra-Grek
[13.2.2019; 16:43:31]: id=1; Sergei Filippov
[13.2.2019; 16:50:56]: id=1; Sergei Filippov
[13.2.2019; 16:53:53]: id=31; Alex Lastra-Grek
[13.2.2019; 16:59:15]: id=31; Alex Lastra-Grek
[13.2.2019; 17:01:54]: id=21; Yuriy Vinarskiy
[13.2.2019; 17:11:38]: id=21; Yuriy Vinarskiy
[13.2.2019; 17:20:49]: id=26; Daniil Iglin
[13.2.2019; 17:35:09]: id=26; Daniil Iglin
[13.2.2019; 17:46:26]: id=26; Daniil Iglin
[13.2.2019; 18:00:20]: id=34; Maksim Novikov
[13.2.2019; 18:04:42]: id=31; Alex Lastra-Grek
[13.2.2019; 18:12:55]: id=31; Alex Lastra-Grek
[13.2.2019; 18:22:50]: id=31; Alex Lastra-Grek
[13.2.2019; 18:26:29]: id=31; Alex Lastra-Grek
[13.2.2019; 18:27:29]: id=31; Alex Lastra-Grek
[13.2.2019; 18:29:50]: id=31; Alex Lastra-Grek
[13.2.2019; 18:31:39]: id=31; Alex Lastra-Grek
[13.2.2019; 18:33:54]: id=31; Alex Lastra-Grek
[13.2.2019; 18:35:20]: id=31; Alex Lastra-Grek
[13.2.2019; 18:41:45]: id=31; Alex Lastra-Grek
[13.2.2019; 18:45:00]: id=31; Alex Lastra-Grek
[13.2.2019; 18:50:43]: id=26; Daniil Iglin
[13.2.2019; 19:00:31]: id=31; Alex Lastra-Grek
[13.2.2019; 19:03:09]: id=26; Daniil Iglin
[13.2.2019; 19:07:23]: id=31; Alex Lastra-Grek
[13.2.2019; 19:35:57]: id=33; vahta
[13.2.2019; 20:08:47]: id=7; Vladimir Blagodarov
