[14.1.2019; 07:41:30]: id=1; Sergei Filippov
[14.1.2019; 07:51:53]: id=27; Sergei Syrykh
[14.1.2019; 08:02:50]: id=33; vahta
[14.1.2019; 08:15:28]: id=4; Mark Marvakh
[14.1.2019; 08:23:53]: id=27; Sergei Syrykh
[14.1.2019; 08:27:26]: id=27; Sergei Syrykh
[14.1.2019; 08:53:39]: id=15; Yuriy Gorbatko
[14.1.2019; 08:57:52]: id=3; Dmitry Zair-Bek
[14.1.2019; 09:26:59]: id=22; Dmitry Paramonov
[14.1.2019; 09:45:35]: id=26; Daniil Iglin
[14.1.2019; 09:45:40]: id=26; Daniil Iglin
[14.1.2019; 10:06:12]: id=5; Konstantin Amelichev
[14.1.2019; 10:16:28]: id=27; Sergei Syrykh
[14.1.2019; 10:22:00]: id=15; Yuriy Gorbatko
[14.1.2019; 10:25:13]: id=27; Sergei Syrykh
[14.1.2019; 10:28:39]: id=15; Yuriy Gorbatko
[14.1.2019; 10:40:04]: id=27; Sergei Syrykh
[14.1.2019; 10:46:48]: id=2; Dmitry Paramonov
[14.1.2019; 10:48:03]: id=27; Sergei Syrykh
[14.1.2019; 10:55:54]: id=27; Sergei Syrykh
[14.1.2019; 11:13:20]: id=33; vahta
[14.1.2019; 11:37:43]: id=27; Sergei Syrykh
[14.1.2019; 11:49:35]: id=1; Sergei Filippov
[14.1.2019; 11:58:51]: id=4; Mark Marvakh
[14.1.2019; 12:09:57]: id=27; Sergei Syrykh
[14.1.2019; 13:34:42]: id=5; Konstantin Amelichev
[14.1.2019; 13:44:13]: id=15; Yuriy Gorbatko
[14.1.2019; 14:17:41]: id=2; Dmitry Paramonov
[14.1.2019; 14:38:56]: id=27; Sergei Syrykh
[14.1.2019; 14:39:51]: id=25; Irina Tomak
[14.1.2019; 14:41:28]: id=27; Sergei Syrykh
[14.1.2019; 14:44:34]: id=15; Yuriy Gorbatko
[14.1.2019; 15:03:12]: id=27; Sergei Syrykh
[14.1.2019; 15:09:37]: id=3; Dmitry Zair-Bek
[14.1.2019; 15:32:01]: id=1; Sergei Filippov
[14.1.2019; 15:36:34]: id=5; Konstantin Amelichev
[14.1.2019; 15:54:35]: id=3; Dmitry Zair-Bek
[14.1.2019; 16:17:04]: id=3; Dmitry Zair-Bek
[14.1.2019; 16:17:34]: id=1; Sergei Filippov
[14.1.2019; 16:18:44]: id=2; Dmitry Paramonov
[14.1.2019; 16:21:04]: id=1; Sergei Filippov
[14.1.2019; 16:21:38]: id=3; Dmitry Zair-Bek
[14.1.2019; 16:31:18]: id=33; vahta
[14.1.2019; 16:33:13]: id=1; Sergei Filippov
[14.1.2019; 16:39:47]: id=1; Sergei Filippov
[14.1.2019; 16:41:12]: id=6; Roman Skibitskiy
[14.1.2019; 16:52:19]: id=1; Sergei Filippov
[14.1.2019; 16:53:44]: id=5; Konstantin Amelichev
[14.1.2019; 17:07:06]: id=5; Konstantin Amelichev
[14.1.2019; 17:10:10]: id=5; Konstantin Amelichev
[14.1.2019; 19:07:12]: id=1; Sergei Filippov
[14.1.2019; 19:14:57]: id=2; Dmitry Paramonov
[14.1.2019; 19:21:48]: id=5; Konstantin Amelichev
[14.1.2019; 19:21:53]: id=5; Konstantin Amelichev
[14.1.2019; 19:29:03]: id=5; Konstantin Amelichev
[14.1.2019; 20:00:40]: id=6; Roman Skibitskiy
[14.1.2019; 20:02:12]: id=1; Sergei Filippov
[14.1.2019; 20:06:05]: id=5; Konstantin Amelichev
[14.1.2019; 20:08:42]: id=1; Sergei Filippov
