[14.2.2019; 08:21:01]: id=34; Maksim Novikov
[14.2.2019; 08:27:14]: id=34; Maksim Novikov
[14.2.2019; 08:53:10]: id=15; Yuriy Gorbatko
[14.2.2019; 09:01:00]: id=3; Dmitry Zair-Bek
[14.2.2019; 09:05:44]: id=26; Daniil Iglin
[14.2.2019; 09:23:37]: id=1; Sergei Filippov
[14.2.2019; 09:50:59]: id=3; Dmitry Zair-Bek
[14.2.2019; 09:54:09]: id=28; Maria Peskina
[14.2.2019; 10:42:38]: id=1; Sergei Filippov
[14.2.2019; 10:48:20]: id=17; Temporary card
[14.2.2019; 10:49:44]: id=26; Daniil Iglin
[14.2.2019; 11:04:54]: id=34; Maksim Novikov
[14.2.2019; 11:29:25]: id=34; Maksim Novikov
[14.2.2019; 11:30:24]: id=34; Maksim Novikov
[14.2.2019; 11:32:09]: id=34; Maksim Novikov
[14.2.2019; 11:48:02]: id=26; Daniil Iglin
[14.2.2019; 12:43:48]: id=3; Dmitry Zair-Bek
[14.2.2019; 12:45:36]: id=11; Nikolay Gorelov
[14.2.2019; 12:50:41]: id=26; Daniil Iglin
[14.2.2019; 13:00:44]: id=1; Sergei Filippov
[14.2.2019; 13:17:53]: id=1; Sergei Filippov
[14.2.2019; 13:48:38]: id=15; Yuriy Gorbatko
[14.2.2019; 13:52:12]: id=15; Yuriy Gorbatko
[14.2.2019; 14:02:28]: id=26; Daniil Iglin
[14.2.2019; 14:05:59]: id=1; Sergei Filippov
[14.2.2019; 14:16:01]: id=1; Sergei Filippov
[14.2.2019; 14:26:07]: id=26; Daniil Iglin
[14.2.2019; 14:41:05]: id=1; Sergei Filippov
[14.2.2019; 14:57:35]: id=7; Vladimir Blagodarov
[14.2.2019; 15:00:58]: id=26; Daniil Iglin
[14.2.2019; 15:02:03]: id=34; Maksim Novikov
[14.2.2019; 15:25:18]: id=31; Alex Lastra-Grek
[14.2.2019; 15:51:44]: id=31; Alex Lastra-Grek
[14.2.2019; 15:57:01]: id=26; Daniil Iglin
[14.2.2019; 16:01:37]: id=1; Sergei Filippov
[14.2.2019; 16:03:16]: id=3; Dmitry Zair-Bek
[14.2.2019; 16:08:10]: id=31; Alex Lastra-Grek
[14.2.2019; 16:10:29]: id=31; Alex Lastra-Grek
