[15.1.2019; 07:56:37]: id=1; Sergei Filippov
[15.1.2019; 08:13:32]: id=33; vahta
[15.1.2019; 08:18:05]: id=1; Sergei Filippov
[15.1.2019; 08:30:25]: id=4; Mark Marvakh
[15.1.2019; 08:48:23]: id=3; Dmitry Zair-Bek
[15.1.2019; 08:50:32]: id=5; Konstantin Amelichev
[15.1.2019; 09:09:19]: id=27; Sergei Syrykh
[15.1.2019; 09:43:11]: id=1; Sergei Filippov
[15.1.2019; 10:51:14]: id=2; Dmitry Paramonov
[15.1.2019; 10:52:28]: id=5; Konstantin Amelichev
[15.1.2019; 10:59:52]: id=31; Alex Lastra-Grek
[15.1.2019; 11:13:44]: id=31; Alex Lastra-Grek
[15.1.2019; 11:13:49]: id=31; Alex Lastra-Grek
[15.1.2019; 11:47:30]: id=31; Alex Lastra-Grek
[15.1.2019; 11:50:13]: id=3; Dmitry Zair-Bek
[15.1.2019; 11:56:44]: id=11; Nikolay Gorelov
[15.1.2019; 12:26:34]: id=15; Yuriy Gorbatko
[15.1.2019; 12:42:13]: id=2; Dmitry Paramonov
[15.1.2019; 12:42:16]: id=2; Dmitry Paramonov
[15.1.2019; 12:42:18]: id=22; Dmitry Paramonov
[15.1.2019; 12:42:20]: id=2; Dmitry Paramonov
[15.1.2019; 12:42:50]: id=2; Dmitry Paramonov
[15.1.2019; 12:52:23]: id=5; Konstantin Amelichev
[15.1.2019; 13:38:00]: id=26; Daniil Iglin
[15.1.2019; 13:46:09]: id=5; Konstantin Amelichev
[15.1.2019; 13:48:47]: id=1; Sergei Filippov
[15.1.2019; 13:56:50]: id=2; Dmitry Paramonov
[15.1.2019; 14:02:41]: id=4; Mark Marvakh
[15.1.2019; 14:44:34]: id=4; Mark Marvakh
[15.1.2019; 14:46:52]: id=5; Konstantin Amelichev
[15.1.2019; 15:03:32]: id=1; Sergei Filippov
[15.1.2019; 15:06:55]: id=1; Sergei Filippov
[15.1.2019; 15:07:01]: id=1; Sergei Filippov
[15.1.2019; 15:35:12]: id=26; Daniil Iglin
[15.1.2019; 15:49:35]: id=11; Nikolay Gorelov
[15.1.2019; 15:54:08]: id=31; Alex Lastra-Grek
[15.1.2019; 16:00:27]: id=31; Alex Lastra-Grek
[15.1.2019; 16:01:37]: id=2; Dmitry Paramonov
[15.1.2019; 16:01:57]: id=5; Konstantin Amelichev
[15.1.2019; 16:05:53]: id=5; Konstantin Amelichev
[15.1.2019; 16:09:01]: id=22; Dmitry Paramonov
[15.1.2019; 16:09:40]: id=11; Nikolay Gorelov
[15.1.2019; 16:28:01]: id=26; Daniil Iglin
[15.1.2019; 16:28:37]: id=1; Sergei Filippov
[15.1.2019; 17:11:03]: id=2; Dmitry Paramonov
[15.1.2019; 18:03:54]: id=5; Konstantin Amelichev
[15.1.2019; 18:15:52]: id=31; Alex Lastra-Grek
[15.1.2019; 18:17:09]: id=31; Alex Lastra-Grek
[15.1.2019; 18:20:52]: id=34; Maksim Novikov
[15.1.2019; 18:22:17]: id=31; Alex Lastra-Grek
[15.1.2019; 18:28:32]: id=31; Alex Lastra-Grek
[15.1.2019; 19:08:22]: id=5; Konstantin Amelichev
[15.1.2019; 19:10:57]: id=5; Konstantin Amelichev
[15.1.2019; 19:47:42]: id=3; Dmitry Zair-Bek
[15.1.2019; 22:06:01]: id=33; vahta
[15.1.2019; 22:06:45]: id=33; vahta
