[15.2.2019; 08:18:46]: id=33; vahta
[15.2.2019; 08:54:19]: id=15; Yuriy Gorbatko
[15.2.2019; 08:56:43]: id=4; Mark Marvakh
[15.2.2019; 11:59:28]: id=31; Alex Lastra-Grek
[15.2.2019; 12:03:36]: id=31; Alex Lastra-Grek
[15.2.2019; 12:25:32]: id=1; Sergei Filippov
[15.2.2019; 12:26:26]: id=15; Yuriy Gorbatko
[15.2.2019; 12:42:29]: id=17; Temporary card
[15.2.2019; 12:45:08]: id=3; Dmitry Zair-Bek
[15.2.2019; 13:55:37]: id=31; Alex Lastra-Grek
[15.2.2019; 14:08:32]: id=3; Dmitry Zair-Bek
[15.2.2019; 14:32:34]: id=34; Maksim Novikov
[15.2.2019; 14:35:55]: id=34; Maksim Novikov
[15.2.2019; 15:11:38]: id=34; Maksim Novikov
[15.2.2019; 15:28:58]: id=34; Maksim Novikov
[15.2.2019; 16:17:56]: id=4; Mark Marvakh
[15.2.2019; 16:23:25]: id=1; Sergei Filippov
[15.2.2019; 16:23:54]: id=4; Mark Marvakh
[15.2.2019; 16:40:45]: id=1; Sergei Filippov
[15.2.2019; 17:23:25]: id=7; Vladimir Blagodarov
[15.2.2019; 19:06:40]: id=1; Sergei Filippov
[15.2.2019; 19:09:22]: id=1; Sergei Filippov
