[15.4.2019; 08:19:27]: id=4; Mark Marvakh
[15.4.2019; 09:28:20]: id=26; Daniil Iglin
[15.4.2019; 10:32:51]: id=4; Mark Marvakh
[15.4.2019; 10:38:41]: id=4; Mark Marvakh
[15.4.2019; 10:39:36]: id=1; Sergei Filippov
[15.4.2019; 11:37:11]: id=33; vahta
[15.4.2019; 11:58:04]: id=33; vahta
[15.4.2019; 11:58:06]: id=33; vahta
[15.4.2019; 12:03:37]: id=3; Dmitry Zair-Bek
[15.4.2019; 12:49:22]: id=15; Yuriy Gorbatko
[15.4.2019; 13:41:35]: id=15; Yuriy Gorbatko
[15.4.2019; 13:50:53]: id=37; Vasily Suvorov
[15.4.2019; 13:52:50]: id=37; Vasily Suvorov
[15.4.2019; 13:58:31]: id=7; Vladimir Blagodarov
[15.4.2019; 14:25:20]: id=3; Dmitry Zair-Bek
[15.4.2019; 14:44:08]: id=37; Vasily Suvorov
[15.4.2019; 15:16:01]: id=4; Mark Marvakh
[15.4.2019; 15:26:42]: id=28; Maria Peskina
[15.4.2019; 15:35:53]: id=3; Dmitry Zair-Bek
[15.4.2019; 15:46:25]: id=1; Sergei Filippov
[15.4.2019; 15:47:34]: id=37; Vasily Suvorov
[15.4.2019; 16:53:16]: id=6; Roman Skibitskiy
[15.4.2019; 16:56:22]: id=1; Sergei Filippov
[15.4.2019; 16:56:26]: id=1; Sergei Filippov
[15.4.2019; 17:01:32]: id=7; Vladimir Blagodarov
[15.4.2019; 17:05:01]: id=1; Sergei Filippov
[15.4.2019; 17:05:03]: id=1; Sergei Filippov
[15.4.2019; 17:05:05]: id=1; Sergei Filippov
[15.4.2019; 17:05:07]: id=1; Sergei Filippov
[15.4.2019; 17:05:09]: id=1; Sergei Filippov
[15.4.2019; 17:05:11]: id=1; Sergei Filippov
[15.4.2019; 17:05:14]: id=1; Sergei Filippov
[15.4.2019; 17:05:16]: id=1; Sergei Filippov
[15.4.2019; 17:05:20]: id=1; Sergei Filippov
[15.4.2019; 17:05:22]: id=1; Sergei Filippov
[15.4.2019; 17:05:24]: id=1; Sergei Filippov
[15.4.2019; 17:05:27]: id=1; Sergei Filippov
[15.4.2019; 17:54:11]: id=37; Vasily Suvorov
[15.4.2019; 17:59:51]: id=6; Roman Skibitskiy
[15.4.2019; 18:04:26]: id=37; Vasily Suvorov
[15.4.2019; 18:04:44]: id=26; Daniil Iglin
[15.4.2019; 18:17:56]: id=1; Sergei Filippov
[15.4.2019; 18:38:15]: id=6; Roman Skibitskiy
[15.4.2019; 18:50:31]: id=1; Sergei Filippov
[15.4.2019; 18:50:36]: id=1; Sergei Filippov
[15.4.2019; 19:09:34]: id=6; Roman Skibitskiy
[15.4.2019; 19:30:50]: id=6; Roman Skibitskiy
[15.4.2019; 19:55:25]: id=1; Sergei Filippov
[15.4.2019; 20:23:39]: id=6; Roman Skibitskiy
[15.4.2019; 20:23:48]: id=6; Roman Skibitskiy
[15.4.2019; 20:40:41]: id=6; Roman Skibitskiy
[15.4.2019; 21:05:04]: id=6; Roman Skibitskiy
[15.4.2019; 21:11:04]: id=3; Dmitry Zair-Bek
