[15.5.2019; 09:38:35]: id=2; Dmitry Paramonov
[15.5.2019; 09:39:19]: id=2; Dmitry Paramonov
[15.5.2019; 09:49:26]: id=5; Konstantin Amelichev
[15.5.2019; 09:50:44]: id=1; Sergei Filippov
[15.5.2019; 09:50:46]: id=1; Sergei Filippov
[15.5.2019; 09:52:00]: id=16; Sofia Rosenblum
[15.5.2019; 10:46:07]: id=2; Dmitry Paramonov
[15.5.2019; 10:48:07]: id=1; Sergei Filippov
[15.5.2019; 10:53:29]: id=1; Sergei Filippov
[15.5.2019; 11:49:27]: id=2; Dmitry Paramonov
[15.5.2019; 11:49:31]: id=5; Konstantin Amelichev
[15.5.2019; 12:48:42]: id=34; Maksim Novikov
[15.5.2019; 13:40:56]: id=37; Vasily Suvorov
[15.5.2019; 13:41:46]: id=5; Konstantin Amelichev
[15.5.2019; 13:42:52]: id=2; Dmitry Paramonov
[15.5.2019; 13:46:51]: id=5; Konstantin Amelichev
[15.5.2019; 13:47:02]: id=5; Konstantin Amelichev
[15.5.2019; 13:48:02]: id=34; Maksim Novikov
[15.5.2019; 13:59:56]: id=3; Dmitry Zair-Bek
[15.5.2019; 14:38:29]: id=3; Dmitry Zair-Bek
[15.5.2019; 14:39:56]: id=34; Maksim Novikov
[15.5.2019; 14:50:20]: id=5; Konstantin Amelichev
[15.5.2019; 14:50:23]: id=5; Konstantin Amelichev
[15.5.2019; 14:50:25]: id=5; Konstantin Amelichev
[15.5.2019; 14:50:55]: id=3; Dmitry Zair-Bek
[15.5.2019; 15:01:20]: id=3; Dmitry Zair-Bek
[15.5.2019; 15:02:55]: id=26; Daniil Iglin
[15.5.2019; 15:14:05]: id=2; Dmitry Paramonov
[15.5.2019; 15:36:09]: id=3; Dmitry Zair-Bek
[15.5.2019; 15:47:18]: id=37; Vasily Suvorov
[15.5.2019; 16:43:39]: id=1; Sergei Filippov
[15.5.2019; 16:47:15]: id=1; Sergei Filippov
