[16.1.2019; 07:25:59]: id=3; Dmitry Zair-Bek
[16.1.2019; 07:57:11]: id=1; Sergei Filippov
[16.1.2019; 08:03:57]: id=1; Sergei Filippov
[16.1.2019; 08:16:30]: id=33; vahta
[16.1.2019; 08:19:48]: id=5; Konstantin Amelichev
[16.1.2019; 08:54:18]: id=27; Sergei Syrykh
[16.1.2019; 09:19:44]: id=2; Dmitry Paramonov
[16.1.2019; 09:50:07]: id=5; Konstantin Amelichev
[16.1.2019; 09:50:18]: id=3; Dmitry Zair-Bek
[16.1.2019; 09:52:06]: id=2; Dmitry Paramonov
[16.1.2019; 09:56:04]: id=26; Daniil Iglin
[16.1.2019; 10:05:34]: id=27; Sergei Syrykh
[16.1.2019; 10:11:08]: id=13; medical
[16.1.2019; 10:23:16]: id=27; Sergei Syrykh
[16.1.2019; 10:37:20]: id=27; Sergei Syrykh
[16.1.2019; 10:38:51]: id=27; Sergei Syrykh
[16.1.2019; 10:41:00]: id=1; Sergei Filippov
[16.1.2019; 10:50:32]: id=1; Sergei Filippov
[16.1.2019; 10:55:39]: id=27; Sergei Syrykh
[16.1.2019; 11:15:18]: id=13; medical
[16.1.2019; 11:28:16]: id=28; Maria Peskina
[16.1.2019; 11:31:19]: id=28; Maria Peskina
[16.1.2019; 11:46:06]: id=27; Sergei Syrykh
[16.1.2019; 11:55:25]: id=26; Daniil Iglin
[16.1.2019; 12:06:16]: id=27; Sergei Syrykh
[16.1.2019; 12:13:33]: id=15; Yuriy Gorbatko
[16.1.2019; 12:20:18]: id=26; Daniil Iglin
[16.1.2019; 12:37:03]: id=25; Irina Tomak
[16.1.2019; 12:43:56]: id=5; Konstantin Amelichev
[16.1.2019; 12:46:38]: id=26; Daniil Iglin
[16.1.2019; 12:53:14]: id=25; Irina Tomak
[16.1.2019; 13:27:31]: id=25; Irina Tomak
[16.1.2019; 13:36:40]: id=26; Daniil Iglin
[16.1.2019; 13:39:22]: id=3; Dmitry Zair-Bek
[16.1.2019; 13:39:39]: id=5; Konstantin Amelichev
[16.1.2019; 13:39:56]: id=2; Dmitry Paramonov
[16.1.2019; 13:49:34]: id=1; Sergei Filippov
[16.1.2019; 13:55:57]: id=15; Yuriy Gorbatko
[16.1.2019; 13:57:31]: id=26; Daniil Iglin
[16.1.2019; 14:16:43]: id=27; Sergei Syrykh
[16.1.2019; 14:30:17]: id=26; Daniil Iglin
[16.1.2019; 14:33:54]: id=26; Daniil Iglin
[16.1.2019; 14:46:46]: id=3; Dmitry Zair-Bek
[16.1.2019; 14:48:02]: id=26; Daniil Iglin
[16.1.2019; 14:50:26]: id=1; Sergei Filippov
[16.1.2019; 14:58:08]: id=2; Dmitry Paramonov
[16.1.2019; 15:01:14]: id=3; Dmitry Zair-Bek
[16.1.2019; 15:09:31]: id=3; Dmitry Zair-Bek
[16.1.2019; 15:25:49]: id=1; Sergei Filippov
[16.1.2019; 15:57:32]: id=31; Alex Lastra-Grek
[16.1.2019; 15:58:09]: id=26; Daniil Iglin
[16.1.2019; 16:01:07]: id=31; Alex Lastra-Grek
[16.1.2019; 16:12:56]: id=1; Sergei Filippov
[16.1.2019; 16:16:51]: id=3; Dmitry Zair-Bek
[16.1.2019; 16:18:12]: id=2; Dmitry Paramonov
[16.1.2019; 16:21:19]: id=3; Dmitry Zair-Bek
[16.1.2019; 16:25:14]: id=3; Dmitry Zair-Bek
[16.1.2019; 16:33:57]: id=3; Dmitry Zair-Bek
[16.1.2019; 16:34:16]: id=27; Sergei Syrykh
[16.1.2019; 16:51:31]: id=2; Dmitry Paramonov
[16.1.2019; 16:59:32]: id=26; Daniil Iglin
[16.1.2019; 16:59:37]: id=26; Daniil Iglin
[16.1.2019; 16:59:47]: id=31; Alex Lastra-Grek
[16.1.2019; 17:12:54]: id=31; Alex Lastra-Grek
[16.1.2019; 17:19:54]: id=27; Sergei Syrykh
[16.1.2019; 17:25:04]: id=26; Daniil Iglin
[16.1.2019; 17:33:15]: id=26; Daniil Iglin
[16.1.2019; 17:38:56]: id=31; Alex Lastra-Grek
[16.1.2019; 18:05:52]: id=31; Alex Lastra-Grek
[16.1.2019; 18:53:27]: id=26; Daniil Iglin
[16.1.2019; 18:55:10]: id=26; Daniil Iglin
[16.1.2019; 19:00:40]: id=31; Alex Lastra-Grek
[16.1.2019; 19:05:50]: id=31; Alex Lastra-Grek
[16.1.2019; 19:07:34]: id=3; Dmitry Zair-Bek
[16.1.2019; 21:34:10]: id=33; vahta
