[16.4.2019; 08:02:16]: id=33; vahta
[16.4.2019; 08:30:48]: id=1; Sergei Filippov
[16.4.2019; 08:46:07]: id=37; Vasily Suvorov
[16.4.2019; 08:52:27]: id=33; vahta
[16.4.2019; 09:02:09]: id=33; vahta
[16.4.2019; 09:03:15]: id=28; Maria Peskina
[16.4.2019; 09:04:03]: id=3; Dmitry Zair-Bek
[16.4.2019; 09:05:29]: id=3; Dmitry Zair-Bek
[16.4.2019; 09:11:14]: id=34; Maksim Novikov
[16.4.2019; 09:22:37]: id=33; vahta
[16.4.2019; 09:28:48]: id=33; vahta
[16.4.2019; 09:31:09]: id=33; vahta
[16.4.2019; 09:36:04]: id=33; vahta
[16.4.2019; 10:33:11]: id=34; Maksim Novikov
[16.4.2019; 10:45:27]: id=2; Dmitry Paramonov
[16.4.2019; 10:45:42]: id=3; Dmitry Zair-Bek
[16.4.2019; 10:50:43]: id=4; Mark Marvakh
[16.4.2019; 11:48:49]: id=34; Maksim Novikov
[16.4.2019; 11:54:30]: id=1; Sergei Filippov
[16.4.2019; 12:44:37]: id=3; Dmitry Zair-Bek
[16.4.2019; 12:45:36]: id=1; Sergei Filippov
[16.4.2019; 12:53:03]: id=28; Maria Peskina
[16.4.2019; 13:19:06]: id=3; Dmitry Zair-Bek
[16.4.2019; 13:40:31]: id=26; Daniil Iglin
[16.4.2019; 13:42:07]: id=4; Mark Marvakh
[16.4.2019; 13:44:07]: id=3; Dmitry Zair-Bek
[16.4.2019; 13:45:26]: id=33; vahta
[16.4.2019; 13:46:22]: id=2; Dmitry Paramonov
[16.4.2019; 13:48:03]: id=37; Vasily Suvorov
[16.4.2019; 13:50:09]: id=1; Sergei Filippov
[16.4.2019; 13:56:52]: id=26; Daniil Iglin
[16.4.2019; 14:17:39]: id=1; Sergei Filippov
[16.4.2019; 14:39:42]: id=34; Maksim Novikov
[16.4.2019; 14:46:00]: id=1; Sergei Filippov
[16.4.2019; 14:52:23]: id=4; Mark Marvakh
[16.4.2019; 15:47:08]: id=34; Maksim Novikov
[16.4.2019; 16:34:57]: id=34; Maksim Novikov
[16.4.2019; 16:36:31]: id=34; Maksim Novikov
[16.4.2019; 16:38:17]: id=34; Maksim Novikov
[16.4.2019; 16:38:42]: id=1; Sergei Filippov
[16.4.2019; 18:40:00]: id=11; Nikolay Gorelov
[16.4.2019; 18:43:54]: id=11; Nikolay Gorelov
[16.4.2019; 18:49:30]: id=11; Nikolay Gorelov
[16.4.2019; 20:30:34]: id=33; vahta
