[16.5.2019; 07:59:13]: id=33; vahta
[16.5.2019; 08:02:56]: id=33; vahta
[16.5.2019; 08:32:57]: id=34; Maksim Novikov
[16.5.2019; 08:33:52]: id=4; Mark Marvakh
[16.5.2019; 08:51:38]: id=34; Maksim Novikov
[16.5.2019; 09:04:58]: id=26; Daniil Iglin
[16.5.2019; 09:12:31]: id=15; Yuriy Gorbatko
[16.5.2019; 09:19:52]: id=2; Dmitry Paramonov
[16.5.2019; 09:31:32]: id=2; Dmitry Paramonov
[16.5.2019; 09:55:26]: id=2; Dmitry Paramonov
[16.5.2019; 09:57:32]: id=3; Dmitry Zair-Bek
[16.5.2019; 09:58:21]: id=1; Sergei Filippov
[16.5.2019; 10:09:34]: id=2; Dmitry Paramonov
[16.5.2019; 10:14:28]: id=16; Sofia Rosenblum
[16.5.2019; 10:18:19]: id=11; Nikolay Gorelov
[16.5.2019; 10:30:57]: id=2; Dmitry Paramonov
[16.5.2019; 10:33:33]: id=27; Sergei Syrykh
[16.5.2019; 10:48:18]: id=34; Maksim Novikov
[16.5.2019; 11:01:33]: id=16; Sofia Rosenblum
[16.5.2019; 11:56:20]: id=34; Maksim Novikov
[16.5.2019; 11:57:47]: id=34; Maksim Novikov
[16.5.2019; 12:06:42]: id=34; Maksim Novikov
[16.5.2019; 12:13:42]: id=15; Yuriy Gorbatko
[16.5.2019; 12:26:00]: id=34; Maksim Novikov
[16.5.2019; 12:32:39]: id=33; vahta
[16.5.2019; 12:35:19]: id=15; Yuriy Gorbatko
[16.5.2019; 12:38:41]: id=37; Vasily Suvorov
[16.5.2019; 12:39:54]: id=34; Maksim Novikov
[16.5.2019; 12:42:43]: id=3; Dmitry Zair-Bek
[16.5.2019; 12:46:01]: id=2; Dmitry Paramonov
[16.5.2019; 13:02:06]: id=26; Daniil Iglin
[16.5.2019; 13:25:19]: id=15; Yuriy Gorbatko
[16.5.2019; 13:40:33]: id=28; Maria Peskina
[16.5.2019; 13:47:08]: id=1; Sergei Filippov
[16.5.2019; 13:50:29]: id=34; Maksim Novikov
[16.5.2019; 13:51:54]: id=15; Yuriy Gorbatko
[16.5.2019; 14:10:03]: id=15; Yuriy Gorbatko
[16.5.2019; 14:41:39]: id=37; Vasily Suvorov
[16.5.2019; 14:43:13]: id=34; Maksim Novikov
[16.5.2019; 14:44:07]: id=3; Dmitry Zair-Bek
[16.5.2019; 14:49:12]: id=2; Dmitry Paramonov
[16.5.2019; 14:52:51]: id=15; Yuriy Gorbatko
[16.5.2019; 14:53:32]: id=34; Maksim Novikov
[16.5.2019; 14:58:14]: id=15; Yuriy Gorbatko
[16.5.2019; 15:11:22]: id=1; Sergei Filippov
[16.5.2019; 15:33:08]: id=25; Irina Tomak
[16.5.2019; 15:39:41]: id=3; Dmitry Zair-Bek
[16.5.2019; 16:21:29]: id=1; Sergei Filippov
[16.5.2019; 17:41:59]: id=15; Yuriy Gorbatko
[16.5.2019; 17:54:09]: id=1; Sergei Filippov
[16.5.2019; 17:54:11]: id=1; Sergei Filippov
[16.5.2019; 17:55:35]: id=1; Sergei Filippov
[16.5.2019; 17:55:38]: id=1; Sergei Filippov
[16.5.2019; 17:55:40]: id=1; Sergei Filippov
[16.5.2019; 17:55:42]: id=1; Sergei Filippov
[16.5.2019; 17:55:50]: id=1; Sergei Filippov
[16.5.2019; 17:56:28]: id=1; Sergei Filippov
[16.5.2019; 18:28:13]: id=33; vahta
[16.5.2019; 22:05:07]: id=33; vahta
