[17.1.2019; 07:58:15]: id=1; Sergei Filippov
[17.1.2019; 08:19:05]: id=4; Mark Marvakh
[17.1.2019; 08:22:52]: id=33; vahta
[17.1.2019; 08:23:26]: id=33; vahta
[17.1.2019; 08:28:00]: id=5; Konstantin Amelichev
[17.1.2019; 08:41:16]: id=7; Vladimir Blagodarov
[17.1.2019; 08:55:25]: id=31; Alex Lastra-Grek
[17.1.2019; 08:58:24]: id=34; Maksim Novikov
[17.1.2019; 09:02:54]: id=26; Daniil Iglin
[17.1.2019; 09:13:10]: id=7; Vladimir Blagodarov
[17.1.2019; 09:31:54]: id=10; Sergei Skvortsov
[17.1.2019; 09:32:30]: id=7; Vladimir Blagodarov
[17.1.2019; 09:33:34]: id=10; Sergei Skvortsov
[17.1.2019; 09:48:35]: id=26; Daniil Iglin
[17.1.2019; 09:49:20]: id=31; Alex Lastra-Grek
[17.1.2019; 09:55:35]: id=1; Sergei Filippov
[17.1.2019; 09:59:56]: id=7; Vladimir Blagodarov
[17.1.2019; 10:16:18]: id=7; Vladimir Blagodarov
[17.1.2019; 10:18:13]: id=7; Vladimir Blagodarov
[17.1.2019; 10:44:27]: id=17; Temporary card
[17.1.2019; 10:50:18]: id=1; Sergei Filippov
[17.1.2019; 10:55:18]: id=7; Vladimir Blagodarov
[17.1.2019; 11:19:41]: id=7; Vladimir Blagodarov
[17.1.2019; 11:26:03]: id=7; Vladimir Blagodarov
[17.1.2019; 11:26:50]: id=7; Vladimir Blagodarov
[17.1.2019; 11:46:15]: id=15; Yuriy Gorbatko
[17.1.2019; 12:00:02]: id=15; Yuriy Gorbatko
[17.1.2019; 12:01:30]: id=15; Yuriy Gorbatko
[17.1.2019; 12:03:46]: id=15; Yuriy Gorbatko
[17.1.2019; 12:21:02]: id=17; Temporary card
[17.1.2019; 12:26:54]: id=17; Temporary card
[17.1.2019; 12:28:27]: id=17; Temporary card
[17.1.2019; 12:42:35]: id=5; Konstantin Amelichev
[17.1.2019; 12:51:18]: id=4; Mark Marvakh
[17.1.2019; 13:05:51]: id=24; Arkadiy Gordon
[17.1.2019; 13:36:02]: id=17; Temporary card
[17.1.2019; 13:40:07]: id=5; Konstantin Amelichev
[17.1.2019; 13:42:34]: id=33; vahta
[17.1.2019; 13:52:37]: id=26; Daniil Iglin
[17.1.2019; 13:56:09]: id=1; Sergei Filippov
[17.1.2019; 14:48:04]: id=31; Alex Lastra-Grek
[17.1.2019; 14:59:41]: id=26; Daniil Iglin
[17.1.2019; 14:59:58]: id=5; Konstantin Amelichev
[17.1.2019; 15:06:26]: id=31; Alex Lastra-Grek
[17.1.2019; 15:06:56]: id=5; Konstantin Amelichev
[17.1.2019; 15:11:06]: id=17; Temporary card
[17.1.2019; 15:12:12]: id=31; Alex Lastra-Grek
[17.1.2019; 15:12:41]: id=31; Alex Lastra-Grek
[17.1.2019; 15:22:50]: id=17; Temporary card
[17.1.2019; 15:26:22]: id=31; Alex Lastra-Grek
[17.1.2019; 15:54:23]: id=26; Daniil Iglin
[17.1.2019; 15:54:48]: id=26; Daniil Iglin
[17.1.2019; 16:01:06]: id=26; Daniil Iglin
[17.1.2019; 16:06:10]: id=31; Alex Lastra-Grek
[17.1.2019; 16:45:58]: id=1; Sergei Filippov
[17.1.2019; 17:52:26]: id=17; Temporary card
[17.1.2019; 17:56:13]: id=17; Temporary card
[17.1.2019; 19:14:45]: id=33; vahta
