[17.4.2019; 08:08:40]: id=33; vahta
[17.4.2019; 08:46:31]: id=33; vahta
[17.4.2019; 08:46:53]: id=33; vahta
[17.4.2019; 08:46:55]: id=33; vahta
[17.4.2019; 09:05:11]: id=26; Daniil Iglin
[17.4.2019; 09:05:57]: id=26; Daniil Iglin
[17.4.2019; 09:07:23]: id=4; Mark Marvakh
[17.4.2019; 09:19:20]: id=34; Maksim Novikov
[17.4.2019; 09:31:53]: id=26; Daniil Iglin
[17.4.2019; 09:32:07]: id=26; Daniil Iglin
[17.4.2019; 09:43:57]: id=33; vahta
[17.4.2019; 09:50:09]: id=1; Sergei Filippov
[17.4.2019; 09:58:12]: id=28; Maria Peskina
[17.4.2019; 09:58:45]: id=33; vahta
[17.4.2019; 10:17:07]: id=2; Dmitry Paramonov
[17.4.2019; 10:19:38]: id=2; Dmitry Paramonov
[17.4.2019; 10:35:01]: id=33; vahta
[17.4.2019; 10:35:42]: id=24; Arkadiy Gordon
[17.4.2019; 10:36:29]: id=33; vahta
[17.4.2019; 10:36:32]: id=33; vahta
[17.4.2019; 10:39:30]: id=24; Arkadiy Gordon
[17.4.2019; 10:46:12]: id=11; Nikolay Gorelov
[17.4.2019; 11:08:33]: id=33; vahta
[17.4.2019; 11:08:50]: id=27; Sergei Syrykh
[17.4.2019; 11:32:59]: id=7; Vladimir Blagodarov
[17.4.2019; 12:15:22]: id=3; Dmitry Zair-Bek
[17.4.2019; 12:21:23]: id=1; Sergei Filippov
[17.4.2019; 12:31:00]: id=4; Mark Marvakh
[17.4.2019; 12:32:58]: id=2; Dmitry Paramonov
[17.4.2019; 12:48:16]: id=27; Sergei Syrykh
[17.4.2019; 12:48:18]: id=27; Sergei Syrykh
[17.4.2019; 12:48:20]: id=27; Sergei Syrykh
[17.4.2019; 13:07:25]: id=10; Sergei Skvortsov
[17.4.2019; 13:12:58]: id=10; Sergei Skvortsov
[17.4.2019; 13:18:27]: id=10; Sergei Skvortsov
[17.4.2019; 13:39:22]: id=15; Yuriy Gorbatko
[17.4.2019; 13:44:36]: id=2; Dmitry Paramonov
[17.4.2019; 13:48:10]: id=3; Dmitry Zair-Bek
[17.4.2019; 13:49:05]: id=10; Sergei Skvortsov
[17.4.2019; 13:51:11]: id=10; Sergei Skvortsov
[17.4.2019; 13:54:37]: id=2; Dmitry Paramonov
[17.4.2019; 13:55:53]: id=10; Sergei Skvortsov
[17.4.2019; 13:58:23]: id=26; Daniil Iglin
[17.4.2019; 14:47:31]: id=4; Mark Marvakh
[17.4.2019; 14:52:45]: id=28; Maria Peskina
[17.4.2019; 14:59:32]: id=27; Sergei Syrykh
[17.4.2019; 15:04:37]: id=1; Sergei Filippov
[17.4.2019; 15:09:12]: id=3; Dmitry Zair-Bek
[17.4.2019; 15:26:39]: id=26; Daniil Iglin
[17.4.2019; 15:43:52]: id=37; Vasily Suvorov
[17.4.2019; 15:51:45]: id=31; Alex Lastra-Grek
[17.4.2019; 16:15:03]: id=11; Nikolay Gorelov
[17.4.2019; 16:54:09]: id=3; Dmitry Zair-Bek
[17.4.2019; 17:02:58]: id=3; Dmitry Zair-Bek
[17.4.2019; 17:45:02]: id=11; Nikolay Gorelov
[17.4.2019; 17:52:42]: id=11; Nikolay Gorelov
[17.4.2019; 18:32:23]: id=3; Dmitry Zair-Bek
[17.4.2019; 18:35:03]: id=2; Dmitry Paramonov
[17.4.2019; 19:33:09]: id=27; Sergei Syrykh
