[17.5.2019; 08:02:53]: id=33; vahta
[17.5.2019; 08:41:57]: id=4; Mark Marvakh
[17.5.2019; 08:53:40]: id=5; Konstantin Amelichev
[17.5.2019; 09:50:48]: id=34; Maksim Novikov
[17.5.2019; 10:42:05]: id=4; Mark Marvakh
[17.5.2019; 10:47:43]: id=4; Mark Marvakh
[17.5.2019; 10:56:52]: id=25; Irina Tomak
[17.5.2019; 10:58:27]: id=25; Irina Tomak
[17.5.2019; 11:09:40]: id=3; Dmitry Zair-Bek
[17.5.2019; 11:15:29]: id=2; Dmitry Paramonov
[17.5.2019; 11:49:22]: id=5; Konstantin Amelichev
[17.5.2019; 11:50:45]: id=1; Sergei Filippov
[17.5.2019; 11:53:35]: id=1; Sergei Filippov
[17.5.2019; 11:53:41]: id=1; Sergei Filippov
[17.5.2019; 11:58:38]: id=33; vahta
[17.5.2019; 11:58:44]: id=5; Konstantin Amelichev
[17.5.2019; 11:59:39]: id=5; Konstantin Amelichev
[17.5.2019; 12:29:02]: id=3; Dmitry Zair-Bek
[17.5.2019; 12:43:31]: id=2; Dmitry Paramonov
[17.5.2019; 12:44:53]: id=3; Dmitry Zair-Bek
[17.5.2019; 13:43:38]: id=5; Konstantin Amelichev
[17.5.2019; 13:44:49]: id=3; Dmitry Zair-Bek
[17.5.2019; 13:45:14]: id=4; Mark Marvakh
[17.5.2019; 13:47:37]: id=4; Mark Marvakh
[17.5.2019; 13:48:31]: id=4; Mark Marvakh
[17.5.2019; 14:36:57]: id=34; Maksim Novikov
[17.5.2019; 14:39:47]: id=4; Mark Marvakh
[17.5.2019; 14:55:28]: id=34; Maksim Novikov
[17.5.2019; 14:56:13]: id=34; Maksim Novikov
[17.5.2019; 15:59:56]: id=1; Sergei Filippov
[17.5.2019; 16:03:12]: id=33; vahta
[17.5.2019; 18:34:34]: id=15; Yuriy Gorbatko
