[18.1.2019; 07:47:18]: id=3; Dmitry Zair-Bek
[18.1.2019; 08:05:00]: id=33; vahta
[18.1.2019; 08:09:55]: id=4; Mark Marvakh
[18.1.2019; 08:32:29]: id=28; Maria Peskina
[18.1.2019; 08:53:05]: id=1; Sergei Filippov
[18.1.2019; 08:55:05]: id=15; Yuriy Gorbatko
[18.1.2019; 08:56:21]: id=1; Sergei Filippov
[18.1.2019; 09:03:35]: id=2; Dmitry Paramonov
[18.1.2019; 09:04:54]: id=26; Daniil Iglin
[18.1.2019; 09:18:02]: id=3; Dmitry Zair-Bek
[18.1.2019; 09:47:43]: id=2; Dmitry Paramonov
[18.1.2019; 09:55:43]: id=2; Dmitry Paramonov
[18.1.2019; 09:55:48]: id=2; Dmitry Paramonov
[18.1.2019; 10:02:27]: id=2; Dmitry Paramonov
[18.1.2019; 10:45:35]: id=5; Konstantin Amelichev
[18.1.2019; 10:53:35]: id=1; Sergei Filippov
[18.1.2019; 11:32:04]: id=2; Dmitry Paramonov
[18.1.2019; 11:39:04]: id=2; Dmitry Paramonov
[18.1.2019; 11:56:22]: id=31; Alex Lastra-Grek
[18.1.2019; 11:59:10]: id=5; Konstantin Amelichev
[18.1.2019; 11:59:35]: id=1; Sergei Filippov
[18.1.2019; 12:13:05]: id=17; Temporary card
[18.1.2019; 12:19:07]: id=17; Temporary card
[18.1.2019; 12:47:39]: id=1; Sergei Filippov
[18.1.2019; 12:49:25]: id=31; Alex Lastra-Grek
[18.1.2019; 12:59:21]: id=23; Igor Kornev
[18.1.2019; 13:00:51]: id=31; Alex Lastra-Grek
[18.1.2019; 13:33:18]: id=31; Alex Lastra-Grek
[18.1.2019; 13:37:36]: id=3; Dmitry Zair-Bek
[18.1.2019; 13:50:57]: id=1; Sergei Filippov
[18.1.2019; 13:54:51]: id=15; Yuriy Gorbatko
[18.1.2019; 14:49:25]: id=17; Temporary card
[18.1.2019; 15:37:15]: id=26; Daniil Iglin
[18.1.2019; 15:54:50]: id=3; Dmitry Zair-Bek
[18.1.2019; 15:55:45]: id=1; Sergei Filippov
[18.1.2019; 15:55:52]: id=5; Konstantin Amelichev
[18.1.2019; 15:57:04]: id=4; Mark Marvakh
[18.1.2019; 16:08:48]: id=1; Sergei Filippov
[18.1.2019; 16:08:52]: id=1; Sergei Filippov
[18.1.2019; 16:10:50]: id=31; Alex Lastra-Grek
[18.1.2019; 16:22:59]: id=1; Sergei Filippov
[18.1.2019; 16:25:01]: id=1; Sergei Filippov
[18.1.2019; 16:52:27]: id=2; Dmitry Paramonov
[18.1.2019; 18:02:01]: id=2; Dmitry Paramonov
[18.1.2019; 18:43:00]: id=17; Temporary card
[18.1.2019; 20:45:06]: id=33; vahta
