[18.2.2019; 09:23:06]: id=34; Maksim Novikov
[18.2.2019; 09:24:54]: id=34; Maksim Novikov
[18.2.2019; 10:00:05]: id=31; Alex Lastra-Grek
[18.2.2019; 10:08:03]: id=34; Maksim Novikov
[18.2.2019; 10:08:57]: id=34; Maksim Novikov
[18.2.2019; 10:38:24]: id=33; vahta
[18.2.2019; 11:26:31]: id=34; Maksim Novikov
[18.2.2019; 11:29:05]: id=31; Alex Lastra-Grek
[18.2.2019; 11:55:31]: id=34; Maksim Novikov
[18.2.2019; 12:03:01]: id=34; Maksim Novikov
[18.2.2019; 12:07:40]: id=3; Dmitry Zair-Bek
[18.2.2019; 12:20:00]: id=3; Dmitry Zair-Bek
[18.2.2019; 12:23:23]: id=3; Dmitry Zair-Bek
[18.2.2019; 12:24:46]: id=3; Dmitry Zair-Bek
[18.2.2019; 12:25:31]: id=11; Nikolay Gorelov
[18.2.2019; 12:26:57]: id=31; Alex Lastra-Grek
[18.2.2019; 12:38:58]: id=31; Alex Lastra-Grek
[18.2.2019; 13:05:24]: id=3; Dmitry Zair-Bek
[18.2.2019; 13:12:23]: id=1; Sergei Filippov
[18.2.2019; 13:50:43]: id=2; Dmitry Paramonov
[18.2.2019; 13:51:54]: id=22; Dmitry Paramonov
[18.2.2019; 14:06:39]: id=34; Maksim Novikov
[18.2.2019; 14:10:13]: id=2; Dmitry Paramonov
[18.2.2019; 14:17:35]: id=33; vahta
[18.2.2019; 14:21:03]: id=2; Dmitry Paramonov
[18.2.2019; 14:25:31]: id=34; Maksim Novikov
[18.2.2019; 14:30:13]: id=34; Maksim Novikov
[18.2.2019; 14:55:17]: id=2; Dmitry Paramonov
[18.2.2019; 14:55:59]: id=31; Alex Lastra-Grek
[18.2.2019; 15:00:41]: id=31; Alex Lastra-Grek
[18.2.2019; 16:30:06]: id=1; Sergei Filippov
[18.2.2019; 16:42:52]: id=31; Alex Lastra-Grek
[18.2.2019; 16:50:53]: id=31; Alex Lastra-Grek
[18.2.2019; 16:56:15]: id=24; Arkadiy Gordon
[18.2.2019; 17:09:25]: id=34; Maksim Novikov
[18.2.2019; 18:35:26]: id=1; Sergei Filippov
[18.2.2019; 18:42:07]: id=1; Sergei Filippov
[18.2.2019; 18:48:20]: id=1; Sergei Filippov
[18.2.2019; 20:05:40]: id=33; vahta
