[18.3.2019; 10:54:19]: id=2; Dmitry Paramonov
[18.3.2019; 12:50:40]: id=28; Maria Peskina
[18.3.2019; 12:52:18]: id=28; Maria Peskina
[18.3.2019; 14:07:23]: id=28; Maria Peskina
[18.3.2019; 14:30:07]: id=2; Dmitry Paramonov
[18.3.2019; 14:53:00]: id=26; Daniil Iglin
[18.3.2019; 14:54:50]: id=26; Daniil Iglin
[18.3.2019; 15:03:18]: id=26; Daniil Iglin
[18.3.2019; 15:17:21]: id=16; Sofia Rosenblum
[18.3.2019; 15:29:10]: id=2; Dmitry Paramonov
[18.3.2019; 15:30:48]: id=1; Sergei Filippov
[18.3.2019; 15:34:33]: id=1; Sergei Filippov
[18.3.2019; 15:40:45]: id=1; Sergei Filippov
[18.3.2019; 15:44:57]: id=2; Dmitry Paramonov
[18.3.2019; 15:48:46]: id=2; Dmitry Paramonov
[18.3.2019; 16:23:11]: id=6; Roman Skibitskiy
[18.3.2019; 16:59:41]: id=2; Dmitry Paramonov
[18.3.2019; 18:13:06]: id=26; Daniil Iglin
[18.3.2019; 18:44:54]: id=1; Sergei Filippov
[18.3.2019; 19:05:09]: id=26; Daniil Iglin
[18.3.2019; 19:07:17]: id=1; Sergei Filippov
[18.3.2019; 19:07:22]: id=5; Konstantin Amelichev
[18.3.2019; 19:33:54]: id=6; Roman Skibitskiy
[18.3.2019; 19:37:55]: id=1; Sergei Filippov
[18.3.2019; 21:45:42]: id=2; Dmitry Paramonov
