[18.4.2019; 07:47:34]: id=1; Sergei Filippov
[18.4.2019; 07:49:55]: id=1; Sergei Filippov
[18.4.2019; 07:49:58]: id=1; Sergei Filippov
[18.4.2019; 08:18:03]: id=33; vahta
[18.4.2019; 08:20:22]: id=33; vahta
[18.4.2019; 08:42:51]: id=34; Maksim Novikov
[18.4.2019; 08:55:17]: id=15; Yuriy Gorbatko
[18.4.2019; 08:59:19]: id=26; Daniil Iglin
[18.4.2019; 09:19:55]: id=2; Dmitry Paramonov
[18.4.2019; 09:30:30]: id=27; Sergei Syrykh
[18.4.2019; 09:36:42]: id=27; Sergei Syrykh
[18.4.2019; 09:45:38]: id=27; Sergei Syrykh
[18.4.2019; 09:50:47]: id=3; Dmitry Zair-Bek
[18.4.2019; 09:54:23]: id=1; Sergei Filippov
[18.4.2019; 10:00:09]: id=27; Sergei Syrykh
[18.4.2019; 10:06:57]: id=11; Nikolay Gorelov
[18.4.2019; 10:17:57]: id=3; Dmitry Zair-Bek
[18.4.2019; 10:19:48]: id=1; Sergei Filippov
[18.4.2019; 10:29:29]: id=11; Nikolay Gorelov
[18.4.2019; 10:44:14]: id=34; Maksim Novikov
[18.4.2019; 10:53:03]: id=26; Daniil Iglin
[18.4.2019; 11:51:26]: id=1; Sergei Filippov
[18.4.2019; 11:53:46]: id=1; Sergei Filippov
[18.4.2019; 12:01:27]: id=34; Maksim Novikov
[18.4.2019; 12:14:25]: id=15; Yuriy Gorbatko
[18.4.2019; 12:15:52]: id=34; Maksim Novikov
[18.4.2019; 12:42:25]: id=3; Dmitry Zair-Bek
[18.4.2019; 12:44:41]: id=3; Dmitry Zair-Bek
[18.4.2019; 13:12:44]: id=3; Dmitry Zair-Bek
[18.4.2019; 13:36:52]: id=26; Daniil Iglin
[18.4.2019; 13:46:51]: id=26; Daniil Iglin
[18.4.2019; 13:52:25]: id=3; Dmitry Zair-Bek
[18.4.2019; 13:54:47]: id=15; Yuriy Gorbatko
[18.4.2019; 14:16:13]: id=15; Yuriy Gorbatko
[18.4.2019; 14:20:17]: id=24; Arkadiy Gordon
[18.4.2019; 14:41:34]: id=34; Maksim Novikov
[18.4.2019; 14:45:23]: id=34; Maksim Novikov
[18.4.2019; 14:59:16]: id=15; Yuriy Gorbatko
[18.4.2019; 15:03:57]: id=2; Dmitry Paramonov
[18.4.2019; 15:05:16]: id=15; Yuriy Gorbatko
[18.4.2019; 20:40:41]: id=26; Daniil Iglin
[18.4.2019; 20:41:27]: id=26; Daniil Iglin
