[19.3.2019; 07:51:20]: id=1; Sergei Filippov
[19.3.2019; 07:54:49]: id=1; Sergei Filippov
[19.3.2019; 08:14:07]: id=33; vahta
[19.3.2019; 08:15:58]: id=33; vahta
[19.3.2019; 08:21:12]: id=1; Sergei Filippov
[19.3.2019; 08:59:09]: id=1; Sergei Filippov
[19.3.2019; 09:09:34]: id=26; Daniil Iglin
[19.3.2019; 09:50:08]: id=34; Maksim Novikov
[19.3.2019; 09:59:51]: id=34; Maksim Novikov
[19.3.2019; 10:52:20]: id=2; Dmitry Paramonov
[19.3.2019; 10:55:50]: id=1; Sergei Filippov
[19.3.2019; 10:56:54]: id=40; Temporary card_iglin
[19.3.2019; 11:49:09]: id=25; Irina Tomak
[19.3.2019; 11:51:27]: id=2; Dmitry Paramonov
[19.3.2019; 11:53:46]: id=1; Sergei Filippov
[19.3.2019; 11:56:40]: id=1; Sergei Filippov
[19.3.2019; 12:14:25]: id=33; vahta
[19.3.2019; 12:29:06]: id=2; Dmitry Paramonov
[19.3.2019; 12:36:01]: id=25; Irina Tomak
[19.3.2019; 12:38:08]: id=25; Irina Tomak
[19.3.2019; 12:46:48]: id=1; Sergei Filippov
[19.3.2019; 12:48:31]: id=15; Yuriy Gorbatko
[19.3.2019; 12:49:53]: id=40; Temporary card_iglin
[19.3.2019; 12:51:26]: id=2; Dmitry Paramonov
[19.3.2019; 12:53:29]: id=33; vahta
[19.3.2019; 13:15:47]: id=2; Dmitry Paramonov
[19.3.2019; 13:40:06]: id=36; Maxim Boyarsky
[19.3.2019; 13:52:45]: id=1; Sergei Filippov
[19.3.2019; 13:57:47]: id=26; Daniil Iglin
[19.3.2019; 14:14:42]: id=2; Dmitry Paramonov
[19.3.2019; 14:19:07]: id=2; Dmitry Paramonov
[19.3.2019; 14:29:05]: id=40; Temporary card_iglin
[19.3.2019; 14:47:49]: id=37; Vasily Suvorov
[19.3.2019; 15:17:52]: id=2; Dmitry Paramonov
[19.3.2019; 15:38:26]: id=34; Maksim Novikov
[19.3.2019; 15:41:45]: id=31; Alex Lastra-Grek
[19.3.2019; 15:43:10]: id=1; Sergei Filippov
[19.3.2019; 15:49:55]: id=36; Maxim Boyarsky
[19.3.2019; 15:51:32]: id=40; Temporary card_iglin
[19.3.2019; 15:55:11]: id=38; Alexander Alexeev
[19.3.2019; 16:12:31]: id=31; Alex Lastra-Grek
[19.3.2019; 16:20:14]: id=1; Sergei Filippov
[19.3.2019; 16:26:51]: id=1; Sergei Filippov
[19.3.2019; 17:08:30]: id=40; Temporary card_iglin
[19.3.2019; 17:12:46]: id=38; Alexander Alexeev
[19.3.2019; 17:21:22]: id=40; Temporary card_iglin
[19.3.2019; 17:58:18]: id=26; Daniil Iglin
[19.3.2019; 18:02:15]: id=34; Maksim Novikov
[19.3.2019; 18:03:08]: id=34; Maksim Novikov
[19.3.2019; 18:06:57]: id=34; Maksim Novikov
[19.3.2019; 18:08:01]: id=26; Daniil Iglin
[19.3.2019; 18:11:23]: id=1; Sergei Filippov
[19.3.2019; 18:13:54]: id=1; Sergei Filippov
[19.3.2019; 18:14:21]: id=28; Maria Peskina
[19.3.2019; 18:17:10]: id=28; Maria Peskina
[19.3.2019; 18:39:04]: id=34; Maksim Novikov
[19.3.2019; 18:46:55]: id=26; Daniil Iglin
[19.3.2019; 18:47:06]: id=2; Dmitry Paramonov
[19.3.2019; 19:12:23]: id=34; Maksim Novikov
[19.3.2019; 19:15:09]: id=26; Daniil Iglin
[19.3.2019; 19:16:57]: id=34; Maksim Novikov
[19.3.2019; 19:24:40]: id=33; vahta
