[2.4.2019; 08:14:07]: id=1; Sergei Filippov
[2.4.2019; 08:17:33]: id=1; Sergei Filippov
[2.4.2019; 08:24:22]: id=33; vahta
[2.4.2019; 08:32:51]: id=27; Sergei Syrykh
[2.4.2019; 08:36:01]: id=27; Sergei Syrykh
[2.4.2019; 08:45:41]: id=5; Konstantin Amelichev
[2.4.2019; 08:45:57]: id=34; Maksim Novikov
[2.4.2019; 08:45:59]: id=34; Maksim Novikov
[2.4.2019; 09:03:23]: id=3; Dmitry Zair-Bek
[2.4.2019; 10:10:27]: id=15; Yuriy Gorbatko
[2.4.2019; 10:51:03]: id=5; Konstantin Amelichev
[2.4.2019; 10:53:23]: id=3; Dmitry Zair-Bek
[2.4.2019; 11:22:36]: id=2; Dmitry Paramonov
[2.4.2019; 11:31:49]: id=11; Nikolay Gorelov
[2.4.2019; 11:34:09]: id=4; Mark Marvakh
[2.4.2019; 11:36:03]: id=3; Dmitry Zair-Bek
[2.4.2019; 11:36:21]: id=1; Sergei Filippov
[2.4.2019; 11:52:36]: id=4; Mark Marvakh
[2.4.2019; 11:57:30]: id=28; Maria Peskina
[2.4.2019; 12:16:19]: id=25; Irina Tomak
[2.4.2019; 12:24:05]: id=25; Irina Tomak
[2.4.2019; 12:45:40]: id=34; Maksim Novikov
[2.4.2019; 12:46:25]: id=34; Maksim Novikov
[2.4.2019; 12:46:32]: id=34; Maksim Novikov
[2.4.2019; 12:49:55]: id=26; Daniil Iglin
[2.4.2019; 12:50:08]: id=34; Maksim Novikov
[2.4.2019; 12:53:56]: id=1; Sergei Filippov
[2.4.2019; 12:57:39]: id=34; Maksim Novikov
[2.4.2019; 12:58:26]: id=1; Sergei Filippov
[2.4.2019; 12:59:41]: id=1; Sergei Filippov
[2.4.2019; 13:00:21]: id=1; Sergei Filippov
[2.4.2019; 13:00:52]: id=1; Sergei Filippov
[2.4.2019; 13:01:22]: id=1; Sergei Filippov
[2.4.2019; 13:02:16]: id=1; Sergei Filippov
[2.4.2019; 13:02:26]: id=1; Sergei Filippov
[2.4.2019; 13:03:18]: id=1; Sergei Filippov
[2.4.2019; 13:03:36]: id=1; Sergei Filippov
[2.4.2019; 13:03:46]: id=1; Sergei Filippov
[2.4.2019; 13:03:56]: id=1; Sergei Filippov
[2.4.2019; 13:04:06]: id=1; Sergei Filippov
[2.4.2019; 13:04:16]: id=1; Sergei Filippov
[2.4.2019; 13:04:25]: id=24; Arkadiy Gordon
[2.4.2019; 13:04:26]: id=1; Sergei Filippov
[2.4.2019; 13:04:36]: id=1; Sergei Filippov
[2.4.2019; 13:04:46]: id=1; Sergei Filippov
[2.4.2019; 13:04:56]: id=1; Sergei Filippov
[2.4.2019; 13:05:06]: id=1; Sergei Filippov
[2.4.2019; 13:05:16]: id=1; Sergei Filippov
[2.4.2019; 13:10:48]: id=1; Sergei Filippov
[2.4.2019; 13:10:58]: id=1; Sergei Filippov
[2.4.2019; 13:11:08]: id=1; Sergei Filippov
[2.4.2019; 13:11:18]: id=1; Sergei Filippov
[2.4.2019; 13:11:28]: id=1; Sergei Filippov
[2.4.2019; 13:11:38]: id=1; Sergei Filippov
[2.4.2019; 13:11:47]: id=34; Maksim Novikov
[2.4.2019; 13:11:48]: id=1; Sergei Filippov
[2.4.2019; 13:11:58]: id=1; Sergei Filippov
[2.4.2019; 13:12:08]: id=1; Sergei Filippov
[2.4.2019; 13:12:18]: id=1; Sergei Filippov
[2.4.2019; 13:12:28]: id=1; Sergei Filippov
[2.4.2019; 13:12:38]: id=1; Sergei Filippov
[2.4.2019; 13:12:48]: id=1; Sergei Filippov
[2.4.2019; 13:12:58]: id=1; Sergei Filippov
[2.4.2019; 13:13:08]: id=1; Sergei Filippov
[2.4.2019; 13:13:18]: id=1; Sergei Filippov
[2.4.2019; 13:13:20]: id=2; Dmitry Paramonov
[2.4.2019; 13:13:28]: id=1; Sergei Filippov
[2.4.2019; 13:14:37]: id=34; Maksim Novikov
[2.4.2019; 13:18:45]: id=33; vahta
[2.4.2019; 13:25:27]: id=1; Sergei Filippov
[2.4.2019; 13:25:37]: id=1; Sergei Filippov
[2.4.2019; 13:25:47]: id=1; Sergei Filippov
[2.4.2019; 13:25:57]: id=1; Sergei Filippov
[2.4.2019; 13:26:07]: id=1; Sergei Filippov
[2.4.2019; 13:26:17]: id=1; Sergei Filippov
[2.4.2019; 13:26:27]: id=1; Sergei Filippov
[2.4.2019; 13:26:37]: id=1; Sergei Filippov
[2.4.2019; 13:26:47]: id=1; Sergei Filippov
[2.4.2019; 13:26:57]: id=1; Sergei Filippov
[2.4.2019; 13:27:07]: id=1; Sergei Filippov
[2.4.2019; 13:27:17]: id=1; Sergei Filippov
[2.4.2019; 13:27:27]: id=1; Sergei Filippov
[2.4.2019; 13:27:37]: id=1; Sergei Filippov
[2.4.2019; 13:27:47]: id=1; Sergei Filippov
[2.4.2019; 13:27:57]: id=1; Sergei Filippov
[2.4.2019; 13:28:07]: id=1; Sergei Filippov
[2.4.2019; 13:28:17]: id=1; Sergei Filippov
[2.4.2019; 13:28:27]: id=1; Sergei Filippov
[2.4.2019; 13:28:37]: id=1; Sergei Filippov
[2.4.2019; 13:28:47]: id=1; Sergei Filippov
[2.4.2019; 13:28:57]: id=1; Sergei Filippov
[2.4.2019; 13:29:07]: id=1; Sergei Filippov
[2.4.2019; 13:29:17]: id=1; Sergei Filippov
[2.4.2019; 13:29:27]: id=1; Sergei Filippov
[2.4.2019; 13:29:37]: id=1; Sergei Filippov
[2.4.2019; 13:29:47]: id=1; Sergei Filippov
[2.4.2019; 13:29:57]: id=1; Sergei Filippov
[2.4.2019; 13:30:07]: id=1; Sergei Filippov
[2.4.2019; 13:30:17]: id=1; Sergei Filippov
[2.4.2019; 13:30:27]: id=1; Sergei Filippov
[2.4.2019; 13:30:37]: id=1; Sergei Filippov
[2.4.2019; 13:30:47]: id=1; Sergei Filippov
[2.4.2019; 13:30:57]: id=1; Sergei Filippov
[2.4.2019; 13:31:07]: id=1; Sergei Filippov
[2.4.2019; 13:31:17]: id=1; Sergei Filippov
[2.4.2019; 13:32:28]: id=7; Vladimir Blagodarov
[2.4.2019; 13:32:38]: id=7; Vladimir Blagodarov
[2.4.2019; 13:32:48]: id=7; Vladimir Blagodarov
[2.4.2019; 13:32:58]: id=7; Vladimir Blagodarov
[2.4.2019; 13:33:08]: id=7; Vladimir Blagodarov
[2.4.2019; 13:33:18]: id=7; Vladimir Blagodarov
[2.4.2019; 13:33:28]: id=7; Vladimir Blagodarov
[2.4.2019; 13:33:38]: id=7; Vladimir Blagodarov
[2.4.2019; 13:33:48]: id=7; Vladimir Blagodarov
[2.4.2019; 13:33:58]: id=7; Vladimir Blagodarov
[2.4.2019; 13:34:08]: id=7; Vladimir Blagodarov
[2.4.2019; 13:34:18]: id=7; Vladimir Blagodarov
[2.4.2019; 13:34:53]: id=7; Vladimir Blagodarov
[2.4.2019; 13:35:03]: id=7; Vladimir Blagodarov
[2.4.2019; 13:35:13]: id=7; Vladimir Blagodarov
[2.4.2019; 13:35:23]: id=7; Vladimir Blagodarov
[2.4.2019; 13:35:33]: id=7; Vladimir Blagodarov
[2.4.2019; 13:35:43]: id=7; Vladimir Blagodarov
[2.4.2019; 13:35:53]: id=7; Vladimir Blagodarov
[2.4.2019; 13:36:03]: id=7; Vladimir Blagodarov
[2.4.2019; 13:36:13]: id=7; Vladimir Blagodarov
[2.4.2019; 13:36:23]: id=7; Vladimir Blagodarov
[2.4.2019; 13:36:33]: id=7; Vladimir Blagodarov
[2.4.2019; 13:36:36]: id=34; Maksim Novikov
[2.4.2019; 13:36:43]: id=7; Vladimir Blagodarov
[2.4.2019; 13:36:53]: id=7; Vladimir Blagodarov
[2.4.2019; 13:37:03]: id=7; Vladimir Blagodarov
[2.4.2019; 13:37:13]: id=7; Vladimir Blagodarov
[2.4.2019; 13:37:23]: id=7; Vladimir Blagodarov
[2.4.2019; 13:37:33]: id=7; Vladimir Blagodarov
[2.4.2019; 13:37:43]: id=7; Vladimir Blagodarov
[2.4.2019; 13:37:53]: id=7; Vladimir Blagodarov
[2.4.2019; 13:38:03]: id=7; Vladimir Blagodarov
[2.4.2019; 13:38:13]: id=7; Vladimir Blagodarov
[2.4.2019; 13:38:23]: id=7; Vladimir Blagodarov
[2.4.2019; 13:38:33]: id=7; Vladimir Blagodarov
[2.4.2019; 13:38:43]: id=7; Vladimir Blagodarov
[2.4.2019; 13:38:53]: id=7; Vladimir Blagodarov
[2.4.2019; 13:39:03]: id=7; Vladimir Blagodarov
[2.4.2019; 13:39:13]: id=7; Vladimir Blagodarov
[2.4.2019; 13:39:23]: id=7; Vladimir Blagodarov
[2.4.2019; 13:39:33]: id=7; Vladimir Blagodarov
[2.4.2019; 13:39:43]: id=7; Vladimir Blagodarov
[2.4.2019; 13:39:53]: id=7; Vladimir Blagodarov
[2.4.2019; 13:40:03]: id=7; Vladimir Blagodarov
[2.4.2019; 13:48:40]: id=38; Alexander Alexeev
[2.4.2019; 13:57:18]: id=34; Maksim Novikov
[2.4.2019; 14:37:00]: id=7; Vladimir Blagodarov
[2.4.2019; 14:37:10]: id=7; Vladimir Blagodarov
[2.4.2019; 14:37:20]: id=7; Vladimir Blagodarov
[2.4.2019; 14:37:30]: id=7; Vladimir Blagodarov
[2.4.2019; 14:37:40]: id=7; Vladimir Blagodarov
[2.4.2019; 14:37:50]: id=7; Vladimir Blagodarov
[2.4.2019; 14:38:00]: id=7; Vladimir Blagodarov
[2.4.2019; 14:38:10]: id=7; Vladimir Blagodarov
[2.4.2019; 14:38:20]: id=7; Vladimir Blagodarov
[2.4.2019; 14:38:30]: id=7; Vladimir Blagodarov
[2.4.2019; 14:38:40]: id=7; Vladimir Blagodarov
[2.4.2019; 14:38:50]: id=7; Vladimir Blagodarov
[2.4.2019; 14:39:00]: id=7; Vladimir Blagodarov
[2.4.2019; 14:39:10]: id=7; Vladimir Blagodarov
[2.4.2019; 14:39:20]: id=7; Vladimir Blagodarov
[2.4.2019; 14:39:30]: id=7; Vladimir Blagodarov
[2.4.2019; 14:39:40]: id=7; Vladimir Blagodarov
[2.4.2019; 14:39:50]: id=7; Vladimir Blagodarov
[2.4.2019; 14:40:00]: id=7; Vladimir Blagodarov
[2.4.2019; 14:40:10]: id=7; Vladimir Blagodarov
[2.4.2019; 14:40:20]: id=7; Vladimir Blagodarov
[2.4.2019; 14:40:30]: id=7; Vladimir Blagodarov
[2.4.2019; 14:40:45]: id=7; Vladimir Blagodarov
[2.4.2019; 14:41:02]: id=7; Vladimir Blagodarov
[2.4.2019; 14:41:11]: id=7; Vladimir Blagodarov
[2.4.2019; 14:41:22]: id=7; Vladimir Blagodarov
[2.4.2019; 14:41:31]: id=7; Vladimir Blagodarov
[2.4.2019; 14:41:42]: id=7; Vladimir Blagodarov
[2.4.2019; 14:41:52]: id=7; Vladimir Blagodarov
[2.4.2019; 14:42:02]: id=7; Vladimir Blagodarov
[2.4.2019; 14:42:12]: id=7; Vladimir Blagodarov
[2.4.2019; 14:42:22]: id=7; Vladimir Blagodarov
[2.4.2019; 14:59:53]: id=1; Sergei Filippov
[2.4.2019; 15:03:03]: id=5; Konstantin Amelichev
[2.4.2019; 15:03:42]: id=7; Vladimir Blagodarov
[2.4.2019; 15:03:49]: id=7; Vladimir Blagodarov
[2.4.2019; 15:03:55]: id=7; Vladimir Blagodarov
[2.4.2019; 15:04:03]: id=7; Vladimir Blagodarov
[2.4.2019; 15:04:13]: id=7; Vladimir Blagodarov
[2.4.2019; 15:04:23]: id=7; Vladimir Blagodarov
[2.4.2019; 15:05:03]: id=7; Vladimir Blagodarov
[2.4.2019; 15:05:13]: id=7; Vladimir Blagodarov
[2.4.2019; 15:05:56]: id=1; Sergei Filippov
[2.4.2019; 15:09:31]: id=7; Vladimir Blagodarov
[2.4.2019; 15:11:44]: id=7; Vladimir Blagodarov
[2.4.2019; 15:11:58]: id=1; Sergei Filippov
[2.4.2019; 15:13:05]: id=37; Vasily Suvorov
[2.4.2019; 15:16:33]: id=7; Vladimir Blagodarov
[2.4.2019; 15:23:19]: id=7; Vladimir Blagodarov
[2.4.2019; 15:24:17]: id=7; Vladimir Blagodarov
[2.4.2019; 15:24:27]: id=7; Vladimir Blagodarov
[2.4.2019; 15:24:37]: id=7; Vladimir Blagodarov
[2.4.2019; 15:25:10]: id=7; Vladimir Blagodarov
[2.4.2019; 15:25:20]: id=7; Vladimir Blagodarov
[2.4.2019; 15:25:30]: id=7; Vladimir Blagodarov
[2.4.2019; 15:25:40]: id=7; Vladimir Blagodarov
[2.4.2019; 15:25:50]: id=7; Vladimir Blagodarov
[2.4.2019; 15:38:53]: id=5; Konstantin Amelichev
[2.4.2019; 15:51:36]: id=5; Konstantin Amelichev
[2.4.2019; 15:51:38]: id=5; Konstantin Amelichev
[2.4.2019; 15:53:36]: id=37; Vasily Suvorov
[2.4.2019; 15:53:38]: id=37; Vasily Suvorov
[2.4.2019; 16:02:38]: id=5; Konstantin Amelichev
[2.4.2019; 16:12:46]: id=2; Dmitry Paramonov
[2.4.2019; 16:31:18]: id=2; Dmitry Paramonov
[2.4.2019; 16:33:16]: id=2; Dmitry Paramonov
[2.4.2019; 17:23:34]: id=27; Sergei Syrykh
[2.4.2019; 17:37:12]: id=5; Konstantin Amelichev
[2.4.2019; 17:46:34]: id=31; Alex Lastra-Grek
[2.4.2019; 17:50:57]: id=34; Maksim Novikov
[2.4.2019; 17:59:50]: id=34; Maksim Novikov
[2.4.2019; 18:12:08]: id=11; Nikolay Gorelov
[2.4.2019; 18:13:47]: id=27; Sergei Syrykh
[2.4.2019; 18:16:12]: id=27; Sergei Syrykh
[2.4.2019; 18:25:33]: id=34; Maksim Novikov
[2.4.2019; 18:38:18]: id=27; Sergei Syrykh
[2.4.2019; 20:14:32]: id=5; Konstantin Amelichev
