[20.3.2019; 07:52:18]: id=33; vahta
[20.3.2019; 08:51:24]: id=1; Sergei Filippov
[20.3.2019; 09:24:39]: id=27; Sergei Syrykh
[20.3.2019; 10:39:30]: id=1; Sergei Filippov
[20.3.2019; 10:47:22]: id=1; Sergei Filippov
[20.3.2019; 11:04:01]: id=2; Dmitry Paramonov
[20.3.2019; 11:14:02]: id=34; Maksim Novikov
[20.3.2019; 11:36:19]: id=2; Dmitry Paramonov
[20.3.2019; 11:51:38]: id=1; Sergei Filippov
[20.3.2019; 12:08:42]: id=1; Sergei Filippov
[20.3.2019; 12:27:28]: id=4; Mark Marvakh
[20.3.2019; 12:36:59]: id=3; Dmitry Zair-Bek
[20.3.2019; 12:45:14]: id=25; Irina Tomak
[20.3.2019; 12:45:16]: id=25; Irina Tomak
[20.3.2019; 12:45:27]: id=26; Daniil Iglin
[20.3.2019; 12:48:24]: id=34; Maksim Novikov
[20.3.2019; 12:51:00]: id=2; Dmitry Paramonov
[20.3.2019; 12:51:09]: id=4; Mark Marvakh
[20.3.2019; 12:59:15]: id=25; Irina Tomak
[20.3.2019; 13:01:43]: id=3; Dmitry Zair-Bek
[20.3.2019; 13:24:35]: id=3; Dmitry Zair-Bek
[20.3.2019; 13:39:02]: id=2; Dmitry Paramonov
[20.3.2019; 13:41:47]: id=27; Sergei Syrykh
[20.3.2019; 13:46:19]: id=3; Dmitry Zair-Bek
[20.3.2019; 13:48:59]: id=3; Dmitry Zair-Bek
[20.3.2019; 13:49:20]: id=3; Dmitry Zair-Bek
[20.3.2019; 13:50:38]: id=4; Mark Marvakh
[20.3.2019; 13:55:55]: id=1; Sergei Filippov
[20.3.2019; 13:57:07]: id=28; Maria Peskina
[20.3.2019; 13:57:10]: id=28; Maria Peskina
[20.3.2019; 14:00:29]: id=34; Maksim Novikov
[20.3.2019; 14:42:51]: id=2; Dmitry Paramonov
[20.3.2019; 14:43:03]: id=7; Vladimir Blagodarov
[20.3.2019; 14:44:42]: id=2; Dmitry Paramonov
[20.3.2019; 14:58:22]: id=26; Daniil Iglin
[20.3.2019; 15:48:26]: id=5; Konstantin Amelichev
[20.3.2019; 15:49:55]: id=2; Dmitry Paramonov
[20.3.2019; 15:58:32]: id=26; Daniil Iglin
[20.3.2019; 16:05:19]: id=4; Mark Marvakh
[20.3.2019; 16:12:51]: id=34; Maksim Novikov
[20.3.2019; 16:13:12]: id=2; Dmitry Paramonov
[20.3.2019; 16:14:20]: id=5; Konstantin Amelichev
[20.3.2019; 16:14:44]: id=3; Dmitry Zair-Bek
[20.3.2019; 16:27:04]: id=1; Sergei Filippov
[20.3.2019; 16:41:23]: id=22; Dmitry Paramonov
[20.3.2019; 17:08:43]: id=3; Dmitry Zair-Bek
[20.3.2019; 17:57:54]: id=3; Dmitry Zair-Bek
[20.3.2019; 18:29:08]: id=3; Dmitry Zair-Bek
[20.3.2019; 18:42:01]: id=27; Sergei Syrykh
[20.3.2019; 18:52:55]: id=7; Vladimir Blagodarov
[20.3.2019; 19:57:45]: id=33; vahta
