[20.5.2019; 08:49:12]: id=34; Maksim Novikov
[20.5.2019; 08:55:43]: id=33; vahta
[20.5.2019; 08:55:45]: id=33; vahta
[20.5.2019; 09:45:53]: id=3; Dmitry Zair-Bek
[20.5.2019; 10:03:13]: id=33; vahta
[20.5.2019; 10:07:53]: id=33; vahta
[20.5.2019; 10:17:58]: id=33; vahta
[20.5.2019; 10:47:56]: id=5; Konstantin Amelichev
[20.5.2019; 10:48:41]: id=3; Dmitry Zair-Bek
[20.5.2019; 10:49:59]: id=1; Sergei Filippov
[20.5.2019; 10:52:34]: id=2; Dmitry Paramonov
[20.5.2019; 10:52:37]: id=5; Konstantin Amelichev
[20.5.2019; 12:10:21]: id=1; Sergei Filippov
[20.5.2019; 12:44:04]: id=5; Konstantin Amelichev
[20.5.2019; 12:53:09]: id=16; Sofia Rosenblum
[20.5.2019; 12:54:06]: id=25; Irina Tomak
[20.5.2019; 13:59:59]: id=34; Maksim Novikov
[20.5.2019; 14:07:57]: id=34; Maksim Novikov
[20.5.2019; 14:12:50]: id=34; Maksim Novikov
[20.5.2019; 14:38:17]: id=5; Konstantin Amelichev
[20.5.2019; 14:48:00]: id=34; Maksim Novikov
[20.5.2019; 15:13:31]: id=34; Maksim Novikov
[20.5.2019; 15:34:11]: id=34; Maksim Novikov
[20.5.2019; 15:37:38]: id=34; Maksim Novikov
[20.5.2019; 15:45:39]: id=27; Sergei Syrykh
[20.5.2019; 15:53:37]: id=34; Maksim Novikov
[20.5.2019; 15:57:52]: id=34; Maksim Novikov
[20.5.2019; 16:31:36]: id=6; Roman Skibitskiy
[20.5.2019; 16:38:10]: id=34; Maksim Novikov
[20.5.2019; 16:39:06]: id=5; Konstantin Amelichev
[20.5.2019; 16:41:16]: id=2; Dmitry Paramonov
[20.5.2019; 17:18:11]: id=5; Konstantin Amelichev
[20.5.2019; 17:21:40]: id=5; Konstantin Amelichev
[20.5.2019; 17:34:15]: id=6; Roman Skibitskiy
[20.5.2019; 17:43:31]: id=34; Maksim Novikov
[20.5.2019; 17:46:07]: id=2; Dmitry Paramonov
[20.5.2019; 17:46:10]: id=2; Dmitry Paramonov
[20.5.2019; 17:51:27]: id=34; Maksim Novikov
[20.5.2019; 18:06:23]: id=5; Konstantin Amelichev
[20.5.2019; 18:37:00]: id=5; Konstantin Amelichev
[20.5.2019; 18:39:22]: id=6; Roman Skibitskiy
[20.5.2019; 19:15:34]: id=5; Konstantin Amelichev
[20.5.2019; 19:43:29]: id=6; Roman Skibitskiy
[20.5.2019; 20:17:24]: id=5; Konstantin Amelichev
[20.5.2019; 20:18:36]: id=2; Dmitry Paramonov
[20.5.2019; 21:36:57]: id=6; Roman Skibitskiy
[20.5.2019; 21:55:04]: id=2; Dmitry Paramonov
[20.5.2019; 22:12:13]: id=33; vahta
