[21.1.2019; 07:54:46]: id=1; Sergei Filippov
[21.1.2019; 08:22:14]: id=4; Mark Marvakh
[21.1.2019; 08:23:36]: id=33; vahta
[21.1.2019; 08:40:42]: id=2; Dmitry Paramonov
[21.1.2019; 08:43:52]: id=2; Dmitry Paramonov
[21.1.2019; 08:49:51]: id=3; Dmitry Zair-Bek
[21.1.2019; 09:50:55]: id=15; Yuriy Gorbatko
[21.1.2019; 09:51:11]: id=5; Konstantin Amelichev
[21.1.2019; 10:55:21]: id=1; Sergei Filippov
[21.1.2019; 11:50:36]: id=31; Alex Lastra-Grek
[21.1.2019; 11:53:12]: id=17; Temporary card
[21.1.2019; 12:37:56]: id=31; Alex Lastra-Grek
[21.1.2019; 12:43:15]: id=5; Konstantin Amelichev
[21.1.2019; 12:46:27]: id=5; Konstantin Amelichev
[21.1.2019; 12:46:46]: id=1; Sergei Filippov
[21.1.2019; 12:50:53]: id=15; Yuriy Gorbatko
[21.1.2019; 13:37:04]: id=2; Dmitry Paramonov
[21.1.2019; 13:46:14]: id=1; Sergei Filippov
[21.1.2019; 14:42:40]: id=4; Mark Marvakh
[21.1.2019; 14:42:59]: id=3; Dmitry Zair-Bek
[21.1.2019; 14:45:23]: id=1; Sergei Filippov
[21.1.2019; 14:50:06]: id=1; Sergei Filippov
[21.1.2019; 14:51:04]: id=3; Dmitry Zair-Bek
[21.1.2019; 16:05:28]: id=3; Dmitry Zair-Bek
[21.1.2019; 16:06:19]: id=1; Sergei Filippov
[21.1.2019; 16:06:58]: id=2; Dmitry Paramonov
[21.1.2019; 16:07:37]: id=15; Yuriy Gorbatko
[21.1.2019; 16:10:45]: id=3; Dmitry Zair-Bek
[21.1.2019; 16:19:07]: id=3; Dmitry Zair-Bek
[21.1.2019; 16:19:51]: id=2; Dmitry Paramonov
[21.1.2019; 16:50:17]: id=3; Dmitry Zair-Bek
[21.1.2019; 16:56:57]: id=6; Roman Skibitskiy
[21.1.2019; 17:52:12]: id=1; Sergei Filippov
[21.1.2019; 18:21:35]: id=5; Konstantin Amelichev
[21.1.2019; 18:32:52]: id=5; Konstantin Amelichev
[21.1.2019; 18:33:10]: id=2; Dmitry Paramonov
[21.1.2019; 18:33:20]: id=2; Dmitry Paramonov
[21.1.2019; 18:34:40]: id=5; Konstantin Amelichev
[21.1.2019; 18:37:20]: id=5; Konstantin Amelichev
[21.1.2019; 18:38:45]: id=5; Konstantin Amelichev
[21.1.2019; 18:40:03]: id=5; Konstantin Amelichev
[21.1.2019; 18:42:56]: id=5; Konstantin Amelichev
[21.1.2019; 18:43:45]: id=5; Konstantin Amelichev
[21.1.2019; 18:43:56]: id=5; Konstantin Amelichev
[21.1.2019; 18:45:26]: id=5; Konstantin Amelichev
[21.1.2019; 18:57:21]: id=5; Konstantin Amelichev
[21.1.2019; 19:54:36]: id=5; Konstantin Amelichev
[21.1.2019; 20:51:29]: id=2; Dmitry Paramonov
[21.1.2019; 21:15:37]: id=1; Sergei Filippov
[21.1.2019; 21:33:33]: id=2; Dmitry Paramonov
[21.1.2019; 21:37:07]: id=5; Konstantin Amelichev
[21.1.2019; 21:41:20]: id=2; Dmitry Paramonov
[21.1.2019; 22:22:12]: id=6; Roman Skibitskiy
