[21.2.2019; 11:41:24]: id=2; Dmitry Paramonov
[21.2.2019; 11:52:16]: id=2; Dmitry Paramonov
[21.2.2019; 11:57:24]: id=2; Dmitry Paramonov
[21.2.2019; 12:07:43]: id=36; Maxim Boyarsky
[21.2.2019; 13:38:31]: id=37; Vasily Suvorov
[21.2.2019; 13:41:44]: id=31; Alex Lastra-Grek
[21.2.2019; 13:44:07]: id=37; Vasily Suvorov
[21.2.2019; 13:52:25]: id=2; Dmitry Paramonov
[21.2.2019; 13:58:22]: id=31; Alex Lastra-Grek
[21.2.2019; 14:16:40]: id=24; Arkadiy Gordon
[21.2.2019; 15:10:33]: id=2; Dmitry Paramonov
[21.2.2019; 15:35:14]: id=2; Dmitry Paramonov
[21.2.2019; 15:37:12]: id=1; Sergei Filippov
[21.2.2019; 15:41:07]: id=1; Sergei Filippov
[21.2.2019; 15:44:11]: id=3; Dmitry Zair-Bek
[21.2.2019; 15:53:29]: id=1; Sergei Filippov
[21.2.2019; 16:00:04]: id=1; Sergei Filippov
[21.2.2019; 18:10:21]: id=2; Dmitry Paramonov
[21.2.2019; 18:56:12]: id=27; Sergei Syrykh
[21.2.2019; 19:43:34]: id=7; Vladimir Blagodarov
[21.2.2019; 20:09:20]: id=33; vahta
[21.2.2019; 20:10:40]: id=2; Dmitry Paramonov
[21.2.2019; 20:24:24]: id=22; Dmitry Paramonov
