[21.3.2019; 08:16:48]: id=33; vahta
[21.3.2019; 08:35:15]: id=4; Mark Marvakh
[21.3.2019; 08:54:26]: id=34; Maksim Novikov
[21.3.2019; 08:57:13]: id=31; Alex Lastra-Grek
[21.3.2019; 09:03:11]: id=2; Dmitry Paramonov
[21.3.2019; 09:04:12]: id=27; Sergei Syrykh
[21.3.2019; 09:09:24]: id=1; Sergei Filippov
[21.3.2019; 09:41:56]: id=34; Maksim Novikov
[21.3.2019; 09:45:35]: id=27; Sergei Syrykh
[21.3.2019; 09:53:11]: id=31; Alex Lastra-Grek
[21.3.2019; 09:55:07]: id=2; Dmitry Paramonov
[21.3.2019; 09:57:40]: id=2; Dmitry Paramonov
[21.3.2019; 10:04:13]: id=34; Maksim Novikov
[21.3.2019; 10:44:09]: id=2; Dmitry Paramonov
[21.3.2019; 10:53:51]: id=1; Sergei Filippov
[21.3.2019; 10:57:04]: id=27; Sergei Syrykh
[21.3.2019; 11:16:50]: id=25; Irina Tomak
[21.3.2019; 11:25:05]: id=25; Irina Tomak
[21.3.2019; 11:27:05]: id=25; Irina Tomak
[21.3.2019; 11:55:37]: id=25; Irina Tomak
[21.3.2019; 12:16:47]: id=34; Maksim Novikov
[21.3.2019; 12:41:27]: id=25; Irina Tomak
[21.3.2019; 12:42:20]: id=11; Nikolay Gorelov
[21.3.2019; 12:44:01]: id=2; Dmitry Paramonov
[21.3.2019; 12:46:46]: id=28; Maria Peskina
[21.3.2019; 12:49:00]: id=1; Sergei Filippov
[21.3.2019; 13:38:12]: id=4; Mark Marvakh
[21.3.2019; 13:44:20]: id=4; Mark Marvakh
[21.3.2019; 13:58:45]: id=26; Daniil Iglin
[21.3.2019; 14:23:28]: id=25; Irina Tomak
[21.3.2019; 14:49:28]: id=31; Alex Lastra-Grek
[21.3.2019; 15:09:58]: id=1; Sergei Filippov
[21.3.2019; 15:16:12]: id=34; Maksim Novikov
[21.3.2019; 15:34:17]: id=26; Daniil Iglin
[21.3.2019; 15:40:35]: id=27; Sergei Syrykh
[21.3.2019; 15:47:51]: id=38; Alexander Alexeev
[21.3.2019; 15:51:01]: id=37; Vasily Suvorov
[21.3.2019; 15:51:05]: id=27; Sergei Syrykh
[21.3.2019; 16:03:14]: id=1; Sergei Filippov
[21.3.2019; 16:20:58]: id=1; Sergei Filippov
[21.3.2019; 16:57:37]: id=22; Dmitry Paramonov
[21.3.2019; 16:58:35]: id=2; Dmitry Paramonov
[21.3.2019; 17:01:19]: id=2; Dmitry Paramonov
[21.3.2019; 18:20:38]: id=2; Dmitry Paramonov
[21.3.2019; 19:08:57]: id=27; Sergei Syrykh
[21.3.2019; 20:55:45]: id=26; Daniil Iglin
[21.3.2019; 21:27:41]: id=33; vahta
