[21.5.2019; 08:10:44]: id=33; vahta
[21.5.2019; 10:12:43]: id=2; Dmitry Paramonov
[21.5.2019; 10:14:17]: id=2; Dmitry Paramonov
[21.5.2019; 10:34:38]: id=4; Mark Marvakh
[21.5.2019; 10:39:42]: id=34; Maksim Novikov
[21.5.2019; 10:48:02]: id=15; Yuriy Gorbatko
[21.5.2019; 10:54:51]: id=15; Yuriy Gorbatko
[21.5.2019; 10:57:08]: id=15; Yuriy Gorbatko
[21.5.2019; 10:57:57]: id=2; Dmitry Paramonov
[21.5.2019; 11:04:41]: id=16; Sofia Rosenblum
[21.5.2019; 11:24:29]: id=1; Sergei Filippov
[21.5.2019; 11:29:49]: id=1; Sergei Filippov
[21.5.2019; 11:51:26]: id=4; Mark Marvakh
[21.5.2019; 12:00:41]: id=3; Dmitry Zair-Bek
[21.5.2019; 12:01:36]: id=3; Dmitry Zair-Bek
[21.5.2019; 12:08:46]: id=3; Dmitry Zair-Bek
[21.5.2019; 13:10:21]: id=1; Sergei Filippov
[21.5.2019; 13:16:05]: id=5; Konstantin Amelichev
[21.5.2019; 13:24:17]: id=1; Sergei Filippov
[21.5.2019; 13:25:13]: id=1; Sergei Filippov
[21.5.2019; 13:25:15]: id=1; Sergei Filippov
[21.5.2019; 13:25:42]: id=5; Konstantin Amelichev
[21.5.2019; 13:25:45]: id=5; Konstantin Amelichev
[21.5.2019; 13:29:02]: id=15; Yuriy Gorbatko
[21.5.2019; 13:39:21]: id=34; Maksim Novikov
[21.5.2019; 13:56:24]: id=34; Maksim Novikov
[21.5.2019; 13:56:31]: id=5; Konstantin Amelichev
[21.5.2019; 13:56:35]: id=5; Konstantin Amelichev
[21.5.2019; 14:13:25]: id=5; Konstantin Amelichev
[21.5.2019; 14:17:50]: id=34; Maksim Novikov
[21.5.2019; 14:34:28]: id=5; Konstantin Amelichev
[21.5.2019; 15:01:04]: id=5; Konstantin Amelichev
[21.5.2019; 15:15:04]: id=34; Maksim Novikov
[21.5.2019; 15:19:28]: id=1; Sergei Filippov
[21.5.2019; 15:20:28]: id=2; Dmitry Paramonov
[21.5.2019; 15:38:11]: id=1; Sergei Filippov
[21.5.2019; 15:40:42]: id=11; Nikolay Gorelov
[21.5.2019; 15:51:04]: id=5; Konstantin Amelichev
[21.5.2019; 15:53:11]: id=5; Konstantin Amelichev
[21.5.2019; 15:57:23]: id=5; Konstantin Amelichev
[21.5.2019; 15:59:08]: id=5; Konstantin Amelichev
[21.5.2019; 16:09:36]: id=5; Konstantin Amelichev
[21.5.2019; 16:10:23]: id=5; Konstantin Amelichev
[21.5.2019; 16:18:18]: id=34; Maksim Novikov
[21.5.2019; 16:32:22]: id=5; Konstantin Amelichev
[21.5.2019; 16:47:03]: id=34; Maksim Novikov
[21.5.2019; 16:53:35]: id=33; vahta
[21.5.2019; 17:43:20]: id=34; Maksim Novikov
[21.5.2019; 17:45:26]: id=2; Dmitry Paramonov
[21.5.2019; 17:52:53]: id=1; Sergei Filippov
[21.5.2019; 17:56:02]: id=1; Sergei Filippov
[21.5.2019; 17:56:53]: id=1; Sergei Filippov
[21.5.2019; 17:59:11]: id=2; Dmitry Paramonov
[21.5.2019; 18:05:30]: id=11; Nikolay Gorelov
[21.5.2019; 18:09:02]: id=5; Konstantin Amelichev
[21.5.2019; 18:10:39]: id=2; Dmitry Paramonov
[21.5.2019; 18:22:00]: id=5; Konstantin Amelichev
[21.5.2019; 19:49:17]: id=33; vahta
