[22.1.2019; 07:57:05]: id=1; Sergei Filippov
[22.1.2019; 08:02:26]: id=1; Sergei Filippov
[22.1.2019; 08:18:31]: id=33; vahta
[22.1.2019; 09:08:56]: id=31; Alex Lastra-Grek
[22.1.2019; 09:10:10]: id=2; Dmitry Paramonov
[22.1.2019; 09:23:00]: id=2; Dmitry Paramonov
[22.1.2019; 09:32:21]: id=1; Sergei Filippov
[22.1.2019; 09:45:53]: id=2; Dmitry Paramonov
[22.1.2019; 09:55:26]: id=34; Maksim Novikov
[22.1.2019; 09:58:23]: id=2; Dmitry Paramonov
[22.1.2019; 09:59:21]: id=34; Maksim Novikov
[22.1.2019; 10:09:43]: id=1; Sergei Filippov
[22.1.2019; 10:21:18]: id=2; Dmitry Paramonov
[22.1.2019; 10:46:46]: id=1; Sergei Filippov
[22.1.2019; 11:05:16]: id=2; Dmitry Paramonov
[22.1.2019; 11:10:35]: id=2; Dmitry Paramonov
[22.1.2019; 11:12:00]: id=13; medical
[22.1.2019; 11:34:04]: id=2; Dmitry Paramonov
[22.1.2019; 11:47:57]: id=2; Dmitry Paramonov
[22.1.2019; 11:54:48]: id=1; Sergei Filippov
[22.1.2019; 11:59:27]: id=2; Dmitry Paramonov
[22.1.2019; 12:30:22]: id=5; Konstantin Amelichev
[22.1.2019; 12:32:07]: id=5; Konstantin Amelichev
[22.1.2019; 12:39:45]: id=28; Maria Peskina
[22.1.2019; 12:45:36]: id=28; Maria Peskina
[22.1.2019; 13:35:21]: id=2; Dmitry Paramonov
[22.1.2019; 13:40:59]: id=22; Dmitry Paramonov
[22.1.2019; 13:43:55]: id=1; Sergei Filippov
[22.1.2019; 14:00:34]: id=28; Maria Peskina
[22.1.2019; 14:00:36]: id=28; Maria Peskina
[22.1.2019; 14:04:19]: id=28; Maria Peskina
[22.1.2019; 14:11:03]: id=7; Vladimir Blagodarov
[22.1.2019; 14:35:20]: id=2; Dmitry Paramonov
[22.1.2019; 14:45:12]: id=5; Konstantin Amelichev
[22.1.2019; 14:56:58]: id=2; Dmitry Paramonov
[22.1.2019; 15:00:47]: id=28; Maria Peskina
[22.1.2019; 15:00:53]: id=1; Sergei Filippov
[22.1.2019; 15:00:59]: id=28; Maria Peskina
[22.1.2019; 15:08:43]: id=2; Dmitry Paramonov
[22.1.2019; 15:25:51]: id=2; Dmitry Paramonov
[22.1.2019; 15:42:47]: id=2; Dmitry Paramonov
[22.1.2019; 15:46:45]: id=5; Konstantin Amelichev
[22.1.2019; 15:48:57]: id=17; Temporary card
[22.1.2019; 15:49:37]: id=5; Konstantin Amelichev
[22.1.2019; 15:50:39]: id=3; Dmitry Zair-Bek
[22.1.2019; 15:52:03]: id=31; Alex Lastra-Grek
[22.1.2019; 15:53:11]: id=5; Konstantin Amelichev
[22.1.2019; 15:57:17]: id=1; Sergei Filippov
[22.1.2019; 16:14:30]: id=34; Maksim Novikov
[22.1.2019; 16:41:19]: id=1; Sergei Filippov
[22.1.2019; 17:40:30]: id=5; Konstantin Amelichev
[22.1.2019; 18:03:00]: id=3; Dmitry Zair-Bek
[22.1.2019; 18:04:44]: id=1; Sergei Filippov
[22.1.2019; 18:11:40]: id=28; Maria Peskina
[22.1.2019; 18:27:27]: id=28; Maria Peskina
[22.1.2019; 18:40:53]: id=3; Dmitry Zair-Bek
[22.1.2019; 18:53:13]: id=5; Konstantin Amelichev
[22.1.2019; 19:29:25]: id=1; Sergei Filippov
[22.1.2019; 19:31:30]: id=1; Sergei Filippov
[22.1.2019; 19:34:56]: id=5; Konstantin Amelichev
[22.1.2019; 20:06:55]: id=33; vahta
[22.1.2019; 20:28:24]: id=33; vahta
