[22.3.2019; 07:55:48]: id=1; Sergei Filippov
[22.3.2019; 08:11:38]: id=33; vahta
[22.3.2019; 08:12:30]: id=33; vahta
[22.3.2019; 08:53:11]: id=26; Daniil Iglin
[22.3.2019; 09:09:32]: id=7; Vladimir Blagodarov
[22.3.2019; 09:12:59]: id=7; Vladimir Blagodarov
[22.3.2019; 09:49:05]: id=26; Daniil Iglin
[22.3.2019; 10:00:39]: id=33; vahta
[22.3.2019; 10:03:26]: id=28; Maria Peskina
[22.3.2019; 10:36:51]: id=33; vahta
[22.3.2019; 10:45:53]: id=26; Daniil Iglin
[22.3.2019; 10:49:54]: id=31; Alex Lastra-Grek
[22.3.2019; 11:00:36]: id=1; Sergei Filippov
[22.3.2019; 11:51:12]: id=31; Alex Lastra-Grek
[22.3.2019; 11:54:06]: id=1; Sergei Filippov
[22.3.2019; 11:54:13]: id=1; Sergei Filippov
[22.3.2019; 11:55:07]: id=28; Maria Peskina
[22.3.2019; 12:16:46]: id=25; Irina Tomak
[22.3.2019; 12:26:58]: id=31; Alex Lastra-Grek
[22.3.2019; 12:41:18]: id=25; Irina Tomak
[22.3.2019; 12:42:22]: id=25; Irina Tomak
[22.3.2019; 12:44:03]: id=2; Dmitry Paramonov
[22.3.2019; 12:51:54]: id=25; Irina Tomak
[22.3.2019; 12:51:56]: id=25; Irina Tomak
[22.3.2019; 12:54:48]: id=33; vahta
[22.3.2019; 12:55:28]: id=33; vahta
[22.3.2019; 12:59:52]: id=26; Daniil Iglin
[22.3.2019; 13:03:33]: id=26; Daniil Iglin
[22.3.2019; 13:19:23]: id=33; vahta
[22.3.2019; 13:31:50]: id=10; Sergei Skvortsov
[22.3.2019; 13:39:26]: id=22; Dmitry Paramonov
[22.3.2019; 13:39:49]: id=33; vahta
[22.3.2019; 13:44:50]: id=1; Sergei Filippov
[22.3.2019; 13:59:46]: id=2; Dmitry Paramonov
[22.3.2019; 14:07:00]: id=25; Irina Tomak
[22.3.2019; 14:18:36]: id=2; Dmitry Paramonov
[22.3.2019; 14:40:05]: id=31; Alex Lastra-Grek
[22.3.2019; 14:44:15]: id=1; Sergei Filippov
[22.3.2019; 14:51:15]: id=1; Sergei Filippov
[22.3.2019; 14:52:43]: id=1; Sergei Filippov
[22.3.2019; 14:55:49]: id=31; Alex Lastra-Grek
[22.3.2019; 14:56:59]: id=1; Sergei Filippov
[22.3.2019; 15:26:19]: id=7; Vladimir Blagodarov
[22.3.2019; 16:05:29]: id=2; Dmitry Paramonov
[22.3.2019; 16:06:14]: id=1; Sergei Filippov
[22.3.2019; 16:59:04]: id=2; Dmitry Paramonov
[22.3.2019; 17:10:18]: id=1; Sergei Filippov
[22.3.2019; 18:15:54]: id=1; Sergei Filippov
[22.3.2019; 18:19:04]: id=7; Vladimir Blagodarov
[22.3.2019; 18:33:45]: id=31; Alex Lastra-Grek
[22.3.2019; 18:51:51]: id=33; vahta
[22.3.2019; 19:19:45]: id=31; Alex Lastra-Grek
[22.3.2019; 19:31:40]: id=31; Alex Lastra-Grek
[22.3.2019; 19:51:07]: id=33; vahta
[22.3.2019; 19:56:29]: id=1; Sergei Filippov
