[22.4.2019; 11:55:19]: id=34; Maksim Novikov
[22.4.2019; 11:55:21]: id=34; Maksim Novikov
[22.4.2019; 11:55:23]: id=34; Maksim Novikov
[22.4.2019; 11:56:06]: id=34; Maksim Novikov
[22.4.2019; 12:41:11]: id=34; Maksim Novikov
[22.4.2019; 12:42:34]: id=5; Konstantin Amelichev
[22.4.2019; 12:42:56]: id=4; Mark Marvakh
[22.4.2019; 12:49:11]: id=1; Sergei Filippov
[22.4.2019; 12:51:55]: id=5; Konstantin Amelichev
[22.4.2019; 13:17:49]: id=15; Yuriy Gorbatko
[22.4.2019; 13:38:36]: id=5; Konstantin Amelichev
[22.4.2019; 13:43:42]: id=1; Sergei Filippov
[22.4.2019; 14:02:44]: id=26; Daniil Iglin
[22.4.2019; 14:43:45]: id=1; Sergei Filippov
[22.4.2019; 14:44:53]: id=26; Daniil Iglin
[22.4.2019; 14:45:09]: id=4; Mark Marvakh
[22.4.2019; 14:48:01]: id=34; Maksim Novikov
[22.4.2019; 16:54:03]: id=2; Dmitry Paramonov
[22.4.2019; 16:54:09]: id=2; Dmitry Paramonov
[22.4.2019; 16:54:11]: id=2; Dmitry Paramonov
[22.4.2019; 16:54:14]: id=2; Dmitry Paramonov
[22.4.2019; 17:23:15]: id=2; Dmitry Paramonov
[22.4.2019; 18:05:48]: id=26; Daniil Iglin
[22.4.2019; 18:07:58]: id=2; Dmitry Paramonov
[22.4.2019; 19:32:10]: id=5; Konstantin Amelichev
[22.4.2019; 19:32:14]: id=2; Dmitry Paramonov
[22.4.2019; 20:02:01]: id=5; Konstantin Amelichev
[22.4.2019; 20:02:04]: id=5; Konstantin Amelichev
[22.4.2019; 20:02:06]: id=5; Konstantin Amelichev
[22.4.2019; 20:10:30]: id=5; Konstantin Amelichev
[22.4.2019; 20:10:36]: id=5; Konstantin Amelichev
[22.4.2019; 20:14:03]: id=5; Konstantin Amelichev
[22.4.2019; 20:14:05]: id=5; Konstantin Amelichev
[22.4.2019; 20:14:07]: id=5; Konstantin Amelichev
[22.4.2019; 20:14:09]: id=5; Konstantin Amelichev
[22.4.2019; 20:28:30]: id=5; Konstantin Amelichev
[22.4.2019; 20:32:13]: id=2; Dmitry Paramonov
[22.4.2019; 20:32:15]: id=2; Dmitry Paramonov
[22.4.2019; 20:35:26]: id=6; Roman Skibitskiy
[22.4.2019; 20:40:41]: id=1; Sergei Filippov
[22.4.2019; 21:21:16]: id=5; Konstantin Amelichev
[22.4.2019; 21:21:18]: id=5; Konstantin Amelichev
[22.4.2019; 21:21:20]: id=5; Konstantin Amelichev
[22.4.2019; 21:21:22]: id=5; Konstantin Amelichev
[22.4.2019; 21:25:39]: id=5; Konstantin Amelichev
[22.4.2019; 21:31:48]: id=1; Sergei Filippov
[22.4.2019; 21:34:27]: id=1; Sergei Filippov
[22.4.2019; 21:34:30]: id=1; Sergei Filippov
[22.4.2019; 21:34:32]: id=1; Sergei Filippov
[22.4.2019; 21:40:24]: id=2; Dmitry Paramonov
[22.4.2019; 21:59:43]: id=1; Sergei Filippov
[22.4.2019; 22:00:02]: id=1; Sergei Filippov
[22.4.2019; 22:17:32]: id=6; Roman Skibitskiy
[22.4.2019; 22:28:06]: id=6; Roman Skibitskiy
[22.4.2019; 22:32:30]: id=6; Roman Skibitskiy
[22.4.2019; 22:39:31]: id=6; Roman Skibitskiy
[22.4.2019; 22:48:08]: id=33; vahta
