[22.5.2019; 08:22:24]: id=33; vahta
[22.5.2019; 08:22:26]: id=33; vahta
[22.5.2019; 11:02:00]: id=16; Sofia Rosenblum
[22.5.2019; 11:18:33]: id=27; Sergei Syrykh
[22.5.2019; 11:43:56]: id=27; Sergei Syrykh
[22.5.2019; 11:43:58]: id=27; Sergei Syrykh
[22.5.2019; 12:09:57]: id=26; Daniil Iglin
[22.5.2019; 12:21:22]: id=2; Dmitry Paramonov
[22.5.2019; 12:21:43]: id=5; Konstantin Amelichev
[22.5.2019; 12:23:36]: id=34; Maksim Novikov
[22.5.2019; 12:23:38]: id=34; Maksim Novikov
[22.5.2019; 12:24:59]: id=5; Konstantin Amelichev
[22.5.2019; 12:25:01]: id=5; Konstantin Amelichev
[22.5.2019; 12:25:03]: id=5; Konstantin Amelichev
[22.5.2019; 12:25:15]: id=1; Sergei Filippov
[22.5.2019; 12:25:55]: id=5; Konstantin Amelichev
[22.5.2019; 12:26:25]: id=5; Konstantin Amelichev
[22.5.2019; 13:14:08]: id=37; Vasily Suvorov
[22.5.2019; 13:33:52]: id=34; Maksim Novikov
[22.5.2019; 13:42:56]: id=34; Maksim Novikov
[22.5.2019; 13:46:42]: id=34; Maksim Novikov
[22.5.2019; 13:47:50]: id=34; Maksim Novikov
[22.5.2019; 13:57:26]: id=34; Maksim Novikov
[22.5.2019; 14:30:24]: id=15; Yuriy Gorbatko
[22.5.2019; 14:39:06]: id=15; Yuriy Gorbatko
[22.5.2019; 14:51:13]: id=26; Daniil Iglin
[22.5.2019; 14:59:44]: id=5; Konstantin Amelichev
[22.5.2019; 15:03:07]: id=5; Konstantin Amelichev
[22.5.2019; 18:33:04]: id=27; Sergei Syrykh
[22.5.2019; 18:37:19]: id=27; Sergei Syrykh
[22.5.2019; 18:42:26]: id=27; Sergei Syrykh
[22.5.2019; 19:08:29]: id=27; Sergei Syrykh
