[23.1.2019; 07:47:16]: id=1; Sergei Filippov
[23.1.2019; 07:55:46]: id=22; Dmitry Paramonov
[23.1.2019; 07:57:30]: id=2; Dmitry Paramonov
[23.1.2019; 08:05:16]: id=3; Dmitry Zair-Bek
[23.1.2019; 08:07:17]: id=4; Mark Marvakh
[23.1.2019; 08:07:19]: id=4; Mark Marvakh
[23.1.2019; 08:40:25]: id=34; Maksim Novikov
[23.1.2019; 08:41:52]: id=1; Sergei Filippov
[23.1.2019; 09:07:52]: id=13; medical
[23.1.2019; 09:43:58]: id=15; Yuriy Gorbatko
[23.1.2019; 09:50:05]: id=3; Dmitry Zair-Bek
[23.1.2019; 09:50:13]: id=4; Mark Marvakh
[23.1.2019; 10:02:58]: id=1; Sergei Filippov
[23.1.2019; 10:45:28]: id=1; Sergei Filippov
[23.1.2019; 10:52:26]: id=1; Sergei Filippov
[23.1.2019; 11:30:45]: id=2; Dmitry Paramonov
[23.1.2019; 12:00:09]: id=33; vahta
[23.1.2019; 12:51:42]: id=31; Alex Lastra-Grek
[23.1.2019; 12:55:42]: id=3; Dmitry Zair-Bek
[23.1.2019; 12:59:10]: id=31; Alex Lastra-Grek
[23.1.2019; 13:04:04]: id=31; Alex Lastra-Grek
[23.1.2019; 13:20:08]: id=34; Maksim Novikov
[23.1.2019; 13:37:01]: id=17; Temporary card
[23.1.2019; 13:45:28]: id=2; Dmitry Paramonov
[23.1.2019; 13:51:19]: id=3; Dmitry Zair-Bek
[23.1.2019; 13:54:24]: id=1; Sergei Filippov
[23.1.2019; 13:56:45]: id=31; Alex Lastra-Grek
[23.1.2019; 13:57:29]: id=5; Konstantin Amelichev
[23.1.2019; 14:44:51]: id=31; Alex Lastra-Grek
[23.1.2019; 15:00:22]: id=2; Dmitry Paramonov
[23.1.2019; 15:00:50]: id=3; Dmitry Zair-Bek
[23.1.2019; 15:02:08]: id=4; Mark Marvakh
[23.1.2019; 15:26:21]: id=3; Dmitry Zair-Bek
[23.1.2019; 15:27:17]: id=1; Sergei Filippov
[23.1.2019; 15:28:22]: id=2; Dmitry Paramonov
[23.1.2019; 15:28:45]: id=1; Sergei Filippov
[23.1.2019; 15:29:00]: id=3; Dmitry Zair-Bek
[23.1.2019; 15:38:38]: id=2; Dmitry Paramonov
[23.1.2019; 15:42:57]: id=1; Sergei Filippov
[23.1.2019; 15:45:57]: id=2; Dmitry Paramonov
[23.1.2019; 15:47:59]: id=31; Alex Lastra-Grek
[23.1.2019; 15:48:37]: id=2; Dmitry Paramonov
[23.1.2019; 15:53:34]: id=31; Alex Lastra-Grek
[23.1.2019; 16:05:13]: id=34; Maksim Novikov
[23.1.2019; 16:14:37]: id=34; Maksim Novikov
[23.1.2019; 16:27:29]: id=3; Dmitry Zair-Bek
[23.1.2019; 16:29:33]: id=1; Sergei Filippov
[23.1.2019; 16:31:55]: id=1; Sergei Filippov
[23.1.2019; 16:32:24]: id=2; Dmitry Paramonov
[23.1.2019; 16:39:35]: id=31; Alex Lastra-Grek
[23.1.2019; 16:55:19]: id=17; Temporary card
[23.1.2019; 17:13:58]: id=34; Maksim Novikov
[23.1.2019; 17:45:33]: id=3; Dmitry Zair-Bek
[23.1.2019; 17:46:44]: id=17; Temporary card
[23.1.2019; 18:06:17]: id=3; Dmitry Zair-Bek
[23.1.2019; 18:30:48]: id=31; Alex Lastra-Grek
[23.1.2019; 18:33:12]: id=2; Dmitry Paramonov
[23.1.2019; 18:43:32]: id=34; Maksim Novikov
[23.1.2019; 19:01:11]: id=34; Maksim Novikov
[23.1.2019; 19:08:16]: id=31; Alex Lastra-Grek
[23.1.2019; 19:19:08]: id=34; Maksim Novikov
[23.1.2019; 20:04:07]: id=17; Temporary card
[23.1.2019; 20:46:38]: id=31; Alex Lastra-Grek
[23.1.2019; 21:00:17]: id=31; Alex Lastra-Grek
[23.1.2019; 21:04:34]: id=31; Alex Lastra-Grek
[23.1.2019; 21:12:00]: id=31; Alex Lastra-Grek
[23.1.2019; 21:26:58]: id=33; vahta
[23.1.2019; 21:35:36]: id=31; Alex Lastra-Grek
[23.1.2019; 21:39:13]: id=34; Maksim Novikov
