[23.4.2019; 08:03:30]: id=27; Sergei Syrykh
[23.4.2019; 08:11:16]: id=27; Sergei Syrykh
[23.4.2019; 08:29:30]: id=27; Sergei Syrykh
[23.4.2019; 08:30:44]: id=27; Sergei Syrykh
[23.4.2019; 08:41:38]: id=34; Maksim Novikov
[23.4.2019; 08:43:31]: id=33; vahta
[23.4.2019; 08:54:03]: id=15; Yuriy Gorbatko
[23.4.2019; 08:57:46]: id=27; Sergei Syrykh
[23.4.2019; 09:48:24]: id=34; Maksim Novikov
[23.4.2019; 09:50:19]: id=15; Yuriy Gorbatko
[23.4.2019; 10:44:28]: id=23; Igor Kornev
[23.4.2019; 10:45:26]: id=5; Konstantin Amelichev
[23.4.2019; 10:49:25]: id=15; Yuriy Gorbatko
[23.4.2019; 10:55:09]: id=23; Igor Kornev
[23.4.2019; 10:55:11]: id=23; Igor Kornev
[23.4.2019; 11:48:57]: id=34; Maksim Novikov
[23.4.2019; 11:52:02]: id=5; Konstantin Amelichev
[23.4.2019; 11:52:59]: id=33; vahta
[23.4.2019; 11:55:07]: id=3; Dmitry Zair-Bek
[23.4.2019; 12:01:19]: id=27; Sergei Syrykh
[23.4.2019; 12:01:30]: id=3; Dmitry Zair-Bek
[23.4.2019; 12:07:53]: id=42; Temporary card 1
[23.4.2019; 12:13:47]: id=16; Sofia Rosenblum
[23.4.2019; 12:14:18]: id=42; Temporary card 1
[23.4.2019; 12:25:29]: id=15; Yuriy Gorbatko
[23.4.2019; 12:25:47]: id=3; Dmitry Zair-Bek
[23.4.2019; 12:33:18]: id=27; Sergei Syrykh
[23.4.2019; 12:52:26]: id=5; Konstantin Amelichev
[23.4.2019; 13:01:47]: id=34; Maksim Novikov
[23.4.2019; 13:14:12]: id=34; Maksim Novikov
[23.4.2019; 13:39:41]: id=37; Vasily Suvorov
[23.4.2019; 13:39:45]: id=37; Vasily Suvorov
[23.4.2019; 13:47:04]: id=5; Konstantin Amelichev
[23.4.2019; 14:06:59]: id=26; Daniil Iglin
[23.4.2019; 14:42:32]: id=37; Vasily Suvorov
[23.4.2019; 14:43:13]: id=34; Maksim Novikov
[23.4.2019; 14:44:39]: id=34; Maksim Novikov
[23.4.2019; 14:44:41]: id=34; Maksim Novikov
[23.4.2019; 14:46:27]: id=5; Konstantin Amelichev
[23.4.2019; 15:06:33]: id=26; Daniil Iglin
[23.4.2019; 15:12:33]: id=33; vahta
[23.4.2019; 15:20:39]: id=5; Konstantin Amelichev
[23.4.2019; 15:22:13]: id=5; Konstantin Amelichev
[23.4.2019; 15:43:07]: id=26; Daniil Iglin
[23.4.2019; 15:52:35]: id=26; Daniil Iglin
[23.4.2019; 15:54:04]: id=37; Vasily Suvorov
[23.4.2019; 16:44:15]: id=34; Maksim Novikov
[23.4.2019; 17:10:51]: id=37; Vasily Suvorov
[23.4.2019; 17:21:28]: id=26; Daniil Iglin
[23.4.2019; 17:59:18]: id=5; Konstantin Amelichev
[23.4.2019; 18:23:14]: id=37; Vasily Suvorov
[23.4.2019; 19:36:50]: id=5; Konstantin Amelichev
[23.4.2019; 19:37:11]: id=5; Konstantin Amelichev
[23.4.2019; 19:39:04]: id=5; Konstantin Amelichev
[23.4.2019; 19:39:10]: id=5; Konstantin Amelichev
[23.4.2019; 19:39:32]: id=5; Konstantin Amelichev
[23.4.2019; 20:07:44]: id=33; vahta
