[23.5.2019; 08:15:49]: id=1; Sergei Filippov
[23.5.2019; 08:18:37]: id=1; Sergei Filippov
[23.5.2019; 08:36:00]: id=4; Mark Marvakh
[23.5.2019; 08:45:10]: id=5; Konstantin Amelichev
[23.5.2019; 09:17:36]: id=33; vahta
[23.5.2019; 09:17:38]: id=33; vahta
[23.5.2019; 09:56:48]: id=5; Konstantin Amelichev
[23.5.2019; 09:57:05]: id=4; Mark Marvakh
[23.5.2019; 09:57:07]: id=4; Mark Marvakh
[23.5.2019; 09:57:09]: id=4; Mark Marvakh
[23.5.2019; 09:57:12]: id=4; Mark Marvakh
[23.5.2019; 09:58:36]: id=3; Dmitry Zair-Bek
[23.5.2019; 10:07:37]: id=3; Dmitry Zair-Bek
[23.5.2019; 10:18:50]: id=3; Dmitry Zair-Bek
[23.5.2019; 10:23:49]: id=5; Konstantin Amelichev
[23.5.2019; 10:41:30]: id=4; Mark Marvakh
[23.5.2019; 10:57:07]: id=11; Nikolay Gorelov
[23.5.2019; 10:57:45]: id=15; Yuriy Gorbatko
[23.5.2019; 11:01:19]: id=11; Nikolay Gorelov
[23.5.2019; 11:05:55]: id=11; Nikolay Gorelov
[23.5.2019; 11:09:13]: id=11; Nikolay Gorelov
[23.5.2019; 11:11:00]: id=4; Mark Marvakh
[23.5.2019; 11:11:10]: id=25; Irina Tomak
[23.5.2019; 11:14:24]: id=11; Nikolay Gorelov
[23.5.2019; 11:15:50]: id=15; Yuriy Gorbatko
[23.5.2019; 11:24:41]: id=3; Dmitry Zair-Bek
[23.5.2019; 11:25:13]: id=1; Sergei Filippov
[23.5.2019; 11:27:18]: id=27; Sergei Syrykh
[23.5.2019; 11:28:54]: id=27; Sergei Syrykh
[23.5.2019; 11:44:31]: id=1; Sergei Filippov
[23.5.2019; 11:46:26]: id=11; Nikolay Gorelov
[23.5.2019; 13:58:20]: id=4; Mark Marvakh
[23.5.2019; 16:14:21]: id=33; vahta
[23.5.2019; 16:50:10]: id=1; Sergei Filippov
