[24.1.2019; 07:22:46]: id=3; Dmitry Zair-Bek
[24.1.2019; 07:29:47]: id=3; Dmitry Zair-Bek
[24.1.2019; 07:32:05]: id=3; Dmitry Zair-Bek
[24.1.2019; 07:36:45]: id=3; Dmitry Zair-Bek
[24.1.2019; 07:45:40]: id=3; Dmitry Zair-Bek
[24.1.2019; 07:47:43]: id=1; Sergei Filippov
[24.1.2019; 07:58:56]: id=34; Maksim Novikov
[24.1.2019; 08:00:21]: id=34; Maksim Novikov
[24.1.2019; 08:14:06]: id=1; Sergei Filippov
[24.1.2019; 08:18:23]: id=4; Mark Marvakh
[24.1.2019; 08:30:40]: id=3; Dmitry Zair-Bek
[24.1.2019; 09:02:11]: id=15; Yuriy Gorbatko
[24.1.2019; 09:48:46]: id=3; Dmitry Zair-Bek
[24.1.2019; 10:41:14]: id=1; Sergei Filippov
[24.1.2019; 10:48:42]: id=1; Sergei Filippov
[24.1.2019; 10:52:15]: id=1; Sergei Filippov
[24.1.2019; 11:10:32]: id=15; Yuriy Gorbatko
[24.1.2019; 14:49:29]: id=34; Maksim Novikov
[24.1.2019; 14:51:10]: id=15; Yuriy Gorbatko
[24.1.2019; 14:52:11]: id=1; Sergei Filippov
[24.1.2019; 15:00:30]: id=3; Dmitry Zair-Bek
[24.1.2019; 15:02:36]: id=4; Mark Marvakh
[24.1.2019; 15:06:18]: id=31; Alex Lastra-Grek
[24.1.2019; 15:07:11]: id=4; Mark Marvakh
[24.1.2019; 15:28:00]: id=3; Dmitry Zair-Bek
[24.1.2019; 16:16:20]: id=1; Sergei Filippov
[24.1.2019; 16:38:15]: id=1; Sergei Filippov
