[25.1.2019; 08:25:33]: id=33; vahta
[25.1.2019; 08:27:40]: id=1; Sergei Filippov
[25.1.2019; 08:36:17]: id=1; Sergei Filippov
[25.1.2019; 09:09:49]: id=15; Yuriy Gorbatko
[25.1.2019; 09:13:44]: id=1; Sergei Filippov
[25.1.2019; 09:47:08]: id=15; Yuriy Gorbatko
[25.1.2019; 09:59:35]: id=2; Dmitry Paramonov
[25.1.2019; 10:03:43]: id=2; Dmitry Paramonov
[25.1.2019; 11:04:36]: id=3; Dmitry Zair-Bek
[25.1.2019; 11:09:46]: id=2; Dmitry Paramonov
[25.1.2019; 11:38:53]: id=15; Yuriy Gorbatko
[25.1.2019; 12:45:09]: id=34; Maksim Novikov
[25.1.2019; 12:45:41]: id=1; Sergei Filippov
[25.1.2019; 13:27:48]: id=34; Maksim Novikov
[25.1.2019; 13:44:08]: id=1; Sergei Filippov
[25.1.2019; 13:52:51]: id=2; Dmitry Paramonov
[25.1.2019; 13:53:33]: id=3; Dmitry Zair-Bek
[25.1.2019; 14:06:02]: id=3; Dmitry Zair-Bek
[25.1.2019; 14:09:41]: id=3; Dmitry Zair-Bek
[25.1.2019; 14:10:29]: id=3; Dmitry Zair-Bek
[25.1.2019; 14:15:17]: id=2; Dmitry Paramonov
[25.1.2019; 14:42:10]: id=1; Sergei Filippov
[25.1.2019; 14:56:53]: id=31; Alex Lastra-Grek
[25.1.2019; 15:04:24]: id=31; Alex Lastra-Grek
[25.1.2019; 15:07:49]: id=17; Temporary card
[25.1.2019; 15:22:08]: id=34; Maksim Novikov
[25.1.2019; 15:42:15]: id=1; Sergei Filippov
[25.1.2019; 15:53:42]: id=2; Dmitry Paramonov
[25.1.2019; 15:58:46]: id=34; Maksim Novikov
[25.1.2019; 16:08:17]: id=34; Maksim Novikov
[25.1.2019; 16:09:23]: id=34; Maksim Novikov
[25.1.2019; 16:11:04]: id=2; Dmitry Paramonov
[25.1.2019; 16:18:39]: id=3; Dmitry Zair-Bek
[25.1.2019; 16:21:51]: id=3; Dmitry Zair-Bek
[25.1.2019; 16:23:32]: id=3; Dmitry Zair-Bek
[25.1.2019; 16:47:15]: id=1; Sergei Filippov
[25.1.2019; 16:52:34]: id=1; Sergei Filippov
[25.1.2019; 17:07:08]: id=34; Maksim Novikov
[25.1.2019; 17:26:09]: id=2; Dmitry Paramonov
[25.1.2019; 17:37:29]: id=1; Sergei Filippov
[25.1.2019; 17:45:40]: id=1; Sergei Filippov
[25.1.2019; 18:02:32]: id=3; Dmitry Zair-Bek
[25.1.2019; 18:18:00]: id=1; Sergei Filippov
[25.1.2019; 18:23:43]: id=1; Sergei Filippov
[25.1.2019; 18:25:07]: id=2; Dmitry Paramonov
[25.1.2019; 18:26:57]: id=22; Dmitry Paramonov
[25.1.2019; 18:29:13]: id=31; Alex Lastra-Grek
[25.1.2019; 18:44:09]: id=31; Alex Lastra-Grek
[25.1.2019; 20:23:54]: id=17; Temporary card
[25.1.2019; 20:24:33]: id=17; Temporary card
[25.1.2019; 20:26:05]: id=34; Maksim Novikov
[25.1.2019; 20:26:38]: id=31; Alex Lastra-Grek
