[25.2.2019; 07:44:21]: id=1; Sergei Filippov
[25.2.2019; 07:45:48]: id=33; vahta
[25.2.2019; 07:49:34]: id=1; Sergei Filippov
[25.2.2019; 09:00:54]: id=2; Dmitry Paramonov
[25.2.2019; 09:12:01]: id=31; Alex Lastra-Grek
[25.2.2019; 09:56:41]: id=15; Yuriy Gorbatko
[25.2.2019; 10:45:39]: id=2; Dmitry Paramonov
[25.2.2019; 10:47:33]: id=2; Dmitry Paramonov
[25.2.2019; 10:58:31]: id=31; Alex Lastra-Grek
[25.2.2019; 11:02:02]: id=31; Alex Lastra-Grek
[25.2.2019; 11:53:50]: id=17; Temporary card
[25.2.2019; 12:11:30]: id=25; Irina Tomak
[25.2.2019; 12:25:32]: id=31; Alex Lastra-Grek
[25.2.2019; 12:43:22]: id=3; Dmitry Zair-Bek
[25.2.2019; 12:43:24]: id=3; Dmitry Zair-Bek
[25.2.2019; 12:44:01]: id=15; Yuriy Gorbatko
[25.2.2019; 12:44:25]: id=3; Dmitry Zair-Bek
[25.2.2019; 12:50:24]: id=31; Alex Lastra-Grek
[25.2.2019; 13:39:04]: id=1; Sergei Filippov
[25.2.2019; 13:41:04]: id=2; Dmitry Paramonov
[25.2.2019; 14:11:47]: id=33; vahta
[25.2.2019; 14:41:46]: id=2; Dmitry Paramonov
[25.2.2019; 14:42:47]: id=1; Sergei Filippov
[25.2.2019; 14:45:01]: id=3; Dmitry Zair-Bek
[25.2.2019; 14:47:13]: id=31; Alex Lastra-Grek
[25.2.2019; 14:47:22]: id=31; Alex Lastra-Grek
[25.2.2019; 14:56:16]: id=1; Sergei Filippov
[25.2.2019; 14:57:01]: id=1; Sergei Filippov
[25.2.2019; 15:03:36]: id=31; Alex Lastra-Grek
[25.2.2019; 15:12:17]: id=11; Nikolay Gorelov
[25.2.2019; 15:48:02]: id=5; Konstantin Amelichev
[25.2.2019; 15:55:15]: id=1; Sergei Filippov
[25.2.2019; 15:55:51]: id=2; Dmitry Paramonov
[25.2.2019; 16:03:28]: id=1; Sergei Filippov
[25.2.2019; 16:05:26]: id=1; Sergei Filippov
[25.2.2019; 16:08:36]: id=1; Sergei Filippov
[25.2.2019; 16:17:47]: id=1; Sergei Filippov
[25.2.2019; 16:20:12]: id=5; Konstantin Amelichev
[25.2.2019; 16:31:54]: id=1; Sergei Filippov
[25.2.2019; 16:57:59]: id=6; Roman Skibitskiy
[25.2.2019; 17:28:28]: id=2; Dmitry Paramonov
[25.2.2019; 17:32:08]: id=2; Dmitry Paramonov
[25.2.2019; 17:53:49]: id=5; Konstantin Amelichev
[25.2.2019; 17:55:32]: id=2; Dmitry Paramonov
[25.2.2019; 17:55:44]: id=5; Konstantin Amelichev
[25.2.2019; 18:19:14]: id=5; Konstantin Amelichev
[25.2.2019; 18:19:22]: id=2; Dmitry Paramonov
[25.2.2019; 18:19:38]: id=1; Sergei Filippov
[25.2.2019; 18:19:46]: id=6; Roman Skibitskiy
[25.2.2019; 18:22:44]: id=1; Sergei Filippov
[25.2.2019; 19:32:58]: id=1; Sergei Filippov
[25.2.2019; 19:35:00]: id=6; Roman Skibitskiy
[25.2.2019; 19:39:43]: id=2; Dmitry Paramonov
[25.2.2019; 19:43:18]: id=2; Dmitry Paramonov
[25.2.2019; 19:43:31]: id=2; Dmitry Paramonov
[25.2.2019; 19:43:42]: id=2; Dmitry Paramonov
[25.2.2019; 19:43:44]: id=2; Dmitry Paramonov
[25.2.2019; 19:45:19]: id=5; Konstantin Amelichev
[25.2.2019; 19:48:40]: id=2; Dmitry Paramonov
[25.2.2019; 20:02:00]: id=2; Dmitry Paramonov
[25.2.2019; 20:04:37]: id=5; Konstantin Amelichev
[25.2.2019; 20:13:31]: id=3; Dmitry Zair-Bek
[25.2.2019; 20:14:26]: id=2; Dmitry Paramonov
[25.2.2019; 20:17:01]: id=3; Dmitry Zair-Bek
[25.2.2019; 20:38:11]: id=5; Konstantin Amelichev
[25.2.2019; 21:43:22]: id=5; Konstantin Amelichev
[25.2.2019; 21:54:50]: id=6; Roman Skibitskiy
[25.2.2019; 22:38:04]: id=33; vahta
