[25.3.2019; 07:57:09]: id=1; Sergei Filippov
[25.3.2019; 07:59:20]: id=1; Sergei Filippov
[25.3.2019; 08:27:50]: id=33; vahta
[25.3.2019; 08:37:22]: id=31; Alex Lastra-Grek
[25.3.2019; 08:58:40]: id=15; Yuriy Gorbatko
[25.3.2019; 09:13:14]: id=2; Dmitry Paramonov
[25.3.2019; 10:44:34]: id=2; Dmitry Paramonov
[25.3.2019; 10:45:54]: id=27; Sergei Syrykh
[25.3.2019; 11:48:15]: id=31; Alex Lastra-Grek
[25.3.2019; 12:00:12]: id=31; Alex Lastra-Grek
[25.3.2019; 12:33:17]: id=15; Yuriy Gorbatko
[25.3.2019; 12:33:45]: id=3; Dmitry Zair-Bek
[25.3.2019; 12:39:25]: id=3; Dmitry Zair-Bek
[25.3.2019; 12:46:50]: id=3; Dmitry Zair-Bek
[25.3.2019; 12:49:36]: id=2; Dmitry Paramonov
[25.3.2019; 12:51:34]: id=1; Sergei Filippov
[25.3.2019; 13:22:13]: id=31; Alex Lastra-Grek
[25.3.2019; 13:50:30]: id=31; Alex Lastra-Grek
[25.3.2019; 13:50:32]: id=31; Alex Lastra-Grek
[25.3.2019; 14:01:00]: id=1; Sergei Filippov
[25.3.2019; 14:37:19]: id=7; Vladimir Blagodarov
[25.3.2019; 14:44:32]: id=31; Alex Lastra-Grek
[25.3.2019; 14:51:12]: id=1; Sergei Filippov
[25.3.2019; 15:24:00]: id=31; Alex Lastra-Grek
[25.3.2019; 15:34:20]: id=31; Alex Lastra-Grek
[25.3.2019; 15:47:43]: id=37; Vasily Suvorov
[25.3.2019; 16:09:17]: id=2; Dmitry Paramonov
[25.3.2019; 16:10:27]: id=1; Sergei Filippov
[25.3.2019; 16:14:40]: id=1; Sergei Filippov
[25.3.2019; 16:31:35]: id=6; Roman Skibitskiy
[25.3.2019; 17:07:47]: id=1; Sergei Filippov
[25.3.2019; 17:27:28]: id=1; Sergei Filippov
[25.3.2019; 17:45:35]: id=2; Dmitry Paramonov
[25.3.2019; 18:03:37]: id=1; Sergei Filippov
[25.3.2019; 18:07:09]: id=3; Dmitry Zair-Bek
[25.3.2019; 18:15:09]: id=1; Sergei Filippov
[25.3.2019; 19:17:24]: id=5; Konstantin Amelichev
[25.3.2019; 19:34:51]: id=5; Konstantin Amelichev
[25.3.2019; 19:50:18]: id=6; Roman Skibitskiy
[25.3.2019; 20:30:09]: id=2; Dmitry Paramonov
[25.3.2019; 21:32:43]: id=1; Sergei Filippov
[25.3.2019; 22:30:29]: id=6; Roman Skibitskiy
[25.3.2019; 22:33:42]: id=6; Roman Skibitskiy
[25.3.2019; 22:47:19]: id=6; Roman Skibitskiy
