[25.4.2019; 08:55:36]: id=5; Konstantin Amelichev
[25.4.2019; 08:56:19]: id=5; Konstantin Amelichev
[25.4.2019; 09:54:52]: id=5; Konstantin Amelichev
[25.4.2019; 09:54:55]: id=5; Konstantin Amelichev
[25.4.2019; 09:54:57]: id=5; Konstantin Amelichev
[25.4.2019; 09:55:00]: id=5; Konstantin Amelichev
[25.4.2019; 09:55:02]: id=5; Konstantin Amelichev
[25.4.2019; 10:43:21]: id=2; Dmitry Paramonov
[25.4.2019; 10:43:23]: id=2; Dmitry Paramonov
[25.4.2019; 10:47:24]: id=26; Daniil Iglin
[25.4.2019; 11:03:27]: id=15; Yuriy Gorbatko
[25.4.2019; 11:10:26]: id=34; Maksim Novikov
[25.4.2019; 11:40:18]: id=27; Sergei Syrykh
[25.4.2019; 11:43:40]: id=15; Yuriy Gorbatko
[25.4.2019; 11:48:30]: id=27; Sergei Syrykh
[25.4.2019; 12:43:26]: id=1; Sergei Filippov
[25.4.2019; 12:43:48]: id=5; Konstantin Amelichev
[25.4.2019; 12:44:09]: id=26; Daniil Iglin
[25.4.2019; 12:44:31]: id=2; Dmitry Paramonov
[25.4.2019; 12:52:08]: id=3; Dmitry Zair-Bek
[25.4.2019; 13:01:07]: id=26; Daniil Iglin
