[26.12.2018; 07:44:05]: id=1; Sergei Filippov
[26.12.2018; 07:49:17]: id=1; Sergei Filippov
[26.12.2018; 07:52:56]: id=33; vahta
[26.12.2018; 07:53:14]: id=33; vahta
[26.12.2018; 08:40:39]: id=5; Konstantin Amelichev
[26.12.2018; 09:48:19]: id=1; Sergei Filippov
[26.12.2018; 09:52:21]: id=1; Sergei Filippov
[26.12.2018; 09:55:44]: id=2; Dmitry Paramonov
[26.12.2018; 10:41:44]: id=5; Konstantin Amelichev
[26.12.2018; 10:42:10]: id=15; Yuriy Gorbatko
[26.12.2018; 10:43:00]: id=1; Sergei Filippov
[26.12.2018; 11:01:29]: id=2; Dmitry Paramonov
[26.12.2018; 11:46:22]: id=1; Sergei Filippov
[26.12.2018; 11:47:21]: id=5; Konstantin Amelichev
[26.12.2018; 11:52:30]: id=27; Sergei Syrykh
[26.12.2018; 11:53:09]: id=5; Konstantin Amelichev
[26.12.2018; 11:54:44]: id=3; Dmitry Zair-Bek
[26.12.2018; 12:43:11]: id=3; Dmitry Zair-Bek
[26.12.2018; 12:53:06]: id=27; Sergei Syrykh
[26.12.2018; 12:56:25]: id=27; Sergei Syrykh
[26.12.2018; 13:42:37]: id=3; Dmitry Zair-Bek
[26.12.2018; 13:45:44]: id=5; Konstantin Amelichev
[26.12.2018; 13:48:11]: id=1; Sergei Filippov
[26.12.2018; 13:49:19]: id=31; Alex Lastra-Grek
[26.12.2018; 14:00:33]: id=31; Alex Lastra-Grek
[26.12.2018; 14:42:34]: id=26; Daniil Iglin
[26.12.2018; 14:46:16]: id=5; Konstantin Amelichev
[26.12.2018; 14:51:20]: id=5; Konstantin Amelichev
[26.12.2018; 14:54:17]: id=1; Sergei Filippov
[26.12.2018; 14:58:17]: id=1; Sergei Filippov
[26.12.2018; 14:59:28]: id=3; Dmitry Zair-Bek
[26.12.2018; 15:14:46]: id=3; Dmitry Zair-Bek
[26.12.2018; 15:44:10]: id=31; Alex Lastra-Grek
[26.12.2018; 15:56:33]: id=3; Dmitry Zair-Bek
[26.12.2018; 16:38:07]: id=1; Sergei Filippov
[26.12.2018; 16:39:14]: id=31; Alex Lastra-Grek
[26.12.2018; 16:42:32]: id=31; Alex Lastra-Grek
[26.12.2018; 16:43:49]: id=31; Alex Lastra-Grek
[26.12.2018; 16:50:10]: id=31; Alex Lastra-Grek
[26.12.2018; 16:52:31]: id=1; Sergei Filippov
[26.12.2018; 16:52:54]: id=31; Alex Lastra-Grek
[26.12.2018; 17:00:53]: id=3; Dmitry Zair-Bek
[26.12.2018; 17:04:26]: id=31; Alex Lastra-Grek
[26.12.2018; 17:17:32]: id=2; Dmitry Paramonov
