[26.2.2019; 07:56:00]: id=1; Sergei Filippov
[26.2.2019; 08:37:56]: id=28; Maria Peskina
[26.2.2019; 08:55:13]: id=34; Maksim Novikov
[26.2.2019; 08:57:59]: id=1; Sergei Filippov
[26.2.2019; 09:06:40]: id=34; Maksim Novikov
[26.2.2019; 09:11:53]: id=31; Alex Lastra-Grek
[26.2.2019; 09:47:55]: id=34; Maksim Novikov
[26.2.2019; 10:27:33]: id=13; medical
[26.2.2019; 10:54:48]: id=25; Irina Tomak
[26.2.2019; 10:54:56]: id=1; Sergei Filippov
[26.2.2019; 11:48:34]: id=34; Maksim Novikov
[26.2.2019; 11:51:05]: id=31; Alex Lastra-Grek
[26.2.2019; 11:56:03]: id=1; Sergei Filippov
[26.2.2019; 12:47:21]: id=1; Sergei Filippov
[26.2.2019; 13:56:01]: id=15; Yuriy Gorbatko
[26.2.2019; 14:04:03]: id=34; Maksim Novikov
[26.2.2019; 14:58:30]: id=15; Yuriy Gorbatko
[26.2.2019; 15:55:07]: id=5; Konstantin Amelichev
[26.2.2019; 15:58:13]: id=34; Maksim Novikov
[26.2.2019; 16:02:47]: id=5; Konstantin Amelichev
[26.2.2019; 16:13:29]: id=1; Sergei Filippov
[26.2.2019; 16:13:44]: id=34; Maksim Novikov
[26.2.2019; 16:16:05]: id=38; Alexander Alexeev
[26.2.2019; 16:16:11]: id=38; Alexander Alexeev
[26.2.2019; 16:17:54]: id=2; Dmitry Paramonov
[26.2.2019; 16:18:08]: id=34; Maksim Novikov
[26.2.2019; 16:20:51]: id=38; Alexander Alexeev
[26.2.2019; 16:20:53]: id=38; Alexander Alexeev
[26.2.2019; 16:20:56]: id=38; Alexander Alexeev
[26.2.2019; 16:21:47]: id=22; Dmitry Paramonov
[26.2.2019; 16:34:31]: id=1; Sergei Filippov
[26.2.2019; 16:38:28]: id=2; Dmitry Paramonov
[26.2.2019; 16:39:38]: id=34; Maksim Novikov
[26.2.2019; 16:44:29]: id=1; Sergei Filippov
[26.2.2019; 16:49:08]: id=1; Sergei Filippov
[26.2.2019; 17:01:46]: id=34; Maksim Novikov
[26.2.2019; 17:45:36]: id=1; Sergei Filippov
[26.2.2019; 18:06:10]: id=34; Maksim Novikov
[26.2.2019; 18:28:06]: id=5; Konstantin Amelichev
[26.2.2019; 18:28:56]: id=34; Maksim Novikov
[26.2.2019; 19:14:54]: id=5; Konstantin Amelichev
[26.2.2019; 19:16:56]: id=31; Alex Lastra-Grek
