[26.3.2019; 05:25:58]: id=33; vahta
[26.3.2019; 07:22:33]: id=33; vahta
[26.3.2019; 08:00:18]: id=1; Sergei Filippov
[26.3.2019; 08:06:22]: id=1; Sergei Filippov
[26.3.2019; 08:25:13]: id=27; Sergei Syrykh
[26.3.2019; 08:31:51]: id=33; vahta
[26.3.2019; 08:50:23]: id=34; Maksim Novikov
[26.3.2019; 08:54:45]: id=15; Yuriy Gorbatko
[26.3.2019; 09:37:39]: id=1; Sergei Filippov
[26.3.2019; 09:37:47]: id=1; Sergei Filippov
[26.3.2019; 10:02:14]: id=27; Sergei Syrykh
[26.3.2019; 10:04:05]: id=7; Vladimir Blagodarov
[26.3.2019; 10:04:35]: id=27; Sergei Syrykh
[26.3.2019; 10:22:26]: id=28; Maria Peskina
[26.3.2019; 10:25:39]: id=27; Sergei Syrykh
[26.3.2019; 10:41:54]: id=25; Irina Tomak
[26.3.2019; 10:41:56]: id=25; Irina Tomak
[26.3.2019; 10:44:54]: id=34; Maksim Novikov
[26.3.2019; 10:48:21]: id=4; Mark Marvakh
[26.3.2019; 11:05:06]: id=3; Dmitry Zair-Bek
[26.3.2019; 11:06:59]: id=15; Yuriy Gorbatko
[26.3.2019; 11:14:51]: id=15; Yuriy Gorbatko
[26.3.2019; 11:35:07]: id=25; Irina Tomak
[26.3.2019; 11:51:11]: id=3; Dmitry Zair-Bek
[26.3.2019; 11:51:28]: id=34; Maksim Novikov
[26.3.2019; 11:53:10]: id=1; Sergei Filippov
[26.3.2019; 11:54:12]: id=2; Dmitry Paramonov
[26.3.2019; 11:56:04]: id=3; Dmitry Zair-Bek
[26.3.2019; 11:57:48]: id=11; Nikolay Gorelov
[26.3.2019; 12:13:25]: id=25; Irina Tomak
[26.3.2019; 12:17:20]: id=22; Dmitry Paramonov
[26.3.2019; 12:41:46]: id=15; Yuriy Gorbatko
[26.3.2019; 12:42:22]: id=2; Dmitry Paramonov
[26.3.2019; 12:44:04]: id=26; Daniil Iglin
[26.3.2019; 12:46:48]: id=1; Sergei Filippov
[26.3.2019; 12:50:30]: id=34; Maksim Novikov
[26.3.2019; 12:50:57]: id=1; Sergei Filippov
[26.3.2019; 12:55:26]: id=28; Maria Peskina
[26.3.2019; 13:00:01]: id=1; Sergei Filippov
[26.3.2019; 13:07:54]: id=3; Dmitry Zair-Bek
[26.3.2019; 13:12:19]: id=2; Dmitry Paramonov
[26.3.2019; 13:17:58]: id=34; Maksim Novikov
[26.3.2019; 13:32:19]: id=3; Dmitry Zair-Bek
[26.3.2019; 13:48:50]: id=34; Maksim Novikov
[26.3.2019; 13:50:35]: id=1; Sergei Filippov
[26.3.2019; 13:53:22]: id=15; Yuriy Gorbatko
[26.3.2019; 14:02:38]: id=3; Dmitry Zair-Bek
[26.3.2019; 14:40:05]: id=2; Dmitry Paramonov
[26.3.2019; 14:42:45]: id=4; Mark Marvakh
[26.3.2019; 14:44:39]: id=34; Maksim Novikov
[26.3.2019; 14:46:10]: id=34; Maksim Novikov
[26.3.2019; 14:48:53]: id=37; Vasily Suvorov
[26.3.2019; 15:48:33]: id=37; Vasily Suvorov
[26.3.2019; 15:54:16]: id=34; Maksim Novikov
[26.3.2019; 16:00:19]: id=2; Dmitry Paramonov
[26.3.2019; 16:02:43]: id=34; Maksim Novikov
[26.3.2019; 16:06:20]: id=34; Maksim Novikov
[26.3.2019; 16:56:34]: id=1; Sergei Filippov
[26.3.2019; 17:05:34]: id=1; Sergei Filippov
[26.3.2019; 18:06:59]: id=28; Maria Peskina
[26.3.2019; 18:19:36]: id=11; Nikolay Gorelov
[26.3.2019; 18:56:17]: id=34; Maksim Novikov
