[26.4.2019; 08:14:40]: id=1; Sergei Filippov
[26.4.2019; 08:58:54]: id=15; Yuriy Gorbatko
[26.4.2019; 08:59:16]: id=34; Maksim Novikov
[26.4.2019; 08:59:34]: id=15; Yuriy Gorbatko
[26.4.2019; 08:59:39]: id=15; Yuriy Gorbatko
[26.4.2019; 08:59:44]: id=15; Yuriy Gorbatko
[26.4.2019; 09:07:05]: id=26; Daniil Iglin
[26.4.2019; 10:48:16]: id=34; Maksim Novikov
[26.4.2019; 10:49:08]: id=26; Daniil Iglin
[26.4.2019; 10:50:20]: id=1; Sergei Filippov
[26.4.2019; 10:50:23]: id=5; Konstantin Amelichev
[26.4.2019; 12:38:14]: id=2; Dmitry Paramonov
[26.4.2019; 12:43:48]: id=5; Konstantin Amelichev
[26.4.2019; 12:45:22]: id=34; Maksim Novikov
[26.4.2019; 13:42:55]: id=2; Dmitry Paramonov
[26.4.2019; 13:43:16]: id=5; Konstantin Amelichev
[26.4.2019; 13:52:20]: id=1; Sergei Filippov
[26.4.2019; 14:09:22]: id=1; Sergei Filippov
[26.4.2019; 14:10:07]: id=26; Daniil Iglin
[26.4.2019; 14:52:20]: id=34; Maksim Novikov
[26.4.2019; 15:43:27]: id=24; Arkadiy Gordon
[26.4.2019; 17:49:57]: id=1; Sergei Filippov
[26.4.2019; 19:34:47]: id=3; Dmitry Zair-Bek
[26.4.2019; 19:42:00]: id=1; Sergei Filippov
[26.4.2019; 19:58:36]: id=34; Maksim Novikov
[26.4.2019; 20:04:25]: id=34; Maksim Novikov
[26.4.2019; 20:19:13]: id=1; Sergei Filippov
[26.4.2019; 20:22:37]: id=1; Sergei Filippov
[26.4.2019; 20:34:49]: id=3; Dmitry Zair-Bek
