[27.12.2018; 07:54:33]: id=33; vahta
[27.12.2018; 08:18:08]: id=1; Sergei Filippov
[27.12.2018; 08:33:01]: id=14; Maksim Novikov
[27.12.2018; 09:08:06]: id=15; Yuriy Gorbatko
[27.12.2018; 09:20:59]: id=15; Yuriy Gorbatko
[27.12.2018; 09:35:31]: id=3; Dmitry Zair-Bek
[27.12.2018; 09:52:36]: id=1; Sergei Filippov
[27.12.2018; 10:26:18]: id=11; Nikolay Gorelov
[27.12.2018; 10:45:51]: id=3; Dmitry Zair-Bek
[27.12.2018; 10:59:11]: id=1; Sergei Filippov
[27.12.2018; 11:01:30]: id=15; Yuriy Gorbatko
[27.12.2018; 11:48:25]: id=3; Dmitry Zair-Bek
[27.12.2018; 11:53:47]: id=14; Maksim Novikov
[27.12.2018; 11:56:05]: id=26; Daniil Iglin
[27.12.2018; 11:59:48]: id=14; Maksim Novikov
[27.12.2018; 12:44:29]: id=1; Sergei Filippov
[27.12.2018; 12:45:12]: id=3; Dmitry Zair-Bek
[27.12.2018; 12:58:21]: id=14; Maksim Novikov
[27.12.2018; 12:58:26]: id=14; Maksim Novikov
[27.12.2018; 13:08:09]: id=19; Yaroslav Bykhovskiy
[27.12.2018; 13:39:15]: id=3; Dmitry Zair-Bek
[27.12.2018; 13:39:36]: id=15; Yuriy Gorbatko
[27.12.2018; 13:40:10]: id=3; Dmitry Zair-Bek
[27.12.2018; 13:54:25]: id=1; Sergei Filippov
[27.12.2018; 15:15:46]: id=28; Maria Peskina
[27.12.2018; 15:18:55]: id=1; Sergei Filippov
[27.12.2018; 15:28:03]: id=3; Dmitry Zair-Bek
[27.12.2018; 15:42:07]: id=28; Maria Peskina
[27.12.2018; 17:03:02]: id=1; Sergei Filippov
[27.12.2018; 17:59:33]: id=3; Dmitry Zair-Bek
[27.12.2018; 19:36:22]: id=3; Dmitry Zair-Bek
[27.12.2018; 19:36:40]: id=3; Dmitry Zair-Bek
[27.12.2018; 19:36:42]: id=3; Dmitry Zair-Bek
[27.12.2018; 19:36:44]: id=3; Dmitry Zair-Bek
[27.12.2018; 19:36:46]: id=3; Dmitry Zair-Bek
[27.12.2018; 19:36:48]: id=3; Dmitry Zair-Bek
[27.12.2018; 19:36:51]: id=3; Dmitry Zair-Bek
[27.12.2018; 19:36:53]: id=3; Dmitry Zair-Bek
[27.12.2018; 19:37:15]: id=3; Dmitry Zair-Bek
[27.12.2018; 19:37:17]: id=3; Dmitry Zair-Bek
[27.12.2018; 19:37:19]: id=3; Dmitry Zair-Bek
[27.12.2018; 19:37:41]: id=3; Dmitry Zair-Bek
[27.12.2018; 19:37:46]: id=3; Dmitry Zair-Bek
[27.12.2018; 19:37:48]: id=3; Dmitry Zair-Bek
[27.12.2018; 19:37:50]: id=3; Dmitry Zair-Bek
[27.12.2018; 19:37:52]: id=3; Dmitry Zair-Bek
[27.12.2018; 19:37:55]: id=3; Dmitry Zair-Bek
