[27.2.2019; 07:43:56]: id=1; Sergei Filippov
[27.2.2019; 07:50:07]: id=1; Sergei Filippov
[27.2.2019; 07:55:24]: id=1; Sergei Filippov
[27.2.2019; 08:15:57]: id=33; vahta
[27.2.2019; 08:55:52]: id=34; Maksim Novikov
[27.2.2019; 08:56:50]: id=4; Mark Marvakh
[27.2.2019; 09:00:43]: id=3; Dmitry Zair-Bek
[27.2.2019; 09:03:46]: id=15; Yuriy Gorbatko
[27.2.2019; 09:18:59]: id=2; Dmitry Paramonov
[27.2.2019; 09:50:52]: id=3; Dmitry Zair-Bek
[27.2.2019; 09:52:16]: id=1; Sergei Filippov
[27.2.2019; 10:48:15]: id=2; Dmitry Paramonov
[27.2.2019; 10:52:20]: id=3; Dmitry Zair-Bek
[27.2.2019; 10:59:04]: id=1; Sergei Filippov
[27.2.2019; 11:03:40]: id=34; Maksim Novikov
[27.2.2019; 11:12:43]: id=34; Maksim Novikov
[27.2.2019; 11:14:10]: id=34; Maksim Novikov
[27.2.2019; 11:38:20]: id=34; Maksim Novikov
[27.2.2019; 11:53:16]: id=38; Alexander Alexeev
[27.2.2019; 11:55:01]: id=34; Maksim Novikov
[27.2.2019; 11:58:01]: id=2; Dmitry Paramonov
[27.2.2019; 12:46:24]: id=2; Dmitry Paramonov
[27.2.2019; 12:47:07]: id=38; Alexander Alexeev
[27.2.2019; 13:05:46]: id=34; Maksim Novikov
[27.2.2019; 13:15:01]: id=34; Maksim Novikov
[27.2.2019; 13:16:51]: id=31; Alex Lastra-Grek
[27.2.2019; 13:44:06]: id=2; Dmitry Paramonov
[27.2.2019; 13:52:04]: id=2; Dmitry Paramonov
[27.2.2019; 13:54:42]: id=3; Dmitry Zair-Bek
[27.2.2019; 13:56:09]: id=34; Maksim Novikov
[27.2.2019; 14:21:05]: id=31; Alex Lastra-Grek
[27.2.2019; 14:49:04]: id=31; Alex Lastra-Grek
[27.2.2019; 14:50:28]: id=7; Vladimir Blagodarov
[27.2.2019; 15:43:26]: id=34; Maksim Novikov
[27.2.2019; 15:48:15]: id=3; Dmitry Zair-Bek
[27.2.2019; 15:49:34]: id=4; Mark Marvakh
[27.2.2019; 15:50:16]: id=1; Sergei Filippov
[27.2.2019; 17:00:58]: id=34; Maksim Novikov
[27.2.2019; 17:30:54]: id=34; Maksim Novikov
[27.2.2019; 17:32:09]: id=31; Alex Lastra-Grek
