[27.3.2019; 07:44:23]: id=1; Sergei Filippov
[27.3.2019; 07:46:37]: id=1; Sergei Filippov
[27.3.2019; 08:04:43]: id=33; vahta
[27.3.2019; 08:05:23]: id=33; vahta
[27.3.2019; 08:09:46]: id=33; vahta
[27.3.2019; 08:15:05]: id=34; Maksim Novikov
[27.3.2019; 08:19:18]: id=34; Maksim Novikov
[27.3.2019; 08:19:56]: id=27; Sergei Syrykh
[27.3.2019; 09:11:53]: id=11; Nikolay Gorelov
[27.3.2019; 09:38:36]: id=27; Sergei Syrykh
[27.3.2019; 10:17:34]: id=7; Vladimir Blagodarov
[27.3.2019; 10:28:10]: id=27; Sergei Syrykh
[27.3.2019; 10:44:51]: id=34; Maksim Novikov
[27.3.2019; 10:46:10]: id=34; Maksim Novikov
[27.3.2019; 10:49:15]: id=1; Sergei Filippov
[27.3.2019; 10:53:40]: id=12; Insarova Nina
[27.3.2019; 10:53:42]: id=12; Insarova Nina
[27.3.2019; 10:54:10]: id=1; Sergei Filippov
[27.3.2019; 10:58:05]: id=34; Maksim Novikov
[27.3.2019; 11:00:21]: id=34; Maksim Novikov
[27.3.2019; 11:54:40]: id=34; Maksim Novikov
[27.3.2019; 12:36:36]: id=28; Maria Peskina
[27.3.2019; 13:45:06]: id=26; Daniil Iglin
[27.3.2019; 13:57:04]: id=28; Maria Peskina
[27.3.2019; 14:47:19]: id=34; Maksim Novikov
[27.3.2019; 14:49:10]: id=34; Maksim Novikov
[27.3.2019; 14:53:29]: id=34; Maksim Novikov
[27.3.2019; 14:57:20]: id=1; Sergei Filippov
[27.3.2019; 15:39:04]: id=34; Maksim Novikov
[27.3.2019; 15:43:39]: id=1; Sergei Filippov
[27.3.2019; 15:49:22]: id=38; Alexander Alexeev
[27.3.2019; 17:44:15]: id=1; Sergei Filippov
