[28.1.2019; 07:09:35]: id=3; Dmitry Zair-Bek
[28.1.2019; 07:15:03]: id=3; Dmitry Zair-Bek
[28.1.2019; 07:55:04]: id=1; Sergei Filippov
[28.1.2019; 07:55:06]: id=1; Sergei Filippov
[28.1.2019; 07:59:24]: id=1; Sergei Filippov
[28.1.2019; 08:11:27]: id=33; vahta
[28.1.2019; 08:12:51]: id=33; vahta
[28.1.2019; 08:13:40]: id=1; Sergei Filippov
[28.1.2019; 08:24:46]: id=4; Mark Marvakh
[28.1.2019; 08:26:57]: id=34; Maksim Novikov
[28.1.2019; 08:27:00]: id=34; Maksim Novikov
[28.1.2019; 08:30:35]: id=4; Mark Marvakh
[28.1.2019; 09:26:22]: id=2; Dmitry Paramonov
[28.1.2019; 09:47:24]: id=15; Yuriy Gorbatko
[28.1.2019; 09:59:20]: id=26; Daniil Iglin
[28.1.2019; 10:46:02]: id=22; Dmitry Paramonov
[28.1.2019; 10:52:49]: id=26; Daniil Iglin
[28.1.2019; 11:04:38]: id=34; Maksim Novikov
[28.1.2019; 11:10:16]: id=17; Temporary card
[28.1.2019; 11:48:13]: id=2; Dmitry Paramonov
[28.1.2019; 12:37:10]: id=17; Temporary card
[28.1.2019; 12:42:18]: id=3; Dmitry Zair-Bek
[28.1.2019; 12:43:14]: id=2; Dmitry Paramonov
[28.1.2019; 13:48:55]: id=2; Dmitry Paramonov
[28.1.2019; 14:44:03]: id=34; Maksim Novikov
[28.1.2019; 14:48:42]: id=1; Sergei Filippov
[28.1.2019; 14:49:13]: id=4; Mark Marvakh
[28.1.2019; 14:53:55]: id=1; Sergei Filippov
[28.1.2019; 15:00:21]: id=2; Dmitry Paramonov
[28.1.2019; 15:01:22]: id=3; Dmitry Zair-Bek
[28.1.2019; 15:03:51]: id=1; Sergei Filippov
[28.1.2019; 15:09:07]: id=1; Sergei Filippov
[28.1.2019; 15:11:12]: id=34; Maksim Novikov
[28.1.2019; 15:17:19]: id=17; Temporary card
[28.1.2019; 15:25:59]: id=34; Maksim Novikov
[28.1.2019; 15:44:27]: id=34; Maksim Novikov
[28.1.2019; 15:53:30]: id=26; Daniil Iglin
[28.1.2019; 15:58:11]: id=26; Daniil Iglin
[28.1.2019; 15:59:34]: id=11; Nikolay Gorelov
[28.1.2019; 16:02:17]: id=11; Nikolay Gorelov
[28.1.2019; 16:11:46]: id=3; Dmitry Zair-Bek
[28.1.2019; 16:14:43]: id=1; Sergei Filippov
[28.1.2019; 16:15:28]: id=2; Dmitry Paramonov
[28.1.2019; 16:23:11]: id=3; Dmitry Zair-Bek
[28.1.2019; 16:25:18]: id=1; Sergei Filippov
[28.1.2019; 16:30:08]: id=3; Dmitry Zair-Bek
[28.1.2019; 16:31:03]: id=6; Roman Skibitskiy
[28.1.2019; 16:56:02]: id=2; Dmitry Paramonov
[28.1.2019; 17:32:14]: id=2; Dmitry Paramonov
[28.1.2019; 17:38:53]: id=3; Dmitry Zair-Bek
[28.1.2019; 17:53:41]: id=2; Dmitry Paramonov
[28.1.2019; 17:56:11]: id=2; Dmitry Paramonov
[28.1.2019; 18:03:47]: id=27; Sergei Syrykh
[28.1.2019; 18:09:05]: id=2; Dmitry Paramonov
[28.1.2019; 21:04:33]: id=6; Roman Skibitskiy
