[28.12.2018; 07:53:42]: id=33; vahta
[28.12.2018; 07:54:09]: id=33; vahta
[28.12.2018; 08:08:26]: id=1; Sergei Filippov
[28.12.2018; 08:10:58]: id=1; Sergei Filippov
[28.12.2018; 08:51:34]: id=22; Dmitry Paramonov
[28.12.2018; 09:11:22]: id=2; Dmitry Paramonov
[28.12.2018; 09:14:41]: id=26; Daniil Iglin
[28.12.2018; 09:28:54]: id=26; Daniil Iglin
[28.12.2018; 09:50:43]: id=26; Daniil Iglin
[28.12.2018; 09:52:13]: id=2; Dmitry Paramonov
[28.12.2018; 09:52:58]: id=2; Dmitry Paramonov
[28.12.2018; 10:44:29]: id=2; Dmitry Paramonov
[28.12.2018; 10:45:38]: id=1; Sergei Filippov
[28.12.2018; 10:52:07]: id=2; Dmitry Paramonov
[28.12.2018; 10:54:16]: id=2; Dmitry Paramonov
[28.12.2018; 10:54:28]: id=26; Daniil Iglin
[28.12.2018; 10:58:58]: id=22; Dmitry Paramonov
[28.12.2018; 11:14:49]: id=3; Dmitry Zair-Bek
[28.12.2018; 11:20:28]: id=27; Sergei Syrykh
[28.12.2018; 11:43:03]: id=26; Daniil Iglin
[28.12.2018; 11:50:38]: id=3; Dmitry Zair-Bek
[28.12.2018; 11:50:47]: id=22; Dmitry Paramonov
[28.12.2018; 11:54:51]: id=14; Maksim Novikov
[28.12.2018; 12:00:03]: id=26; Daniil Iglin
[28.12.2018; 12:16:56]: id=25; Irina Tomak
[28.12.2018; 12:41:25]: id=1; Sergei Filippov
[28.12.2018; 12:59:22]: id=1; Sergei Filippov
[28.12.2018; 13:07:35]: id=3; Dmitry Zair-Bek
[28.12.2018; 13:08:56]: id=15; Yuriy Gorbatko
[28.12.2018; 13:39:38]: id=15; Yuriy Gorbatko
[28.12.2018; 13:51:21]: id=15; Yuriy Gorbatko
[28.12.2018; 13:57:46]: id=15; Yuriy Gorbatko
[28.12.2018; 14:12:53]: id=26; Daniil Iglin
[28.12.2018; 14:37:34]: id=11; Nikolay Gorelov
[28.12.2018; 14:38:01]: id=15; Yuriy Gorbatko
[28.12.2018; 14:40:35]: id=15; Yuriy Gorbatko
[28.12.2018; 15:53:44]: id=27; Sergei Syrykh
[28.12.2018; 15:56:41]: id=31; Alex Lastra-Grek
[28.12.2018; 15:57:52]: id=15; Yuriy Gorbatko
[28.12.2018; 15:58:44]: id=31; Alex Lastra-Grek
[28.12.2018; 15:59:10]: id=14; Maksim Novikov
[28.12.2018; 16:01:49]: id=15; Yuriy Gorbatko
[28.12.2018; 16:06:20]: id=26; Daniil Iglin
[28.12.2018; 16:09:22]: id=15; Yuriy Gorbatko
[28.12.2018; 16:13:47]: id=31; Alex Lastra-Grek
[28.12.2018; 16:31:44]: id=15; Yuriy Gorbatko
[28.12.2018; 16:38:20]: id=31; Alex Lastra-Grek
[28.12.2018; 16:50:38]: id=1; Sergei Filippov
[28.12.2018; 17:05:27]: id=1; Sergei Filippov
[28.12.2018; 17:09:38]: id=6; Roman Skibitskiy
[28.12.2018; 17:11:34]: id=2; Dmitry Paramonov
[28.12.2018; 17:11:53]: id=3; Dmitry Zair-Bek
[28.12.2018; 17:15:31]: id=1; Sergei Filippov
[28.12.2018; 17:26:51]: id=1; Sergei Filippov
[28.12.2018; 17:27:47]: id=1; Sergei Filippov
[28.12.2018; 17:28:33]: id=3; Dmitry Zair-Bek
[28.12.2018; 17:35:17]: id=2; Dmitry Paramonov
[28.12.2018; 17:50:09]: id=1; Sergei Filippov
[28.12.2018; 17:58:47]: id=6; Roman Skibitskiy
[28.12.2018; 18:02:05]: id=21; Yuriy Vinarskiy
[28.12.2018; 18:21:48]: id=1; Sergei Filippov
[28.12.2018; 19:51:30]: id=14; Maksim Novikov
[28.12.2018; 19:52:09]: id=3; Dmitry Zair-Bek
[28.12.2018; 20:07:25]: id=22; Dmitry Paramonov
[28.12.2018; 20:25:49]: id=3; Dmitry Zair-Bek
[28.12.2018; 20:35:52]: id=1; Sergei Filippov
[28.12.2018; 21:00:16]: id=1; Sergei Filippov
[28.12.2018; 21:02:05]: id=3; Dmitry Zair-Bek
[28.12.2018; 21:42:30]: id=6; Roman Skibitskiy
[28.12.2018; 21:51:32]: id=6; Roman Skibitskiy
[28.12.2018; 21:56:53]: id=6; Roman Skibitskiy
