[28.2.2019; 08:03:59]: id=1; Sergei Filippov
[28.2.2019; 08:06:41]: id=33; vahta
[28.2.2019; 08:08:12]: id=1; Sergei Filippov
[28.2.2019; 08:50:07]: id=34; Maksim Novikov
[28.2.2019; 08:58:51]: id=4; Mark Marvakh
[28.2.2019; 09:22:10]: id=3; Dmitry Zair-Bek
[28.2.2019; 09:26:33]: id=3; Dmitry Zair-Bek
[28.2.2019; 09:30:22]: id=2; Dmitry Paramonov
[28.2.2019; 09:56:00]: id=1; Sergei Filippov
[28.2.2019; 10:54:27]: id=4; Mark Marvakh
[28.2.2019; 10:59:14]: id=34; Maksim Novikov
[28.2.2019; 11:36:05]: id=26; Daniil Iglin
[28.2.2019; 11:36:14]: id=26; Daniil Iglin
[28.2.2019; 11:48:09]: id=2; Dmitry Paramonov
[28.2.2019; 12:14:58]: id=15; Yuriy Gorbatko
[28.2.2019; 12:44:58]: id=36; Maxim Boyarsky
[28.2.2019; 12:45:31]: id=3; Dmitry Zair-Bek
[28.2.2019; 12:45:44]: id=22; Dmitry Paramonov
[28.2.2019; 12:46:00]: id=3; Dmitry Zair-Bek
[28.2.2019; 12:47:19]: id=1; Sergei Filippov
[28.2.2019; 12:48:58]: id=4; Mark Marvakh
[28.2.2019; 12:49:16]: id=7; Vladimir Blagodarov
[28.2.2019; 12:49:18]: id=7; Vladimir Blagodarov
[28.2.2019; 12:53:58]: id=1; Sergei Filippov
[28.2.2019; 12:56:54]: id=26; Daniil Iglin
[28.2.2019; 13:31:22]: id=3; Dmitry Zair-Bek
[28.2.2019; 13:50:09]: id=26; Daniil Iglin
[28.2.2019; 13:50:29]: id=3; Dmitry Zair-Bek
[28.2.2019; 13:54:50]: id=34; Maksim Novikov
[28.2.2019; 14:00:44]: id=34; Maksim Novikov
[28.2.2019; 14:21:07]: id=22; Dmitry Paramonov
[28.2.2019; 14:27:17]: id=1; Sergei Filippov
[28.2.2019; 14:36:01]: id=11; Nikolay Gorelov
[28.2.2019; 14:41:09]: id=31; Alex Lastra-Grek
[28.2.2019; 14:44:52]: id=4; Mark Marvakh
[28.2.2019; 14:47:25]: id=38; Alexander Alexeev
[28.2.2019; 14:47:53]: id=17; Temporary card
[28.2.2019; 15:13:09]: id=26; Daniil Iglin
[28.2.2019; 15:27:51]: id=31; Alex Lastra-Grek
[28.2.2019; 15:35:05]: id=34; Maksim Novikov
[28.2.2019; 15:45:28]: id=34; Maksim Novikov
[28.2.2019; 15:52:25]: id=31; Alex Lastra-Grek
[28.2.2019; 16:12:06]: id=2; Dmitry Paramonov
[28.2.2019; 16:25:23]: id=31; Alex Lastra-Grek
[28.2.2019; 16:28:24]: id=19; Yaroslav Bykhovskiy
[28.2.2019; 16:54:03]: id=34; Maksim Novikov
[28.2.2019; 16:59:20]: id=3; Dmitry Zair-Bek
[28.2.2019; 17:21:15]: id=3; Dmitry Zair-Bek
[28.2.2019; 21:55:20]: id=26; Daniil Iglin
[28.2.2019; 21:56:09]: id=38; Alexander Alexeev
