[28.3.2019; 08:06:48]: id=1; Sergei Filippov
[28.3.2019; 08:06:50]: id=1; Sergei Filippov
[28.3.2019; 08:11:49]: id=1; Sergei Filippov
[28.3.2019; 08:25:08]: id=33; vahta
[28.3.2019; 08:33:37]: id=34; Maksim Novikov
[28.3.2019; 08:33:39]: id=34; Maksim Novikov
[28.3.2019; 08:43:00]: id=34; Maksim Novikov
[28.3.2019; 09:12:57]: id=2; Dmitry Paramonov
[28.3.2019; 09:16:31]: id=2; Dmitry Paramonov
[28.3.2019; 09:34:45]: id=26; Daniil Iglin
[28.3.2019; 09:48:33]: id=34; Maksim Novikov
[28.3.2019; 09:48:43]: id=27; Sergei Syrykh
[28.3.2019; 09:51:29]: id=27; Sergei Syrykh
[28.3.2019; 09:52:21]: id=1; Sergei Filippov
[28.3.2019; 09:54:54]: id=28; Maria Peskina
[28.3.2019; 10:58:32]: id=26; Daniil Iglin
[28.3.2019; 11:00:31]: id=34; Maksim Novikov
[28.3.2019; 11:23:55]: id=38; Alexander Alexeev
[28.3.2019; 11:48:17]: id=2; Dmitry Paramonov
[28.3.2019; 11:50:32]: id=34; Maksim Novikov
[28.3.2019; 12:13:19]: id=7; Vladimir Blagodarov
[28.3.2019; 12:22:38]: id=16; Sofia Rosenblum
[28.3.2019; 12:28:43]: id=34; Maksim Novikov
[28.3.2019; 12:41:38]: id=26; Daniil Iglin
[28.3.2019; 12:44:32]: id=34; Maksim Novikov
[28.3.2019; 12:44:58]: id=1; Sergei Filippov
[28.3.2019; 13:06:37]: id=2; Dmitry Paramonov
[28.3.2019; 13:17:42]: id=1; Sergei Filippov
[28.3.2019; 13:31:56]: id=7; Vladimir Blagodarov
[28.3.2019; 13:52:20]: id=7; Vladimir Blagodarov
[28.3.2019; 14:45:11]: id=34; Maksim Novikov
[28.3.2019; 14:50:49]: id=31; Alex Lastra-Grek
[28.3.2019; 14:50:52]: id=31; Alex Lastra-Grek
[28.3.2019; 14:50:54]: id=31; Alex Lastra-Grek
[28.3.2019; 14:50:56]: id=31; Alex Lastra-Grek
[28.3.2019; 14:50:58]: id=31; Alex Lastra-Grek
[28.3.2019; 15:42:44]: id=7; Vladimir Blagodarov
[28.3.2019; 16:02:55]: id=27; Sergei Syrykh
[28.3.2019; 16:46:36]: id=1; Sergei Filippov
[28.3.2019; 17:11:31]: id=1; Sergei Filippov
[28.3.2019; 19:31:37]: id=7; Vladimir Blagodarov
[28.3.2019; 20:09:24]: id=7; Vladimir Blagodarov
