[29.1.2019; 07:46:11]: id=1; Sergei Filippov
[29.1.2019; 07:48:06]: id=1; Sergei Filippov
[29.1.2019; 08:30:05]: id=33; vahta
[29.1.2019; 08:30:52]: id=33; vahta
[29.1.2019; 08:33:29]: id=4; Mark Marvakh
[29.1.2019; 09:03:51]: id=3; Dmitry Zair-Bek
[29.1.2019; 09:12:53]: id=1; Sergei Filippov
[29.1.2019; 09:47:01]: id=4; Mark Marvakh
[29.1.2019; 09:48:02]: id=4; Mark Marvakh
[29.1.2019; 09:57:57]: id=5; Konstantin Amelichev
[29.1.2019; 09:59:24]: id=5; Konstantin Amelichev
[29.1.2019; 10:11:18]: id=5; Konstantin Amelichev
[29.1.2019; 10:53:20]: id=5; Konstantin Amelichev
[29.1.2019; 11:02:57]: id=1; Sergei Filippov
[29.1.2019; 11:03:24]: id=2; Dmitry Paramonov
[29.1.2019; 11:04:58]: id=1; Sergei Filippov
[29.1.2019; 11:18:42]: id=34; Maksim Novikov
[29.1.2019; 11:49:42]: id=1; Sergei Filippov
[29.1.2019; 11:49:53]: id=3; Dmitry Zair-Bek
[29.1.2019; 11:52:30]: id=4; Mark Marvakh
[29.1.2019; 12:01:14]: id=4; Mark Marvakh
[29.1.2019; 12:11:22]: id=22; Dmitry Paramonov
[29.1.2019; 12:41:54]: id=3; Dmitry Zair-Bek
[29.1.2019; 12:45:42]: id=1; Sergei Filippov
[29.1.2019; 12:53:06]: id=34; Maksim Novikov
[29.1.2019; 13:42:01]: id=1; Sergei Filippov
[29.1.2019; 13:42:04]: id=1; Sergei Filippov
[29.1.2019; 13:44:17]: id=34; Maksim Novikov
[29.1.2019; 13:51:16]: id=1; Sergei Filippov
[29.1.2019; 13:52:14]: id=34; Maksim Novikov
[29.1.2019; 14:45:27]: id=1; Sergei Filippov
[29.1.2019; 14:50:05]: id=3; Dmitry Zair-Bek
[29.1.2019; 14:51:02]: id=28; Maria Peskina
[29.1.2019; 14:56:37]: id=2; Dmitry Paramonov
[29.1.2019; 15:35:11]: id=3; Dmitry Zair-Bek
[29.1.2019; 15:35:59]: id=1; Sergei Filippov
[29.1.2019; 15:36:13]: id=2; Dmitry Paramonov
[29.1.2019; 15:36:31]: id=28; Maria Peskina
[29.1.2019; 15:37:13]: id=5; Konstantin Amelichev
[29.1.2019; 15:38:33]: id=2; Dmitry Paramonov
[29.1.2019; 15:40:05]: id=1; Sergei Filippov
[29.1.2019; 15:53:50]: id=22; Dmitry Paramonov
[29.1.2019; 15:55:09]: id=3; Dmitry Zair-Bek
[29.1.2019; 15:55:29]: id=34; Maksim Novikov
[29.1.2019; 15:56:33]: id=2; Dmitry Paramonov
[29.1.2019; 16:06:17]: id=2; Dmitry Paramonov
[29.1.2019; 16:09:03]: id=34; Maksim Novikov
[29.1.2019; 16:19:10]: id=34; Maksim Novikov
[29.1.2019; 16:28:38]: id=34; Maksim Novikov
[29.1.2019; 16:28:50]: id=34; Maksim Novikov
[29.1.2019; 16:43:49]: id=2; Dmitry Paramonov
[29.1.2019; 16:51:53]: id=34; Maksim Novikov
[29.1.2019; 17:04:39]: id=3; Dmitry Zair-Bek
[29.1.2019; 17:20:47]: id=5; Konstantin Amelichev
[29.1.2019; 17:49:22]: id=11; Nikolay Gorelov
[29.1.2019; 18:02:55]: id=15; Yuriy Gorbatko
[29.1.2019; 18:08:07]: id=31; Alex Lastra-Grek
[29.1.2019; 18:17:31]: id=31; Alex Lastra-Grek
[29.1.2019; 18:19:09]: id=3; Dmitry Zair-Bek
[29.1.2019; 18:28:55]: id=1; Sergei Filippov
[29.1.2019; 18:30:45]: id=3; Dmitry Zair-Bek
[29.1.2019; 18:35:14]: id=3; Dmitry Zair-Bek
[29.1.2019; 19:11:12]: id=21; Yuriy Vinarskiy
[29.1.2019; 19:13:26]: id=21; Yuriy Vinarskiy
[29.1.2019; 19:31:24]: id=15; Yuriy Gorbatko
[29.1.2019; 19:31:26]: id=15; Yuriy Gorbatko
[29.1.2019; 19:38:18]: id=31; Alex Lastra-Grek
[29.1.2019; 19:38:36]: id=5; Konstantin Amelichev
[29.1.2019; 19:54:38]: id=34; Maksim Novikov
[29.1.2019; 19:57:35]: id=34; Maksim Novikov
[29.1.2019; 20:28:05]: id=34; Maksim Novikov
[29.1.2019; 21:02:08]: id=34; Maksim Novikov
[29.1.2019; 21:27:48]: id=34; Maksim Novikov
[29.1.2019; 21:40:21]: id=34; Maksim Novikov
