[29.3.2019; 07:45:33]: id=1; Sergei Filippov
[29.3.2019; 07:48:43]: id=1; Sergei Filippov
[29.3.2019; 08:17:58]: id=33; vahta
[29.3.2019; 09:34:18]: id=1; Sergei Filippov
[29.3.2019; 09:52:55]: id=26; Daniil Iglin
[29.3.2019; 10:11:26]: id=2; Dmitry Paramonov
[29.3.2019; 10:33:16]: id=28; Maria Peskina
[29.3.2019; 10:56:33]: id=1; Sergei Filippov
[29.3.2019; 10:57:35]: id=1; Sergei Filippov
[29.3.2019; 11:00:54]: id=26; Daniil Iglin
[29.3.2019; 11:01:50]: id=2; Dmitry Paramonov
[29.3.2019; 12:13:00]: id=1; Sergei Filippov
[29.3.2019; 12:25:54]: id=1; Sergei Filippov
[29.3.2019; 12:42:10]: id=4; Mark Marvakh
[29.3.2019; 13:53:15]: id=2; Dmitry Paramonov
[29.3.2019; 13:53:40]: id=4; Mark Marvakh
[29.3.2019; 13:59:58]: id=1; Sergei Filippov
[29.3.2019; 14:01:34]: id=1; Sergei Filippov
[29.3.2019; 14:13:00]: id=38; Alexander Alexeev
[29.3.2019; 14:22:52]: id=2; Dmitry Paramonov
[29.3.2019; 14:46:30]: id=31; Alex Lastra-Grek
[29.3.2019; 15:59:35]: id=11; Nikolay Gorelov
[29.3.2019; 16:16:32]: id=11; Nikolay Gorelov
[29.3.2019; 16:51:03]: id=27; Sergei Syrykh
[29.3.2019; 17:02:19]: id=27; Sergei Syrykh
[29.3.2019; 17:11:00]: id=27; Sergei Syrykh
[29.3.2019; 17:33:14]: id=27; Sergei Syrykh
[29.3.2019; 17:52:58]: id=27; Sergei Syrykh
[29.3.2019; 18:17:58]: id=31; Alex Lastra-Grek
[29.3.2019; 18:22:01]: id=31; Alex Lastra-Grek
[29.3.2019; 20:22:55]: id=31; Alex Lastra-Grek
[29.3.2019; 20:32:59]: id=31; Alex Lastra-Grek
[29.3.2019; 20:49:42]: id=33; vahta
