[29.4.2019; 08:09:28]: id=1; Sergei Filippov
[29.4.2019; 08:40:56]: id=33; vahta
[29.4.2019; 08:51:37]: id=3; Dmitry Zair-Bek
[29.4.2019; 09:55:24]: id=15; Yuriy Gorbatko
[29.4.2019; 10:50:34]: id=25; Irina Tomak
[29.4.2019; 10:53:16]: id=15; Yuriy Gorbatko
[29.4.2019; 11:11:55]: id=25; Irina Tomak
[29.4.2019; 11:13:16]: id=25; Irina Tomak
[29.4.2019; 11:17:16]: id=25; Irina Tomak
[29.4.2019; 11:31:33]: id=25; Irina Tomak
[29.4.2019; 11:46:56]: id=26; Daniil Iglin
[29.4.2019; 12:46:43]: id=2; Dmitry Paramonov
[29.4.2019; 12:47:51]: id=2; Dmitry Paramonov
[29.4.2019; 12:48:02]: id=3; Dmitry Zair-Bek
[29.4.2019; 12:50:01]: id=1; Sergei Filippov
[29.4.2019; 12:58:01]: id=25; Irina Tomak
[29.4.2019; 13:00:35]: id=25; Irina Tomak
[29.4.2019; 13:38:39]: id=2; Dmitry Paramonov
[29.4.2019; 14:28:31]: id=3; Dmitry Zair-Bek
[29.4.2019; 14:43:34]: id=2; Dmitry Paramonov
[29.4.2019; 14:44:57]: id=15; Yuriy Gorbatko
[29.4.2019; 14:46:40]: id=1; Sergei Filippov
[29.4.2019; 15:07:21]: id=2; Dmitry Paramonov
[29.4.2019; 15:29:41]: id=3; Dmitry Zair-Bek
[29.4.2019; 15:29:50]: id=5; Konstantin Amelichev
[29.4.2019; 15:32:19]: id=5; Konstantin Amelichev
[29.4.2019; 15:36:03]: id=5; Konstantin Amelichev
[29.4.2019; 15:46:40]: id=37; Vasily Suvorov
[29.4.2019; 16:04:24]: id=1; Sergei Filippov
[29.4.2019; 16:12:22]: id=2; Dmitry Paramonov
[29.4.2019; 16:15:23]: id=2; Dmitry Paramonov
[29.4.2019; 16:19:44]: id=1; Sergei Filippov
[29.4.2019; 16:35:20]: id=1; Sergei Filippov
[29.4.2019; 16:42:27]: id=6; Roman Skibitskiy
[29.4.2019; 16:47:29]: id=1; Sergei Filippov
[29.4.2019; 17:08:17]: id=2; Dmitry Paramonov
[29.4.2019; 17:14:32]: id=2; Dmitry Paramonov
[29.4.2019; 17:35:50]: id=1; Sergei Filippov
[29.4.2019; 18:26:15]: id=1; Sergei Filippov
[29.4.2019; 18:38:23]: id=6; Roman Skibitskiy
[29.4.2019; 18:41:24]: id=1; Sergei Filippov
[29.4.2019; 18:43:48]: id=6; Roman Skibitskiy
[29.4.2019; 19:13:20]: id=3; Dmitry Zair-Bek
[29.4.2019; 19:15:23]: id=28; Maria Peskina
[29.4.2019; 19:23:33]: id=2; Dmitry Paramonov
[29.4.2019; 19:42:00]: id=2; Dmitry Paramonov
[29.4.2019; 19:56:11]: id=2; Dmitry Paramonov
[29.4.2019; 20:02:36]: id=6; Roman Skibitskiy
[29.4.2019; 20:17:18]: id=1; Sergei Filippov
[29.4.2019; 20:48:45]: id=2; Dmitry Paramonov
