[3.4.2019; 08:06:47]: id=1; Sergei Filippov
[3.4.2019; 08:07:41]: id=1; Sergei Filippov
[3.4.2019; 08:47:43]: id=33; vahta
[3.4.2019; 08:48:10]: id=33; vahta
[3.4.2019; 09:07:10]: id=7; Vladimir Blagodarov
[3.4.2019; 09:55:59]: id=34; Maksim Novikov
[3.4.2019; 10:47:35]: id=34; Maksim Novikov
[3.4.2019; 10:55:59]: id=1; Sergei Filippov
[3.4.2019; 11:03:24]: id=31; Alex Lastra-Grek
[3.4.2019; 11:45:14]: id=25; Irina Tomak
[3.4.2019; 11:52:07]: id=1; Sergei Filippov
[3.4.2019; 11:54:35]: id=3; Dmitry Zair-Bek
[3.4.2019; 12:03:06]: id=11; Nikolay Gorelov
[3.4.2019; 12:42:19]: id=26; Daniil Iglin
[3.4.2019; 12:44:30]: id=3; Dmitry Zair-Bek
[3.4.2019; 12:44:48]: id=1; Sergei Filippov
[3.4.2019; 13:03:26]: id=34; Maksim Novikov
[3.4.2019; 13:05:31]: id=15; Yuriy Gorbatko
[3.4.2019; 13:07:23]: id=34; Maksim Novikov
[3.4.2019; 13:15:12]: id=25; Irina Tomak
[3.4.2019; 13:25:47]: id=34; Maksim Novikov
[3.4.2019; 13:31:53]: id=25; Irina Tomak
[3.4.2019; 13:34:57]: id=34; Maksim Novikov
[3.4.2019; 13:53:17]: id=34; Maksim Novikov
[3.4.2019; 13:54:14]: id=1; Sergei Filippov
[3.4.2019; 14:39:04]: id=26; Daniil Iglin
[3.4.2019; 14:39:06]: id=26; Daniil Iglin
[3.4.2019; 14:46:07]: id=3; Dmitry Zair-Bek
[3.4.2019; 14:48:36]: id=34; Maksim Novikov
[3.4.2019; 14:56:56]: id=23; Igor Kornev
[3.4.2019; 15:02:44]: id=34; Maksim Novikov
[3.4.2019; 15:50:19]: id=7; Vladimir Blagodarov
[3.4.2019; 16:31:31]: id=3; Dmitry Zair-Bek
