[30.1.2019; 07:53:25]: id=1; Sergei Filippov
[30.1.2019; 08:05:47]: id=1; Sergei Filippov
[30.1.2019; 08:25:09]: id=33; vahta
[30.1.2019; 08:25:42]: id=33; vahta
[30.1.2019; 08:31:30]: id=3; Dmitry Zair-Bek
[30.1.2019; 08:33:19]: id=2; Dmitry Paramonov
[30.1.2019; 08:37:22]: id=3; Dmitry Zair-Bek
[30.1.2019; 09:12:35]: id=2; Dmitry Paramonov
[30.1.2019; 09:22:23]: id=13; medical
[30.1.2019; 09:46:55]: id=1; Sergei Filippov
[30.1.2019; 09:47:38]: id=3; Dmitry Zair-Bek
[30.1.2019; 09:50:39]: id=5; Konstantin Amelichev
[30.1.2019; 09:52:13]: id=1; Sergei Filippov
[30.1.2019; 10:32:28]: id=28; Maria Peskina
[30.1.2019; 10:43:33]: id=5; Konstantin Amelichev
[30.1.2019; 10:48:21]: id=15; Yuriy Gorbatko
[30.1.2019; 10:49:45]: id=15; Yuriy Gorbatko
[30.1.2019; 11:32:32]: id=3; Dmitry Zair-Bek
[30.1.2019; 11:34:20]: id=5; Konstantin Amelichev
[30.1.2019; 11:37:11]: id=1; Sergei Filippov
[30.1.2019; 11:38:45]: id=1; Sergei Filippov
[30.1.2019; 12:43:56]: id=2; Dmitry Paramonov
[30.1.2019; 13:40:47]: id=2; Dmitry Paramonov
[30.1.2019; 13:41:19]: id=3; Dmitry Zair-Bek
[30.1.2019; 14:43:44]: id=2; Dmitry Paramonov
[30.1.2019; 14:43:54]: id=5; Konstantin Amelichev
[30.1.2019; 14:44:16]: id=1; Sergei Filippov
[30.1.2019; 14:49:55]: id=3; Dmitry Zair-Bek
[30.1.2019; 14:50:59]: id=5; Konstantin Amelichev
[30.1.2019; 15:36:14]: id=2; Dmitry Paramonov
[30.1.2019; 15:38:54]: id=2; Dmitry Paramonov
[30.1.2019; 16:01:12]: id=1; Sergei Filippov
[30.1.2019; 16:40:36]: id=31; Alex Lastra-Grek
[30.1.2019; 16:47:14]: id=31; Alex Lastra-Grek
[30.1.2019; 16:54:59]: id=31; Alex Lastra-Grek
[30.1.2019; 18:00:37]: id=3; Dmitry Zair-Bek
[30.1.2019; 18:07:10]: id=3; Dmitry Zair-Bek
[30.1.2019; 18:09:28]: id=3; Dmitry Zair-Bek
[30.1.2019; 18:10:44]: id=3; Dmitry Zair-Bek
