[30.4.2019; 07:07:53]: id=33; vahta
[30.4.2019; 07:20:29]: id=33; vahta
[30.4.2019; 07:28:59]: id=33; vahta
[30.4.2019; 08:29:25]: id=33; vahta
[30.4.2019; 10:54:02]: id=5; Konstantin Amelichev
[30.4.2019; 10:54:18]: id=4; Mark Marvakh
[30.4.2019; 11:55:42]: id=11; Nikolay Gorelov
[30.4.2019; 11:56:21]: id=5; Konstantin Amelichev
[30.4.2019; 11:57:36]: id=1; Sergei Filippov
[30.4.2019; 11:58:03]: id=1; Sergei Filippov
[30.4.2019; 11:59:51]: id=11; Nikolay Gorelov
[30.4.2019; 12:03:15]: id=11; Nikolay Gorelov
[30.4.2019; 12:05:20]: id=3; Dmitry Zair-Bek
[30.4.2019; 12:22:07]: id=5; Konstantin Amelichev
[30.4.2019; 12:22:39]: id=5; Konstantin Amelichev
[30.4.2019; 12:23:01]: id=5; Konstantin Amelichev
[30.4.2019; 12:23:03]: id=5; Konstantin Amelichev
[30.4.2019; 12:26:10]: id=11; Nikolay Gorelov
[30.4.2019; 12:36:42]: id=3; Dmitry Zair-Bek
[30.4.2019; 12:36:48]: id=28; Maria Peskina
[30.4.2019; 12:36:53]: id=3; Dmitry Zair-Bek
[30.4.2019; 12:59:34]: id=4; Mark Marvakh
[30.4.2019; 13:04:50]: id=15; Yuriy Gorbatko
[30.4.2019; 13:29:19]: id=4; Mark Marvakh
[30.4.2019; 13:39:33]: id=26; Daniil Iglin
[30.4.2019; 13:43:59]: id=5; Konstantin Amelichev
[30.4.2019; 13:54:19]: id=1; Sergei Filippov
[30.4.2019; 13:54:21]: id=1; Sergei Filippov
[30.4.2019; 14:00:23]: id=5; Konstantin Amelichev
[30.4.2019; 14:20:33]: id=26; Daniil Iglin
[30.4.2019; 14:21:19]: id=26; Daniil Iglin
[30.4.2019; 14:25:30]: id=5; Konstantin Amelichev
[30.4.2019; 14:26:04]: id=26; Daniil Iglin
[30.4.2019; 14:29:09]: id=26; Daniil Iglin
[30.4.2019; 14:36:51]: id=1; Sergei Filippov
[30.4.2019; 14:38:57]: id=1; Sergei Filippov
[30.4.2019; 15:06:05]: id=1; Sergei Filippov
[30.4.2019; 15:50:12]: id=26; Daniil Iglin
[30.4.2019; 15:52:25]: id=5; Konstantin Amelichev
[30.4.2019; 15:52:32]: id=26; Daniil Iglin
[30.4.2019; 16:05:23]: id=26; Daniil Iglin
[30.4.2019; 17:04:43]: id=5; Konstantin Amelichev
[30.4.2019; 17:58:50]: id=26; Daniil Iglin
[30.4.2019; 18:02:05]: id=5; Konstantin Amelichev
[30.4.2019; 18:03:01]: id=26; Daniil Iglin
[30.4.2019; 20:59:33]: id=33; vahta
[30.4.2019; 20:59:35]: id=33; vahta
