[31.1.2019; 08:26:19]: id=33; vahta
[31.1.2019; 08:38:38]: id=5; Konstantin Amelichev
[31.1.2019; 09:15:01]: id=3; Dmitry Zair-Bek
[31.1.2019; 09:47:47]: id=5; Konstantin Amelichev
[31.1.2019; 09:51:02]: id=1; Sergei Filippov
[31.1.2019; 10:51:09]: id=1; Sergei Filippov
[31.1.2019; 12:03:43]: id=5; Konstantin Amelichev
[31.1.2019; 12:44:40]: id=3; Dmitry Zair-Bek
[31.1.2019; 13:38:41]: id=3; Dmitry Zair-Bek
[31.1.2019; 13:39:01]: id=5; Konstantin Amelichev
[31.1.2019; 13:46:24]: id=1; Sergei Filippov
[31.1.2019; 15:02:56]: id=31; Alex Lastra-Grek
[31.1.2019; 15:03:28]: id=31; Alex Lastra-Grek
[31.1.2019; 15:15:14]: id=3; Dmitry Zair-Bek
[31.1.2019; 15:25:55]: id=1; Sergei Filippov
[31.1.2019; 15:31:42]: id=1; Sergei Filippov
[31.1.2019; 15:31:44]: id=1; Sergei Filippov
[31.1.2019; 16:08:58]: id=1; Sergei Filippov
[31.1.2019; 16:09:00]: id=1; Sergei Filippov
[31.1.2019; 18:08:57]: id=1; Sergei Filippov
[31.1.2019; 18:11:39]: id=24; Arkadiy Gordon
[31.1.2019; 18:32:06]: id=1; Sergei Filippov
[31.1.2019; 20:23:22]: id=7; Vladimir Blagodarov
