[4.2.2019; 07:46:34]: id=1; Sergei Filippov
[4.2.2019; 07:49:48]: id=1; Sergei Filippov
[4.2.2019; 08:00:40]: id=1; Sergei Filippov
[4.2.2019; 08:06:09]: id=1; Sergei Filippov
[4.2.2019; 08:29:20]: id=33; vahta
[4.2.2019; 08:37:24]: id=4; Mark Marvakh
[4.2.2019; 08:52:30]: id=15; Yuriy Gorbatko
[4.2.2019; 08:58:50]: id=3; Dmitry Zair-Bek
[4.2.2019; 09:34:38]: id=2; Dmitry Paramonov
[4.2.2019; 09:40:35]: id=5; Konstantin Amelichev
[4.2.2019; 10:13:33]: id=11; Nikolay Gorelov
[4.2.2019; 11:01:38]: id=2; Dmitry Paramonov
[4.2.2019; 11:03:24]: id=15; Yuriy Gorbatko
[4.2.2019; 11:11:13]: id=15; Yuriy Gorbatko
[4.2.2019; 11:46:12]: id=26; Daniil Iglin
[4.2.2019; 11:51:39]: id=5; Konstantin Amelichev
[4.2.2019; 12:25:04]: id=15; Yuriy Gorbatko
[4.2.2019; 12:41:56]: id=26; Daniil Iglin
[4.2.2019; 12:44:18]: id=2; Dmitry Paramonov
[4.2.2019; 12:44:46]: id=4; Mark Marvakh
[4.2.2019; 12:44:59]: id=5; Konstantin Amelichev
[4.2.2019; 12:45:37]: id=3; Dmitry Zair-Bek
[4.2.2019; 12:48:27]: id=1; Sergei Filippov
[4.2.2019; 12:50:35]: id=3; Dmitry Zair-Bek
[4.2.2019; 13:39:12]: id=5; Konstantin Amelichev
[4.2.2019; 13:40:38]: id=26; Daniil Iglin
[4.2.2019; 13:48:49]: id=21; Yuriy Vinarskiy
[4.2.2019; 13:52:52]: id=1; Sergei Filippov
[4.2.2019; 14:00:26]: id=26; Daniil Iglin
[4.2.2019; 14:44:18]: id=5; Konstantin Amelichev
[4.2.2019; 14:48:02]: id=11; Nikolay Gorelov
[4.2.2019; 14:49:48]: id=11; Nikolay Gorelov
[4.2.2019; 14:52:13]: id=1; Sergei Filippov
[4.2.2019; 15:07:00]: id=1; Sergei Filippov
[4.2.2019; 15:17:55]: id=11; Nikolay Gorelov
[4.2.2019; 15:21:16]: id=11; Nikolay Gorelov
[4.2.2019; 15:25:30]: id=11; Nikolay Gorelov
[4.2.2019; 15:28:20]: id=26; Daniil Iglin
[4.2.2019; 16:06:51]: id=1; Sergei Filippov
[4.2.2019; 16:07:48]: id=5; Konstantin Amelichev
[4.2.2019; 16:10:46]: id=2; Dmitry Paramonov
[4.2.2019; 16:35:53]: id=2; Dmitry Paramonov
[4.2.2019; 16:40:20]: id=6; Roman Skibitskiy
[4.2.2019; 16:50:48]: id=2; Dmitry Paramonov
[4.2.2019; 17:08:24]: id=2; Dmitry Paramonov
[4.2.2019; 17:19:21]: id=26; Daniil Iglin
[4.2.2019; 17:59:00]: id=26; Daniil Iglin
[4.2.2019; 18:54:11]: id=3; Dmitry Zair-Bek
[4.2.2019; 18:59:18]: id=6; Roman Skibitskiy
[4.2.2019; 19:10:37]: id=2; Dmitry Paramonov
[4.2.2019; 19:35:44]: id=6; Roman Skibitskiy
[4.2.2019; 19:49:58]: id=1; Sergei Filippov
[4.2.2019; 20:00:28]: id=2; Dmitry Paramonov
[4.2.2019; 20:12:34]: id=1; Sergei Filippov
[4.2.2019; 20:42:50]: id=3; Dmitry Zair-Bek
[4.2.2019; 21:48:53]: id=2; Dmitry Paramonov
[4.2.2019; 22:19:39]: id=6; Roman Skibitskiy
[4.2.2019; 22:21:59]: id=6; Roman Skibitskiy
