[4.3.2019; 07:55:50]: id=33; vahta
[4.3.2019; 08:43:41]: id=3; Dmitry Zair-Bek
[4.3.2019; 08:52:44]: id=4; Mark Marvakh
[4.3.2019; 09:10:16]: id=34; Maksim Novikov
[4.3.2019; 09:11:58]: id=11; Nikolay Gorelov
[4.3.2019; 09:49:41]: id=34; Maksim Novikov
[4.3.2019; 10:01:13]: id=34; Maksim Novikov
[4.3.2019; 10:01:15]: id=34; Maksim Novikov
[4.3.2019; 10:18:51]: id=1; Sergei Filippov
[4.3.2019; 10:20:28]: id=1; Sergei Filippov
[4.3.2019; 10:55:08]: id=34; Maksim Novikov
[4.3.2019; 10:56:50]: id=1; Sergei Filippov
[4.3.2019; 11:01:10]: id=34; Maksim Novikov
[4.3.2019; 11:03:29]: id=31; Alex Lastra-Grek
[4.3.2019; 11:51:05]: id=1; Sergei Filippov
[4.3.2019; 12:26:42]: id=34; Maksim Novikov
[4.3.2019; 12:44:33]: id=2; Dmitry Paramonov
[4.3.2019; 12:45:01]: id=15; Yuriy Gorbatko
[4.3.2019; 12:46:20]: id=2; Dmitry Paramonov
[4.3.2019; 12:46:59]: id=3; Dmitry Zair-Bek
[4.3.2019; 12:47:33]: id=4; Mark Marvakh
[4.3.2019; 12:54:21]: id=3; Dmitry Zair-Bek
[4.3.2019; 12:58:02]: id=3; Dmitry Zair-Bek
[4.3.2019; 13:04:46]: id=7; Vladimir Blagodarov
[4.3.2019; 13:38:39]: id=2; Dmitry Paramonov
[4.3.2019; 13:38:48]: id=34; Maksim Novikov
[4.3.2019; 13:41:59]: id=2; Dmitry Paramonov
[4.3.2019; 13:48:14]: id=40; Temporary card
[4.3.2019; 13:53:25]: id=34; Maksim Novikov
[4.3.2019; 13:59:38]: id=11; Nikolay Gorelov
[4.3.2019; 14:00:04]: id=40; Temporary card
[4.3.2019; 14:00:19]: id=40; Temporary card
[4.3.2019; 14:41:46]: id=34; Maksim Novikov
[4.3.2019; 14:44:18]: id=40; Temporary card
[4.3.2019; 14:44:20]: id=40; Temporary card
[4.3.2019; 14:47:18]: id=2; Dmitry Paramonov
[4.3.2019; 14:59:03]: id=15; Yuriy Gorbatko
[4.3.2019; 15:17:12]: id=40; Temporary card
[4.3.2019; 15:22:27]: id=31; Alex Lastra-Grek
[4.3.2019; 15:28:16]: id=31; Alex Lastra-Grek
[4.3.2019; 15:34:30]: id=2; Dmitry Paramonov
[4.3.2019; 15:38:49]: id=34; Maksim Novikov
[4.3.2019; 15:43:24]: id=3; Dmitry Zair-Bek
[4.3.2019; 15:43:56]: id=40; Temporary card
[4.3.2019; 16:02:23]: id=34; Maksim Novikov
[4.3.2019; 16:04:11]: id=38; Alexander Alexeev
[4.3.2019; 16:08:01]: id=38; Alexander Alexeev
[4.3.2019; 16:13:50]: id=40; Temporary card
[4.3.2019; 16:14:12]: id=38; Alexander Alexeev
[4.3.2019; 16:19:50]: id=1; Sergei Filippov
[4.3.2019; 16:23:00]: id=3; Dmitry Zair-Bek
[4.3.2019; 16:23:11]: id=1; Sergei Filippov
[4.3.2019; 16:23:26]: id=5; Konstantin Amelichev
[4.3.2019; 16:25:20]: id=4; Mark Marvakh
[4.3.2019; 16:26:04]: id=2; Dmitry Paramonov
[4.3.2019; 16:27:06]: id=1; Sergei Filippov
[4.3.2019; 16:31:17]: id=3; Dmitry Zair-Bek
[4.3.2019; 16:49:28]: id=5; Konstantin Amelichev
[4.3.2019; 17:03:37]: id=6; Roman Skibitskiy
[4.3.2019; 17:04:16]: id=6; Roman Skibitskiy
[4.3.2019; 17:12:06]: id=5; Konstantin Amelichev
[4.3.2019; 17:13:14]: id=40; Temporary card
[4.3.2019; 17:16:24]: id=1; Sergei Filippov
[4.3.2019; 17:23:54]: id=1; Sergei Filippov
[4.3.2019; 18:30:31]: id=40; Temporary card
[4.3.2019; 18:43:59]: id=2; Dmitry Paramonov
[4.3.2019; 18:49:30]: id=40; Temporary card
[4.3.2019; 19:29:31]: id=5; Konstantin Amelichev
[4.3.2019; 20:12:50]: id=1; Sergei Filippov
[4.3.2019; 20:36:29]: id=2; Dmitry Paramonov
[4.3.2019; 20:54:12]: id=2; Dmitry Paramonov
[4.3.2019; 21:21:40]: id=5; Konstantin Amelichev
[4.3.2019; 21:58:37]: id=6; Roman Skibitskiy
[4.3.2019; 22:00:53]: id=6; Roman Skibitskiy
[4.3.2019; 22:14:37]: id=33; vahta
[4.3.2019; 22:36:35]: id=33; vahta
