[4.4.2019; 07:55:03]: id=1; Sergei Filippov
[4.4.2019; 07:58:09]: id=1; Sergei Filippov
[4.4.2019; 08:28:57]: id=33; vahta
[4.4.2019; 08:45:01]: id=5; Konstantin Amelichev
[4.4.2019; 08:47:38]: id=33; vahta
[4.4.2019; 08:48:41]: id=34; Maksim Novikov
[4.4.2019; 09:11:30]: id=2; Dmitry Paramonov
[4.4.2019; 09:40:56]: id=7; Vladimir Blagodarov
[4.4.2019; 09:42:19]: id=15; Yuriy Gorbatko
[4.4.2019; 09:45:06]: id=15; Yuriy Gorbatko
[4.4.2019; 10:02:12]: id=28; Maria Peskina
[4.4.2019; 10:31:51]: id=15; Yuriy Gorbatko
[4.4.2019; 10:31:54]: id=15; Yuriy Gorbatko
[4.4.2019; 10:43:57]: id=2; Dmitry Paramonov
[4.4.2019; 10:44:49]: id=1; Sergei Filippov
[4.4.2019; 10:44:51]: id=1; Sergei Filippov
[4.4.2019; 10:44:54]: id=1; Sergei Filippov
[4.4.2019; 10:44:56]: id=5; Konstantin Amelichev
[4.4.2019; 10:45:03]: id=1; Sergei Filippov
[4.4.2019; 10:45:22]: id=5; Konstantin Amelichev
[4.4.2019; 10:45:33]: id=5; Konstantin Amelichev
[4.4.2019; 10:45:35]: id=5; Konstantin Amelichev
[4.4.2019; 10:45:37]: id=5; Konstantin Amelichev
[4.4.2019; 10:45:40]: id=5; Konstantin Amelichev
[4.4.2019; 10:45:42]: id=5; Konstantin Amelichev
[4.4.2019; 10:52:38]: id=3; Dmitry Zair-Bek
[4.4.2019; 10:54:30]: id=7; Vladimir Blagodarov
[4.4.2019; 11:03:55]: id=31; Alex Lastra-Grek
[4.4.2019; 11:47:40]: id=31; Alex Lastra-Grek
[4.4.2019; 11:52:46]: id=25; Irina Tomak
[4.4.2019; 11:52:57]: id=31; Alex Lastra-Grek
[4.4.2019; 11:54:46]: id=25; Irina Tomak
[4.4.2019; 12:08:05]: id=7; Vladimir Blagodarov
[4.4.2019; 12:26:56]: id=25; Irina Tomak
[4.4.2019; 12:29:49]: id=3; Dmitry Zair-Bek
[4.4.2019; 12:29:59]: id=31; Alex Lastra-Grek
[4.4.2019; 12:42:37]: id=34; Maksim Novikov
[4.4.2019; 12:43:15]: id=5; Konstantin Amelichev
[4.4.2019; 12:45:52]: id=5; Konstantin Amelichev
[4.4.2019; 12:55:24]: id=28; Maria Peskina
[4.4.2019; 12:57:52]: id=23; Igor Kornev
[4.4.2019; 13:43:12]: id=7; Vladimir Blagodarov
[4.4.2019; 13:43:22]: id=7; Vladimir Blagodarov
[4.4.2019; 13:43:32]: id=7; Vladimir Blagodarov
[4.4.2019; 13:43:42]: id=7; Vladimir Blagodarov
[4.4.2019; 13:43:52]: id=7; Vladimir Blagodarov
[4.4.2019; 13:44:02]: id=7; Vladimir Blagodarov
[4.4.2019; 13:44:12]: id=7; Vladimir Blagodarov
[4.4.2019; 13:44:22]: id=7; Vladimir Blagodarov
[4.4.2019; 13:44:32]: id=7; Vladimir Blagodarov
[4.4.2019; 13:44:42]: id=7; Vladimir Blagodarov
[4.4.2019; 13:44:52]: id=7; Vladimir Blagodarov
[4.4.2019; 13:45:02]: id=7; Vladimir Blagodarov
[4.4.2019; 13:45:11]: id=34; Maksim Novikov
[4.4.2019; 13:45:12]: id=7; Vladimir Blagodarov
[4.4.2019; 13:45:22]: id=7; Vladimir Blagodarov
[4.4.2019; 13:45:32]: id=7; Vladimir Blagodarov
[4.4.2019; 13:45:43]: id=7; Vladimir Blagodarov
[4.4.2019; 13:45:52]: id=7; Vladimir Blagodarov
[4.4.2019; 13:46:02]: id=7; Vladimir Blagodarov
[4.4.2019; 13:46:12]: id=7; Vladimir Blagodarov
[4.4.2019; 13:46:22]: id=7; Vladimir Blagodarov
[4.4.2019; 13:46:32]: id=7; Vladimir Blagodarov
[4.4.2019; 13:46:42]: id=7; Vladimir Blagodarov
[4.4.2019; 13:46:52]: id=7; Vladimir Blagodarov
[4.4.2019; 13:47:02]: id=7; Vladimir Blagodarov
[4.4.2019; 13:47:12]: id=7; Vladimir Blagodarov
[4.4.2019; 13:47:22]: id=7; Vladimir Blagodarov
[4.4.2019; 13:47:32]: id=7; Vladimir Blagodarov
[4.4.2019; 13:47:42]: id=7; Vladimir Blagodarov
[4.4.2019; 13:47:52]: id=7; Vladimir Blagodarov
[4.4.2019; 13:48:02]: id=7; Vladimir Blagodarov
[4.4.2019; 13:48:12]: id=7; Vladimir Blagodarov
[4.4.2019; 13:48:22]: id=7; Vladimir Blagodarov
[4.4.2019; 13:48:57]: id=1; Sergei Filippov
[4.4.2019; 13:50:24]: id=2; Dmitry Paramonov
[4.4.2019; 14:10:25]: id=7; Vladimir Blagodarov
[4.4.2019; 14:55:56]: id=2; Dmitry Paramonov
[4.4.2019; 14:57:56]: id=5; Konstantin Amelichev
[4.4.2019; 15:07:00]: id=26; Daniil Iglin
[4.4.2019; 15:24:25]: id=31; Alex Lastra-Grek
[4.4.2019; 15:28:28]: id=31; Alex Lastra-Grek
[4.4.2019; 16:33:00]: id=1; Sergei Filippov
[4.4.2019; 16:34:13]: id=7; Vladimir Blagodarov
[4.4.2019; 16:38:33]: id=31; Alex Lastra-Grek
[4.4.2019; 16:50:54]: id=7; Vladimir Blagodarov
[4.4.2019; 16:54:54]: id=24; Arkadiy Gordon
[4.4.2019; 17:04:31]: id=7; Vladimir Blagodarov
[4.4.2019; 17:05:43]: id=7; Vladimir Blagodarov
[4.4.2019; 17:10:19]: id=1; Sergei Filippov
[4.4.2019; 17:30:54]: id=31; Alex Lastra-Grek
[4.4.2019; 18:03:56]: id=1; Sergei Filippov
[4.4.2019; 18:03:58]: id=1; Sergei Filippov
[4.4.2019; 18:04:03]: id=1; Sergei Filippov
[4.4.2019; 18:09:49]: id=1; Sergei Filippov
[4.4.2019; 18:18:12]: id=31; Alex Lastra-Grek
[4.4.2019; 18:51:41]: id=31; Alex Lastra-Grek
[4.4.2019; 19:13:23]: id=3; Dmitry Zair-Bek
[4.4.2019; 19:19:20]: id=3; Dmitry Zair-Bek
[4.4.2019; 19:28:15]: id=3; Dmitry Zair-Bek
[4.4.2019; 19:32:19]: id=3; Dmitry Zair-Bek
[4.4.2019; 19:35:58]: id=3; Dmitry Zair-Bek
[4.4.2019; 21:10:36]: id=26; Daniil Iglin
