[5.2.2019; 08:11:53]: id=4; Mark Marvakh
[5.2.2019; 08:25:56]: id=33; vahta
[5.2.2019; 08:43:38]: id=34; Maksim Novikov
[5.2.2019; 08:54:04]: id=1; Sergei Filippov
[5.2.2019; 08:54:48]: id=34; Maksim Novikov
[5.2.2019; 08:58:04]: id=1; Sergei Filippov
[5.2.2019; 10:30:52]: id=1; Sergei Filippov
[5.2.2019; 10:41:33]: id=2; Dmitry Paramonov
[5.2.2019; 10:43:50]: id=2; Dmitry Paramonov
[5.2.2019; 10:46:08]: id=4; Mark Marvakh
[5.2.2019; 10:46:27]: id=5; Konstantin Amelichev
[5.2.2019; 10:49:20]: id=26; Daniil Iglin
[5.2.2019; 10:49:46]: id=3; Dmitry Zair-Bek
[5.2.2019; 10:58:29]: id=11; Nikolay Gorelov
[5.2.2019; 11:08:13]: id=1; Sergei Filippov
[5.2.2019; 11:54:43]: id=2; Dmitry Paramonov
[5.2.2019; 11:55:42]: id=2; Dmitry Paramonov
[5.2.2019; 11:59:23]: id=3; Dmitry Zair-Bek
[5.2.2019; 12:00:22]: id=2; Dmitry Paramonov
[5.2.2019; 12:17:43]: id=27; Sergei Syrykh
[5.2.2019; 12:46:53]: id=1; Sergei Filippov
[5.2.2019; 12:47:41]: id=5; Konstantin Amelichev
[5.2.2019; 12:55:35]: id=1; Sergei Filippov
[5.2.2019; 13:37:06]: id=1; Sergei Filippov
[5.2.2019; 13:41:35]: id=34; Maksim Novikov
[5.2.2019; 13:47:32]: id=26; Daniil Iglin
[5.2.2019; 13:50:20]: id=34; Maksim Novikov
[5.2.2019; 13:54:44]: id=1; Sergei Filippov
[5.2.2019; 14:17:19]: id=1; Sergei Filippov
[5.2.2019; 14:42:11]: id=4; Mark Marvakh
[5.2.2019; 14:52:17]: id=1; Sergei Filippov
[5.2.2019; 14:52:53]: id=5; Konstantin Amelichev
[5.2.2019; 14:54:06]: id=1; Sergei Filippov
[5.2.2019; 14:57:42]: id=1; Sergei Filippov
[5.2.2019; 15:22:33]: id=3; Dmitry Zair-Bek
[5.2.2019; 15:23:25]: id=5; Konstantin Amelichev
[5.2.2019; 15:23:55]: id=1; Sergei Filippov
[5.2.2019; 15:24:27]: id=5; Konstantin Amelichev
[5.2.2019; 15:49:58]: id=11; Nikolay Gorelov
[5.2.2019; 16:04:50]: id=5; Konstantin Amelichev
[5.2.2019; 16:18:25]: id=11; Nikolay Gorelov
[5.2.2019; 16:23:19]: id=3; Dmitry Zair-Bek
[5.2.2019; 16:57:45]: id=34; Maksim Novikov
[5.2.2019; 17:04:13]: id=34; Maksim Novikov
[5.2.2019; 17:41:15]: id=5; Konstantin Amelichev
[5.2.2019; 17:53:00]: id=31; Alex Lastra-Grek
[5.2.2019; 18:00:50]: id=5; Konstantin Amelichev
[5.2.2019; 18:42:11]: id=31; Alex Lastra-Grek
[5.2.2019; 18:51:57]: id=5; Konstantin Amelichev
[5.2.2019; 18:53:37]: id=5; Konstantin Amelichev
[5.2.2019; 19:22:59]: id=31; Alex Lastra-Grek
[5.2.2019; 20:00:12]: id=34; Maksim Novikov
