[5.3.2019; 08:06:32]: id=1; Sergei Filippov
[5.3.2019; 08:24:03]: id=33; vahta
[5.3.2019; 08:40:50]: id=34; Maksim Novikov
[5.3.2019; 08:54:00]: id=34; Maksim Novikov
[5.3.2019; 08:58:44]: id=1; Sergei Filippov
[5.3.2019; 09:00:48]: id=3; Dmitry Zair-Bek
[5.3.2019; 09:10:00]: id=34; Maksim Novikov
[5.3.2019; 09:11:34]: id=34; Maksim Novikov
[5.3.2019; 09:19:38]: id=31; Alex Lastra-Grek
[5.3.2019; 09:25:25]: id=1; Sergei Filippov
[5.3.2019; 09:36:09]: id=13; medical
[5.3.2019; 09:47:41]: id=31; Alex Lastra-Grek
[5.3.2019; 09:49:47]: id=31; Alex Lastra-Grek
[5.3.2019; 10:04:23]: id=31; Alex Lastra-Grek
[5.3.2019; 10:29:18]: id=31; Alex Lastra-Grek
[5.3.2019; 10:50:08]: id=31; Alex Lastra-Grek
[5.3.2019; 10:50:36]: id=40; Temporary card
[5.3.2019; 10:53:09]: id=4; Mark Marvakh
[5.3.2019; 11:01:51]: id=40; Temporary card
[5.3.2019; 11:05:18]: id=1; Sergei Filippov
[5.3.2019; 11:05:24]: id=1; Sergei Filippov
[5.3.2019; 11:49:22]: id=1; Sergei Filippov
[5.3.2019; 12:43:37]: id=11; Nikolay Gorelov
[5.3.2019; 12:44:34]: id=40; Temporary card
[5.3.2019; 12:48:53]: id=3; Dmitry Zair-Bek
[5.3.2019; 12:49:34]: id=1; Sergei Filippov
[5.3.2019; 12:51:43]: id=28; Maria Peskina
[5.3.2019; 13:17:52]: id=3; Dmitry Zair-Bek
[5.3.2019; 13:18:17]: id=28; Maria Peskina
[5.3.2019; 13:57:09]: id=28; Maria Peskina
[5.3.2019; 14:05:11]: id=28; Maria Peskina
[5.3.2019; 14:21:14]: id=3; Dmitry Zair-Bek
[5.3.2019; 14:29:20]: id=28; Maria Peskina
[5.3.2019; 14:44:44]: id=4; Mark Marvakh
[5.3.2019; 15:26:45]: id=3; Dmitry Zair-Bek
[5.3.2019; 15:58:22]: id=5; Konstantin Amelichev
[5.3.2019; 16:06:46]: id=40; Temporary card_iglin
[5.3.2019; 16:08:11]: id=40; Temporary card_iglin
[5.3.2019; 16:38:24]: id=40; Temporary card_iglin
[5.3.2019; 17:10:51]: id=5; Konstantin Amelichev
[5.3.2019; 17:38:29]: id=5; Konstantin Amelichev
[5.3.2019; 17:44:15]: id=31; Alex Lastra-Grek
[5.3.2019; 17:47:40]: id=40; Temporary card_iglin
[5.3.2019; 17:49:23]: id=5; Konstantin Amelichev
[5.3.2019; 17:52:49]: id=40; Temporary card_iglin
[5.3.2019; 18:06:14]: id=28; Maria Peskina
[5.3.2019; 18:41:12]: id=31; Alex Lastra-Grek
[5.3.2019; 18:54:16]: id=31; Alex Lastra-Grek
[5.3.2019; 18:58:22]: id=5; Konstantin Amelichev
[5.3.2019; 19:00:43]: id=5; Konstantin Amelichev
[5.3.2019; 19:04:45]: id=5; Konstantin Amelichev
[5.3.2019; 19:25:42]: id=31; Alex Lastra-Grek
[5.3.2019; 19:37:31]: id=40; Temporary card_iglin
[5.3.2019; 19:43:58]: id=31; Alex Lastra-Grek
[5.3.2019; 19:59:35]: id=31; Alex Lastra-Grek
[5.3.2019; 20:14:46]: id=31; Alex Lastra-Grek
[5.3.2019; 20:22:36]: id=31; Alex Lastra-Grek
[5.3.2019; 20:29:38]: id=31; Alex Lastra-Grek
[5.3.2019; 20:59:34]: id=33; vahta
[5.3.2019; 21:11:01]: id=33; vahta
