[5.4.2019; 08:27:17]: id=33; vahta
[5.4.2019; 08:33:26]: id=27; Sergei Syrykh
[5.4.2019; 08:35:44]: id=34; Maksim Novikov
[5.4.2019; 08:38:30]: id=11; Nikolay Gorelov
[5.4.2019; 08:45:23]: id=34; Maksim Novikov
[5.4.2019; 08:46:20]: id=3; Dmitry Zair-Bek
[5.4.2019; 08:47:37]: id=33; vahta
[5.4.2019; 08:59:36]: id=15; Yuriy Gorbatko
[5.4.2019; 14:35:47]: id=34; Maksim Novikov
[5.4.2019; 14:37:41]: id=1; Sergei Filippov
[5.4.2019; 14:40:42]: id=1; Sergei Filippov
[5.4.2019; 14:45:33]: id=2; Dmitry Paramonov
[5.4.2019; 14:48:18]: id=1; Sergei Filippov
[5.4.2019; 14:51:54]: id=5; Konstantin Amelichev
[5.4.2019; 14:52:43]: id=34; Maksim Novikov
[5.4.2019; 15:18:27]: id=34; Maksim Novikov
[5.4.2019; 15:18:37]: id=5; Konstantin Amelichev
[5.4.2019; 15:25:44]: id=2; Dmitry Paramonov
[5.4.2019; 15:26:40]: id=1; Sergei Filippov
[5.4.2019; 15:48:48]: id=2; Dmitry Paramonov
[5.4.2019; 16:18:19]: id=1; Sergei Filippov
[5.4.2019; 16:21:15]: id=2; Dmitry Paramonov
[5.4.2019; 16:25:39]: id=1; Sergei Filippov
[5.4.2019; 16:38:52]: id=2; Dmitry Paramonov
[5.4.2019; 16:56:16]: id=1; Sergei Filippov
[5.4.2019; 17:23:49]: id=2; Dmitry Paramonov
