[6.2.2019; 07:51:29]: id=1; Sergei Filippov
[6.2.2019; 07:59:02]: id=33; vahta
[6.2.2019; 07:59:35]: id=33; vahta
[6.2.2019; 08:50:01]: id=34; Maksim Novikov
[6.2.2019; 09:50:01]: id=1; Sergei Filippov
[6.2.2019; 09:50:32]: id=1; Sergei Filippov
[6.2.2019; 09:51:13]: id=34; Maksim Novikov
[6.2.2019; 10:13:28]: id=1; Sergei Filippov
[6.2.2019; 10:52:39]: id=34; Maksim Novikov
[6.2.2019; 10:57:37]: id=1; Sergei Filippov
[6.2.2019; 12:09:10]: id=34; Maksim Novikov
[6.2.2019; 12:43:19]: id=1; Sergei Filippov
[6.2.2019; 12:44:37]: id=15; Yuriy Gorbatko
[6.2.2019; 12:54:08]: id=34; Maksim Novikov
[6.2.2019; 12:54:23]: id=3; Dmitry Zair-Bek
[6.2.2019; 13:02:58]: id=26; Daniil Iglin
[6.2.2019; 13:46:32]: id=3; Dmitry Zair-Bek
[6.2.2019; 13:51:25]: id=34; Maksim Novikov
[6.2.2019; 13:51:27]: id=34; Maksim Novikov
[6.2.2019; 14:45:24]: id=1; Sergei Filippov
[6.2.2019; 15:04:35]: id=26; Daniil Iglin
[6.2.2019; 15:11:35]: id=26; Daniil Iglin
[6.2.2019; 16:06:17]: id=34; Maksim Novikov
[6.2.2019; 16:13:12]: id=31; Alex Lastra-Grek
[6.2.2019; 16:38:26]: id=1; Sergei Filippov
[6.2.2019; 16:47:42]: id=1; Sergei Filippov
[6.2.2019; 16:50:03]: id=26; Daniil Iglin
[6.2.2019; 19:22:51]: id=31; Alex Lastra-Grek
