[6.3.2019; 08:04:29]: id=1; Sergei Filippov
[6.3.2019; 08:09:07]: id=1; Sergei Filippov
[6.3.2019; 08:12:30]: id=33; vahta
[6.3.2019; 08:48:04]: id=21; Yuriy Vinarskiy
[6.3.2019; 09:18:42]: id=1; Sergei Filippov
[6.3.2019; 09:52:58]: id=1; Sergei Filippov
[6.3.2019; 09:56:57]: id=1; Sergei Filippov
[6.3.2019; 11:03:52]: id=31; Alex Lastra-Grek
[6.3.2019; 11:49:10]: id=38; Alexander Alexeev
[6.3.2019; 11:49:13]: id=38; Alexander Alexeev
[6.3.2019; 11:49:25]: id=37; Vasily Suvorov
[6.3.2019; 11:52:57]: id=38; Alexander Alexeev
[6.3.2019; 11:56:21]: id=31; Alex Lastra-Grek
[6.3.2019; 11:59:05]: id=1; Sergei Filippov
[6.3.2019; 12:05:17]: id=31; Alex Lastra-Grek
[6.3.2019; 12:06:35]: id=11; Nikolay Gorelov
[6.3.2019; 12:18:53]: id=28; Maria Peskina
[6.3.2019; 12:20:17]: id=28; Maria Peskina
[6.3.2019; 13:52:01]: id=1; Sergei Filippov
[6.3.2019; 15:04:49]: id=1; Sergei Filippov
[6.3.2019; 15:07:22]: id=1; Sergei Filippov
[6.3.2019; 15:31:57]: id=1; Sergei Filippov
[6.3.2019; 15:35:25]: id=1; Sergei Filippov
[6.3.2019; 15:40:41]: id=1; Sergei Filippov
[6.3.2019; 15:42:23]: id=1; Sergei Filippov
[6.3.2019; 15:52:00]: id=1; Sergei Filippov
[6.3.2019; 16:10:30]: id=1; Sergei Filippov
[6.3.2019; 16:19:27]: id=28; Maria Peskina
[6.3.2019; 16:31:44]: id=31; Alex Lastra-Grek
[6.3.2019; 17:51:30]: id=31; Alex Lastra-Grek
[6.3.2019; 20:39:09]: id=33; vahta
[6.3.2019; 20:39:11]: id=33; vahta
[6.3.2019; 20:39:42]: id=33; vahta
