[6.5.2019; 08:49:24]: id=15; Yuriy Gorbatko
[6.5.2019; 12:52:46]: id=26; Daniil Iglin
[6.5.2019; 12:53:03]: id=26; Daniil Iglin
[6.5.2019; 12:54:19]: id=26; Daniil Iglin
[6.5.2019; 13:46:58]: id=15; Yuriy Gorbatko
[6.5.2019; 13:50:37]: id=1; Sergei Filippov
[6.5.2019; 15:04:23]: id=2; Dmitry Paramonov
[6.5.2019; 15:05:42]: id=2; Dmitry Paramonov
[6.5.2019; 15:08:46]: id=1; Sergei Filippov
[6.5.2019; 15:18:09]: id=31; Alex Lastra-Grek
[6.5.2019; 15:29:58]: id=5; Konstantin Amelichev
[6.5.2019; 15:35:40]: id=2; Dmitry Paramonov
[6.5.2019; 15:55:40]: id=1; Sergei Filippov
[6.5.2019; 16:47:59]: id=6; Roman Skibitskiy
[6.5.2019; 17:15:39]: id=2; Dmitry Paramonov
[6.5.2019; 18:00:31]: id=1; Sergei Filippov
[6.5.2019; 18:05:38]: id=1; Sergei Filippov
[6.5.2019; 18:10:49]: id=1; Sergei Filippov
[6.5.2019; 18:10:51]: id=1; Sergei Filippov
[6.5.2019; 18:10:53]: id=1; Sergei Filippov
[6.5.2019; 18:48:21]: id=1; Sergei Filippov
[6.5.2019; 18:48:23]: id=1; Sergei Filippov
[6.5.2019; 19:00:03]: id=6; Roman Skibitskiy
[6.5.2019; 19:58:29]: id=6; Roman Skibitskiy
[6.5.2019; 20:07:22]: id=5; Konstantin Amelichev
[6.5.2019; 20:21:54]: id=2; Dmitry Paramonov
[6.5.2019; 20:40:38]: id=6; Roman Skibitskiy
[6.5.2019; 21:03:33]: id=5; Konstantin Amelichev
[6.5.2019; 21:37:19]: id=1; Sergei Filippov
