[7.2.2019; 08:01:02]: id=1; Sergei Filippov
[7.2.2019; 08:06:20]: id=1; Sergei Filippov
[7.2.2019; 08:16:15]: id=4; Mark Marvakh
[7.2.2019; 08:19:25]: id=33; vahta
[7.2.2019; 08:19:59]: id=33; vahta
[7.2.2019; 08:30:16]: id=5; Konstantin Amelichev
[7.2.2019; 08:37:39]: id=34; Maksim Novikov
[7.2.2019; 08:49:01]: id=3; Dmitry Zair-Bek
[7.2.2019; 09:35:30]: id=2; Dmitry Paramonov
[7.2.2019; 09:40:22]: id=26; Daniil Iglin
[7.2.2019; 09:49:07]: id=3; Dmitry Zair-Bek
[7.2.2019; 10:42:40]: id=5; Konstantin Amelichev
[7.2.2019; 10:44:37]: id=1; Sergei Filippov
[7.2.2019; 10:44:52]: id=26; Daniil Iglin
[7.2.2019; 11:29:37]: id=26; Daniil Iglin
[7.2.2019; 12:39:44]: id=3; Dmitry Zair-Bek
[7.2.2019; 12:49:16]: id=1; Sergei Filippov
[7.2.2019; 12:51:04]: id=2; Dmitry Paramonov
[7.2.2019; 13:39:21]: id=5; Konstantin Amelichev
[7.2.2019; 13:39:41]: id=1; Sergei Filippov
[7.2.2019; 13:42:40]: id=26; Daniil Iglin
[7.2.2019; 13:48:55]: id=1; Sergei Filippov
[7.2.2019; 13:56:45]: id=3; Dmitry Zair-Bek
[7.2.2019; 13:57:57]: id=28; Maria Peskina
[7.2.2019; 14:11:07]: id=3; Dmitry Zair-Bek
[7.2.2019; 14:18:49]: id=26; Daniil Iglin
[7.2.2019; 14:41:26]: id=1; Sergei Filippov
[7.2.2019; 14:41:48]: id=2; Dmitry Paramonov
[7.2.2019; 14:46:13]: id=15; Yuriy Gorbatko
[7.2.2019; 14:48:23]: id=3; Dmitry Zair-Bek
[7.2.2019; 14:48:42]: id=5; Konstantin Amelichev
[7.2.2019; 14:53:19]: id=1; Sergei Filippov
[7.2.2019; 14:55:15]: id=4; Mark Marvakh
[7.2.2019; 15:01:01]: id=24; Arkadiy Gordon
[7.2.2019; 15:01:03]: id=24; Arkadiy Gordon
[7.2.2019; 15:08:00]: id=31; Alex Lastra-Grek
[7.2.2019; 15:26:58]: id=26; Daniil Iglin
[7.2.2019; 16:21:51]: id=31; Alex Lastra-Grek
[7.2.2019; 16:29:00]: id=1; Sergei Filippov
[7.2.2019; 16:30:40]: id=1; Sergei Filippov
[7.2.2019; 16:34:04]: id=1; Sergei Filippov
[7.2.2019; 16:40:04]: id=3; Dmitry Zair-Bek
[7.2.2019; 16:42:59]: id=3; Dmitry Zair-Bek
[7.2.2019; 17:57:15]: id=3; Dmitry Zair-Bek
[7.2.2019; 21:50:02]: id=26; Daniil Iglin
