[7.3.2019; 08:23:19]: id=33; vahta
[7.3.2019; 08:46:20]: id=7; Vladimir Blagodarov
[7.3.2019; 08:58:03]: id=4; Mark Marvakh
[7.3.2019; 08:59:37]: id=34; Maksim Novikov
[7.3.2019; 09:01:00]: id=3; Dmitry Zair-Bek
[7.3.2019; 09:44:28]: id=40; Temporary card_iglin
[7.3.2019; 09:54:06]: id=34; Maksim Novikov
[7.3.2019; 10:43:20]: id=34; Maksim Novikov
[7.3.2019; 10:49:12]: id=36; Maxim Boyarsky
[7.3.2019; 10:50:49]: id=40; Temporary card_iglin
[7.3.2019; 10:53:20]: id=26; Daniil Iglin
[7.3.2019; 10:53:22]: id=26; Daniil Iglin
[7.3.2019; 10:57:12]: id=31; Alex Lastra-Grek
[7.3.2019; 10:58:55]: id=26; Daniil Iglin
[7.3.2019; 10:59:46]: id=31; Alex Lastra-Grek
[7.3.2019; 11:02:30]: id=26; Daniil Iglin
[7.3.2019; 11:05:12]: id=34; Maksim Novikov
[7.3.2019; 11:23:54]: id=26; Daniil Iglin
[7.3.2019; 11:32:18]: id=31; Alex Lastra-Grek
[7.3.2019; 11:42:14]: id=34; Maksim Novikov
[7.3.2019; 11:50:16]: id=31; Alex Lastra-Grek
[7.3.2019; 11:55:53]: id=10; Sergei Skvortsov
[7.3.2019; 11:57:50]: id=31; Alex Lastra-Grek
[7.3.2019; 12:04:06]: id=34; Maksim Novikov
[7.3.2019; 12:11:58]: id=31; Alex Lastra-Grek
[7.3.2019; 12:47:30]: id=36; Maxim Boyarsky
[7.3.2019; 12:51:54]: id=3; Dmitry Zair-Bek
[7.3.2019; 12:55:02]: id=34; Maksim Novikov
[7.3.2019; 12:56:02]: id=4; Mark Marvakh
[7.3.2019; 13:01:53]: id=31; Alex Lastra-Grek
[7.3.2019; 13:38:04]: id=31; Alex Lastra-Grek
[7.3.2019; 13:38:06]: id=31; Alex Lastra-Grek
[7.3.2019; 13:38:09]: id=31; Alex Lastra-Grek
[7.3.2019; 13:38:11]: id=31; Alex Lastra-Grek
[7.3.2019; 13:38:13]: id=31; Alex Lastra-Grek
[7.3.2019; 13:38:15]: id=31; Alex Lastra-Grek
[7.3.2019; 13:38:17]: id=31; Alex Lastra-Grek
[7.3.2019; 13:38:19]: id=31; Alex Lastra-Grek
[7.3.2019; 13:38:22]: id=31; Alex Lastra-Grek
[7.3.2019; 13:38:24]: id=31; Alex Lastra-Grek
[7.3.2019; 13:38:26]: id=31; Alex Lastra-Grek
[7.3.2019; 13:38:28]: id=31; Alex Lastra-Grek
[7.3.2019; 13:38:30]: id=31; Alex Lastra-Grek
[7.3.2019; 13:38:47]: id=31; Alex Lastra-Grek
[7.3.2019; 14:25:02]: id=31; Alex Lastra-Grek
[7.3.2019; 14:36:56]: id=36; Maxim Boyarsky
[7.3.2019; 14:38:37]: id=3; Dmitry Zair-Bek
[7.3.2019; 14:43:08]: id=38; Alexander Alexeev
[7.3.2019; 15:14:15]: id=26; Daniil Iglin
[7.3.2019; 15:17:09]: id=26; Daniil Iglin
[7.3.2019; 15:59:03]: id=26; Daniil Iglin
[7.3.2019; 16:00:20]: id=38; Alexander Alexeev
[7.3.2019; 17:12:28]: id=34; Maksim Novikov
[7.3.2019; 17:25:34]: id=31; Alex Lastra-Grek
[7.3.2019; 17:29:08]: id=31; Alex Lastra-Grek
[7.3.2019; 17:38:37]: id=34; Maksim Novikov
[7.3.2019; 18:42:23]: id=26; Daniil Iglin
[7.3.2019; 18:47:24]: id=38; Alexander Alexeev
[7.3.2019; 18:57:54]: id=34; Maksim Novikov
[7.3.2019; 19:16:29]: id=26; Daniil Iglin
[7.3.2019; 20:08:45]: id=34; Maksim Novikov
[7.3.2019; 20:18:44]: id=34; Maksim Novikov
[7.3.2019; 21:11:16]: id=31; Alex Lastra-Grek
