[8.2.2019; 08:03:25]: id=1; Sergei Filippov
[8.2.2019; 08:07:37]: id=1; Sergei Filippov
[8.2.2019; 08:11:15]: id=4; Mark Marvakh
[8.2.2019; 08:11:51]: id=33; vahta
[8.2.2019; 08:14:27]: id=1; Sergei Filippov
[8.2.2019; 08:19:40]: id=1; Sergei Filippov
[8.2.2019; 08:57:32]: id=15; Yuriy Gorbatko
[8.2.2019; 10:46:57]: id=1; Sergei Filippov
[8.2.2019; 10:58:36]: id=26; Daniil Iglin
[8.2.2019; 11:04:09]: id=15; Yuriy Gorbatko
[8.2.2019; 11:26:27]: id=26; Daniil Iglin
[8.2.2019; 12:32:20]: id=26; Daniil Iglin
[8.2.2019; 13:19:42]: id=26; Daniil Iglin
[8.2.2019; 13:32:49]: id=4; Mark Marvakh
[8.2.2019; 14:03:23]: id=11; Nikolay Gorelov
[8.2.2019; 14:24:56]: id=1; Sergei Filippov
[8.2.2019; 14:43:39]: id=11; Nikolay Gorelov
[8.2.2019; 14:45:34]: id=31; Alex Lastra-Grek
[8.2.2019; 14:54:33]: id=28; Maria Peskina
[8.2.2019; 15:59:02]: id=34; Maksim Novikov
[8.2.2019; 17:56:07]: id=31; Alex Lastra-Grek
[8.2.2019; 18:30:02]: id=3; Dmitry Zair-Bek
[8.2.2019; 19:11:21]: id=31; Alex Lastra-Grek
[8.2.2019; 19:25:05]: id=31; Alex Lastra-Grek
[8.2.2019; 20:34:53]: id=34; Maksim Novikov
[8.2.2019; 20:45:41]: id=31; Alex Lastra-Grek
