[8.4.2019; 10:06:03]: id=28; Maria Peskina
[8.4.2019; 10:09:50]: id=3; Dmitry Zair-Bek
[8.4.2019; 10:12:13]: id=2; Dmitry Paramonov
[8.4.2019; 11:56:17]: id=3; Dmitry Zair-Bek
[8.4.2019; 11:56:53]: id=28; Maria Peskina
[8.4.2019; 11:57:03]: id=2; Dmitry Paramonov
[8.4.2019; 12:21:52]: id=3; Dmitry Zair-Bek
[8.4.2019; 12:44:08]: id=22; Dmitry Paramonov
[8.4.2019; 13:19:46]: id=5; Konstantin Amelichev
[8.4.2019; 13:28:31]: id=3; Dmitry Zair-Bek
[8.4.2019; 13:30:35]: id=3; Dmitry Zair-Bek
[8.4.2019; 13:36:34]: id=28; Maria Peskina
[8.4.2019; 14:01:40]: id=3; Dmitry Zair-Bek
[8.4.2019; 14:02:45]: id=3; Dmitry Zair-Bek
[8.4.2019; 14:12:33]: id=28; Maria Peskina
[8.4.2019; 14:33:17]: id=26; Daniil Iglin
[8.4.2019; 14:46:08]: id=2; Dmitry Paramonov
[8.4.2019; 15:17:52]: id=1; Sergei Filippov
[8.4.2019; 15:36:29]: id=6; Roman Skibitskiy
[8.4.2019; 16:56:29]: id=5; Konstantin Amelichev
[8.4.2019; 17:03:57]: id=5; Konstantin Amelichev
[8.4.2019; 17:25:34]: id=3; Dmitry Zair-Bek
[8.4.2019; 17:27:43]: id=28; Maria Peskina
[8.4.2019; 17:30:09]: id=28; Maria Peskina
[8.4.2019; 18:27:08]: id=1; Sergei Filippov
[8.4.2019; 18:53:04]: id=6; Roman Skibitskiy
[8.4.2019; 18:53:16]: id=6; Roman Skibitskiy
[8.4.2019; 18:53:18]: id=6; Roman Skibitskiy
[8.4.2019; 18:53:42]: id=6; Roman Skibitskiy
[8.4.2019; 18:53:47]: id=6; Roman Skibitskiy
[8.4.2019; 18:53:49]: id=6; Roman Skibitskiy
[8.4.2019; 18:53:55]: id=6; Roman Skibitskiy
[8.4.2019; 18:53:57]: id=6; Roman Skibitskiy
[8.4.2019; 18:53:59]: id=6; Roman Skibitskiy
[8.4.2019; 18:54:10]: id=6; Roman Skibitskiy
[8.4.2019; 18:54:21]: id=6; Roman Skibitskiy
[8.4.2019; 18:54:29]: id=6; Roman Skibitskiy
[8.4.2019; 19:35:05]: id=7; Vladimir Blagodarov
[8.4.2019; 19:37:27]: id=2; Dmitry Paramonov
[8.4.2019; 19:37:38]: id=5; Konstantin Amelichev
[8.4.2019; 19:37:51]: id=5; Konstantin Amelichev
[8.4.2019; 19:41:01]: id=7; Vladimir Blagodarov
[8.4.2019; 19:42:26]: id=2; Dmitry Paramonov
[8.4.2019; 20:18:13]: id=5; Konstantin Amelichev
[8.4.2019; 20:18:15]: id=5; Konstantin Amelichev
[8.4.2019; 20:18:17]: id=5; Konstantin Amelichev
[8.4.2019; 20:18:19]: id=5; Konstantin Amelichev
[8.4.2019; 20:39:38]: id=6; Roman Skibitskiy
[8.4.2019; 20:40:10]: id=2; Dmitry Paramonov
[8.4.2019; 20:45:46]: id=5; Konstantin Amelichev
[8.4.2019; 21:19:18]: id=7; Vladimir Blagodarov
[8.4.2019; 21:19:28]: id=7; Vladimir Blagodarov
[8.4.2019; 21:19:38]: id=7; Vladimir Blagodarov
[8.4.2019; 21:20:20]: id=7; Vladimir Blagodarov
[8.4.2019; 21:20:30]: id=7; Vladimir Blagodarov
[8.4.2019; 21:20:52]: id=7; Vladimir Blagodarov
[8.4.2019; 21:21:01]: id=7; Vladimir Blagodarov
[8.4.2019; 21:21:24]: id=7; Vladimir Blagodarov
[8.4.2019; 21:26:23]: id=7; Vladimir Blagodarov
[8.4.2019; 21:26:47]: id=7; Vladimir Blagodarov
[8.4.2019; 21:27:09]: id=7; Vladimir Blagodarov
[8.4.2019; 21:27:19]: id=7; Vladimir Blagodarov
[8.4.2019; 21:27:29]: id=7; Vladimir Blagodarov
[8.4.2019; 21:27:39]: id=7; Vladimir Blagodarov
[8.4.2019; 21:27:49]: id=7; Vladimir Blagodarov
[8.4.2019; 21:27:59]: id=7; Vladimir Blagodarov
[8.4.2019; 21:28:33]: id=7; Vladimir Blagodarov
[8.4.2019; 21:28:52]: id=7; Vladimir Blagodarov
[8.4.2019; 21:29:02]: id=7; Vladimir Blagodarov
[8.4.2019; 21:29:12]: id=7; Vladimir Blagodarov
[8.4.2019; 21:29:22]: id=7; Vladimir Blagodarov
[8.4.2019; 21:29:32]: id=7; Vladimir Blagodarov
[8.4.2019; 21:29:42]: id=7; Vladimir Blagodarov
[8.4.2019; 21:29:52]: id=7; Vladimir Blagodarov
[8.4.2019; 21:30:02]: id=7; Vladimir Blagodarov
[8.4.2019; 21:30:12]: id=7; Vladimir Blagodarov
[8.4.2019; 21:30:22]: id=7; Vladimir Blagodarov
[8.4.2019; 21:30:32]: id=7; Vladimir Blagodarov
[8.4.2019; 21:30:42]: id=7; Vladimir Blagodarov
[8.4.2019; 21:31:31]: id=7; Vladimir Blagodarov
[8.4.2019; 21:31:41]: id=7; Vladimir Blagodarov
[8.4.2019; 21:31:51]: id=7; Vladimir Blagodarov
[8.4.2019; 21:32:01]: id=7; Vladimir Blagodarov
[8.4.2019; 21:32:11]: id=7; Vladimir Blagodarov
[8.4.2019; 21:32:21]: id=7; Vladimir Blagodarov
[8.4.2019; 21:32:31]: id=7; Vladimir Blagodarov
[8.4.2019; 21:47:08]: id=5; Konstantin Amelichev
[8.4.2019; 21:52:44]: id=1; Sergei Filippov
[8.4.2019; 22:38:41]: id=6; Roman Skibitskiy
