[9.1.2019; 07:46:24]: id=1; Sergei Filippov
[9.1.2019; 07:48:24]: id=1; Sergei Filippov
[9.1.2019; 08:08:47]: id=14; Maksim Novikov
[9.1.2019; 08:46:08]: id=2; Dmitry Paramonov
[9.1.2019; 08:46:28]: id=3; Dmitry Zair-Bek
[9.1.2019; 08:49:26]: id=5; Konstantin Amelichev
[9.1.2019; 08:55:14]: id=31; Alex Lastra-Grek
[9.1.2019; 09:52:50]: id=5; Konstantin Amelichev
[9.1.2019; 09:53:56]: id=3; Dmitry Zair-Bek
[9.1.2019; 09:59:45]: id=3; Dmitry Zair-Bek
[9.1.2019; 10:21:05]: id=3; Dmitry Zair-Bek
[9.1.2019; 10:42:32]: id=31; Alex Lastra-Grek
[9.1.2019; 10:54:26]: id=2; Dmitry Paramonov
[9.1.2019; 11:03:53]: id=14; Maksim Novikov
[9.1.2019; 11:33:47]: id=7; Vladimir Blagodarov
[9.1.2019; 11:34:31]: id=10; Sergei Skvortsov
[9.1.2019; 11:47:05]: id=2; Dmitry Paramonov
[9.1.2019; 11:49:58]: id=1; Sergei Filippov
[9.1.2019; 11:50:39]: id=5; Konstantin Amelichev
[9.1.2019; 12:00:31]: id=3; Dmitry Zair-Bek
[9.1.2019; 12:43:19]: id=22; Dmitry Paramonov
[9.1.2019; 13:54:23]: id=7; Vladimir Blagodarov
[9.1.2019; 13:55:32]: id=14; Maksim Novikov
[9.1.2019; 13:57:18]: id=3; Dmitry Zair-Bek
[9.1.2019; 13:59:14]: id=14; Maksim Novikov
[9.1.2019; 14:44:25]: id=26; Daniil Iglin
[9.1.2019; 14:47:50]: id=2; Dmitry Paramonov
[9.1.2019; 14:48:51]: id=1; Sergei Filippov
[9.1.2019; 14:56:45]: id=26; Daniil Iglin
[9.1.2019; 15:03:50]: id=22; Dmitry Paramonov
[9.1.2019; 15:06:09]: id=3; Dmitry Zair-Bek
[9.1.2019; 15:08:40]: id=31; Alex Lastra-Grek
[9.1.2019; 15:12:22]: id=5; Konstantin Amelichev
[9.1.2019; 15:20:18]: id=5; Konstantin Amelichev
[9.1.2019; 15:32:38]: id=31; Alex Lastra-Grek
[9.1.2019; 15:40:37]: id=7; Vladimir Blagodarov
[9.1.2019; 17:07:09]: id=31; Alex Lastra-Grek
[9.1.2019; 17:11:31]: id=31; Alex Lastra-Grek
[9.1.2019; 17:15:48]: id=14; Maksim Novikov
[9.1.2019; 17:39:03]: id=31; Alex Lastra-Grek
[9.1.2019; 17:50:32]: id=3; Dmitry Zair-Bek
[9.1.2019; 17:51:43]: id=2; Dmitry Paramonov
[9.1.2019; 17:54:41]: id=14; Maksim Novikov
[9.1.2019; 17:55:09]: id=14; Maksim Novikov
[9.1.2019; 17:56:06]: id=2; Dmitry Paramonov
[9.1.2019; 18:11:54]: id=7; Vladimir Blagodarov
[9.1.2019; 18:22:48]: id=3; Dmitry Zair-Bek
[9.1.2019; 18:34:14]: id=14; Maksim Novikov
[9.1.2019; 18:37:16]: id=31; Alex Lastra-Grek
[9.1.2019; 18:38:25]: id=31; Alex Lastra-Grek
[9.1.2019; 18:43:27]: id=31; Alex Lastra-Grek
[9.1.2019; 18:49:14]: id=14; Maksim Novikov
[9.1.2019; 18:56:15]: id=31; Alex Lastra-Grek
[9.1.2019; 19:02:48]: id=14; Maksim Novikov
[9.1.2019; 20:35:14]: id=3; Dmitry Zair-Bek
