[9.4.2019; 10:23:31]: id=27; Sergei Syrykh
[9.4.2019; 10:37:56]: id=33; vahta
[9.4.2019; 10:52:25]: id=27; Sergei Syrykh
[9.4.2019; 11:08:07]: id=27; Sergei Syrykh
[9.4.2019; 11:57:53]: id=7; Vladimir Blagodarov
[9.4.2019; 12:14:47]: id=3; Dmitry Zair-Bek
[9.4.2019; 13:21:47]: id=27; Sergei Syrykh
[9.4.2019; 13:24:35]: id=27; Sergei Syrykh
[9.4.2019; 13:36:56]: id=15; Yuriy Gorbatko
[9.4.2019; 13:37:21]: id=15; Yuriy Gorbatko
[9.4.2019; 13:48:20]: id=10; Sergei Skvortsov
[9.4.2019; 14:12:34]: id=3; Dmitry Zair-Bek
[9.4.2019; 14:18:56]: id=23; Igor Kornev
[9.4.2019; 14:51:55]: id=5; Konstantin Amelichev
[9.4.2019; 14:52:14]: id=5; Konstantin Amelichev
[9.4.2019; 14:52:16]: id=5; Konstantin Amelichev
[9.4.2019; 14:54:56]: id=5; Konstantin Amelichev
[9.4.2019; 15:46:50]: id=5; Konstantin Amelichev
[9.4.2019; 15:48:34]: id=5; Konstantin Amelichev
[9.4.2019; 15:48:36]: id=5; Konstantin Amelichev
[9.4.2019; 15:48:39]: id=5; Konstantin Amelichev
[9.4.2019; 16:32:40]: id=7; Vladimir Blagodarov
[9.4.2019; 18:32:07]: id=5; Konstantin Amelichev
[9.4.2019; 18:44:19]: id=5; Konstantin Amelichev
[9.4.2019; 19:11:46]: id=5; Konstantin Amelichev
[9.4.2019; 20:53:14]: id=33; vahta
